2021-31-08 12:30:13   INFO [pages.LoginPage] : Login page was opened
2021-31-08 12:30:14   INFO [pages.LoginPage] : Element was clicked
2021-31-08 12:30:15   INFO [pages.LoginPage] : 'valerinskaya99719@gmail.com'was inputted in element
2021-31-08 12:30:15   INFO [pages.LoginPage] : Element was clicked
2021-31-08 12:30:16   INFO [pages.LoginPage] : 'valery'was inputted in element
2021-31-08 12:30:16   INFO [pages.LoginPage] : 'morgan'was inputted in element
2021-31-08 12:30:17   INFO [pages.LoginPage] : '123456'was inputted in element
2021-31-08 12:30:17   INFO [pages.LoginPage] : 'test'was inputted in element
2021-31-08 12:30:17   INFO [pages.LoginPage] : 'testovich'was inputted in element
2021-31-08 12:30:17   INFO [pages.LoginPage] : '80 White St 3rd floor'was inputted in element
2021-31-08 12:30:18   INFO [pages.LoginPage] : '04201'was inputted in element
2021-31-08 12:30:18   INFO [pages.LoginPage] : 'New-York'was inputted in element
2021-31-08 12:30:18   INFO [pages.LoginPage] : '1234556789'was inputted in element
2021-31-08 12:30:18   INFO [pages.LoginPage] : 'tyk tyk'was inputted in element
2021-31-08 12:30:18   INFO [pages.LoginPage] :  1' was selected in Drop down menu
2021-31-08 12:30:49   INFO [pages.HomePage] : Element is not present
2021-31-08 12:33:13   INFO [pages.LoginPage] : Login page was opened
2021-31-08 12:33:16   INFO [pages.LoginPage] : Element was clicked
2021-31-08 12:33:16   INFO [pages.LoginPage] : 'valerinskaya99719@gmail.com'was inputted in element
2021-31-08 12:33:16   INFO [pages.LoginPage] : Element was clicked
2021-31-08 12:33:18   INFO [pages.LoginPage] : 'valery'was inputted in element
2021-31-08 12:33:18   INFO [pages.LoginPage] : 'morgan'was inputted in element
2021-31-08 12:33:19   INFO [pages.LoginPage] : '123456'was inputted in element
2021-31-08 12:33:19   INFO [pages.LoginPage] : 'test'was inputted in element
2021-31-08 12:33:19   INFO [pages.LoginPage] : 'testovich'was inputted in element
2021-31-08 12:33:19   INFO [pages.LoginPage] : '80 White St 3rd floor'was inputted in element
2021-31-08 12:33:20   INFO [pages.LoginPage] : '04201'was inputted in element
2021-31-08 12:33:20   INFO [pages.LoginPage] : 'New-York'was inputted in element
2021-31-08 12:33:20   INFO [pages.LoginPage] : '1234556789'was inputted in element
2021-31-08 12:33:20   INFO [pages.LoginPage] : 'tyk tyk'was inputted in element
2021-31-08 12:33:20   INFO [pages.LoginPage] :  1' was selected in Drop down menu
2021-31-08 12:33:51   INFO [pages.HomePage] : Element is not present
2021-31-08 12:47:05   INFO [pages.LoginPage] : Login page was opened
2021-31-08 12:47:17   INFO [pages.LoginPage] : Element was clicked
2021-31-08 12:47:17   INFO [pages.LoginPage] : 'valerinskaya99719@gmail.com'was inputted in element
2021-31-08 12:47:17   INFO [pages.LoginPage] : Element was clicked
2021-31-08 12:47:24   INFO [pages.LoginPage] : 'valery'was inputted in element
2021-31-08 12:47:24   INFO [pages.LoginPage] : 'morgan'was inputted in element
2021-31-08 12:47:24   INFO [pages.LoginPage] : '123456'was inputted in element
2021-31-08 12:47:25   INFO [pages.LoginPage] : 'test'was inputted in element
2021-31-08 12:47:25   INFO [pages.LoginPage] : 'testovich'was inputted in element
2021-31-08 12:47:25   INFO [pages.LoginPage] : '80 White St 3rd floor'was inputted in element
2021-31-08 12:47:25   INFO [pages.LoginPage] : '04201'was inputted in element
2021-31-08 12:47:26   INFO [pages.LoginPage] : 'New-York'was inputted in element
2021-31-08 12:47:26   INFO [pages.LoginPage] : '1234556789'was inputted in element
2021-31-08 12:47:26   INFO [pages.LoginPage] : 'tyk tyk'was inputted in element
2021-31-08 12:47:26   INFO [pages.LoginPage] :  2' was selected in Drop down menu
2021-31-08 12:47:57   INFO [pages.HomePage] : Element is not present
2021-31-08 12:54:55   INFO [pages.LoginPage] : Login page was opened
2021-31-08 12:55:05   INFO [pages.LoginPage] : Element was clicked
2021-31-08 12:55:06   INFO [pages.LoginPage] : 'valerinskaya99719@gmail.com'was inputted in element
2021-31-08 12:55:06   INFO [pages.LoginPage] : Element was clicked
2021-31-08 12:55:12   INFO [pages.LoginPage] : 'valery'was inputted in element
2021-31-08 12:55:13   INFO [pages.LoginPage] : 'morgan'was inputted in element
2021-31-08 12:55:13   INFO [pages.LoginPage] : '123456'was inputted in element
2021-31-08 12:55:13   INFO [pages.LoginPage] : 'test'was inputted in element
2021-31-08 12:55:13   INFO [pages.LoginPage] : 'testovich'was inputted in element
2021-31-08 12:55:14   INFO [pages.LoginPage] : '80 White St,123'was inputted in element
2021-31-08 12:55:14   INFO [pages.LoginPage] : '04201'was inputted in element
2021-31-08 12:55:14   INFO [pages.LoginPage] : 'New-York'was inputted in element
2021-31-08 12:55:14   INFO [pages.LoginPage] : '1234556789'was inputted in element
2021-31-08 12:55:15   INFO [pages.LoginPage] : 'tyk tyk'was inputted in element
2021-31-08 12:55:15   INFO [pages.LoginPage] :  2' was selected in Drop down menu
2021-31-08 12:55:45   INFO [pages.HomePage] : Element is not present
2021-31-08 12:56:27   INFO [pages.LoginPage] : Login page was opened
2021-31-08 12:56:37   INFO [pages.LoginPage] : Element was clicked
2021-31-08 12:56:38   INFO [pages.LoginPage] : 'valerinskaya99719@gmail.com'was inputted in element
2021-31-08 12:56:38   INFO [pages.LoginPage] : Element was clicked
2021-31-08 12:56:45   INFO [pages.LoginPage] : 'valery'was inputted in element
2021-31-08 12:56:45   INFO [pages.LoginPage] : 'morgan'was inputted in element
2021-31-08 12:56:45   INFO [pages.LoginPage] : '123456'was inputted in element
2021-31-08 12:56:45   INFO [pages.LoginPage] : 'test'was inputted in element
2021-31-08 12:56:46   INFO [pages.LoginPage] : 'testovich'was inputted in element
2021-31-08 12:56:46   INFO [pages.LoginPage] : '80 White St,123'was inputted in element
2021-31-08 12:56:46   INFO [pages.LoginPage] : '04201'was inputted in element
2021-31-08 12:56:46   INFO [pages.LoginPage] : 'New-York'was inputted in element
2021-31-08 12:56:47   INFO [pages.LoginPage] : '1234556789'was inputted in element
2021-31-08 12:56:47   INFO [pages.LoginPage] : 'tyk tyk'was inputted in element
2021-31-08 12:56:47   INFO [pages.LoginPage] :  2' was selected in Drop down menu
2021-31-08 12:56:47   INFO [pages.LoginPage] : Element was clicked
2021-31-08 12:57:17   INFO [pages.HomePage] : Element is not present
2021-31-08 13:06:43   INFO [pages.LoginPage] : Login page was opened
2021-31-08 13:06:48   INFO [pages.LoginPage] : Element was clicked
2021-31-08 13:06:59  ERROR [pages.LoginPage] : Can not work with element org.openqa.selenium.NoSuchWindowException: no such window: target window already closed
from unknown error: web view not found
  (Session info: chrome=92.0.4515.159)
Build info: version: '3.141.59', revision: 'e82be7d358', time: '2018-11-14T08:17:03'
System info: host: 'LAPTOP-TJ23JI33', ip: '192.168.31.183', os.name: 'Windows 10', os.arch: 'amd64', os.version: '10.0', java.version: '16.0.2'
Driver info: org.openqa.selenium.chrome.ChromeDriver
Capabilities {acceptInsecureCerts: false, browserName: chrome, browserVersion: 92.0.4515.159, chrome: {chromedriverVersion: 92.0.4515.107 (87a818b10553..., userDataDir: C:\Users\7272~1\AppData\Loc...}, goog:chromeOptions: {debuggerAddress: localhost:55852}, javascriptEnabled: true, networkConnectionEnabled: false, pageLoadStrategy: normal, platform: WINDOWS, platformName: WINDOWS, proxy: Proxy(), setWindowRect: true, strictFileInteractability: false, timeouts: {implicit: 0, pageLoad: 300000, script: 30000}, unhandledPromptBehavior: dismiss and notify, webauthn:extension:credBlob: true, webauthn:extension:largeBlob: true, webauthn:virtualAuthenticators: true}
Session ID: eefa2422b165a9440590ac9889d8bbf1
*** Element info: {Using=xpath, value=//*[@id='SubmitLogin']}
2021-31-08 13:07:38   INFO [pages.LoginPage] : Login page was opened
2021-31-08 13:07:48   INFO [pages.LoginPage] : Element was clicked
2021-31-08 13:07:48   INFO [pages.LoginPage] : 'valerinskaya9972@gmail.com'was inputted in element
2021-31-08 13:07:48   INFO [pages.LoginPage] : '.Cp9P4QtS5VatBk'was inputted in element
2021-31-08 13:08:00   INFO [pages.LoginPage] : Element was clicked
2021-31-08 13:08:13   INFO [pages.HomePage] : Element was clicked
2021-31-08 13:08:19  ERROR [pages.HomePage] : Can not work with element org.openqa.selenium.NoSuchElementException: Timed out after 5 seconds. Unable to locate the element
2021-31-08 13:10:03   INFO [pages.LoginPage] : Login page was opened
2021-31-08 13:10:14   INFO [pages.LoginPage] : Element was clicked
2021-31-08 13:10:14   INFO [pages.LoginPage] : 'valerinskaya9972@gmail.com'was inputted in element
2021-31-08 13:10:14   INFO [pages.LoginPage] : '.Cp9P4QtS5VatBk'was inputted in element
2021-31-08 13:10:26   INFO [pages.LoginPage] : Element was clicked
2021-31-08 13:10:37   INFO [pages.HomePage] : Element was clicked
2021-31-08 13:10:42  ERROR [pages.HomePage] : Can not work with element org.openqa.selenium.NoSuchElementException: Timed out after 5 seconds. Unable to locate the element
2021-31-08 13:11:25   INFO [pages.LoginPage] : Login page was opened
2021-31-08 13:11:37   INFO [pages.LoginPage] : Element was clicked
2021-31-08 13:11:38   INFO [pages.LoginPage] : 'valerinskaya9972@gmail.com'was inputted in element
2021-31-08 13:11:38   INFO [pages.LoginPage] : '.Cp9P4QtS5VatBk'was inputted in element
2021-31-08 13:11:51   INFO [pages.LoginPage] : Element was clicked
2021-31-08 13:12:04   INFO [pages.HomePage] : Element was clicked
2021-31-08 13:12:04   INFO [pages.HomePage] :  Element state
2021-31-08 13:12:10  ERROR [pages.HomePage] : Can not work with element org.openqa.selenium.NoSuchElementException: Timed out after 5 seconds. Unable to locate the element
2021-31-08 13:41:55   INFO [pages.LoginPage] : Login page was opened
2021-31-08 13:41:58   INFO [pages.LoginPage] : Element was clicked
2021-31-08 13:41:58   INFO [pages.LoginPage] : 'valerinskaya99719@gmail.com'was inputted in element
2021-31-08 13:41:59   INFO [pages.LoginPage] : Element was clicked
2021-31-08 13:42:00   INFO [pages.LoginPage] : 'valery'was inputted in element
2021-31-08 13:42:01   INFO [pages.LoginPage] : 'morgan'was inputted in element
2021-31-08 13:42:01   INFO [pages.LoginPage] : '123456'was inputted in element
2021-31-08 13:42:01   INFO [pages.LoginPage] : 'test'was inputted in element
2021-31-08 13:42:02   INFO [pages.LoginPage] : 'testovich'was inputted in element
2021-31-08 13:42:02   INFO [pages.LoginPage] : '80 White St,123'was inputted in element
2021-31-08 13:42:03   INFO [pages.LoginPage] : '04201'was inputted in element
2021-31-08 13:42:03   INFO [pages.LoginPage] : 'New-York'was inputted in element
2021-31-08 13:42:03   INFO [pages.LoginPage] : '1234556789'was inputted in element
2021-31-08 13:42:04   INFO [pages.LoginPage] : 'tyk tyk'was inputted in element
2021-31-08 13:42:04   INFO [pages.LoginPage] :  2' was selected in Drop down menu
2021-31-08 13:42:04   INFO [pages.LoginPage] : Element was clicked
2021-31-08 13:42:33   INFO [pages.LoginPage] : Login page was opened
2021-31-08 13:42:34   INFO [pages.LoginPage] : Element was clicked
2021-31-08 13:42:35   INFO [pages.LoginPage] : 'valerinskaya9972@gmail.com'was inputted in element
2021-31-08 13:42:35   INFO [pages.LoginPage] : '.Cp9P4QtS5VatBk'was inputted in element
2021-31-08 13:42:37   INFO [pages.LoginPage] : Element was clicked
2021-31-08 13:42:38   INFO [pages.HomePage] : Element was clicked
2021-31-08 13:42:39   INFO [pages.HomePage] :  Element state
2021-31-08 13:42:39   INFO [pages.HomePage] : Element was clicked
2021-31-08 13:43:09  ERROR [pages.HomePage] : Can not work with element org.openqa.selenium.NoSuchElementException: Timed out after 5 seconds. Unable to locate the element
2021-31-08 13:46:22   INFO [pages.LoginPage] : Login page was opened
2021-31-08 13:46:26   INFO [pages.LoginPage] : Element was clicked
2021-31-08 13:46:26   INFO [pages.LoginPage] : 'valerinskaya9972@gmail.com'was inputted in element
2021-31-08 13:46:27   INFO [pages.LoginPage] : '.Cp9P4QtS5VatBk'was inputted in element
2021-31-08 13:46:28   INFO [pages.LoginPage] : Element was clicked
2021-31-08 13:46:30   INFO [pages.HomePage] : Element was clicked
2021-31-08 13:46:30   INFO [pages.HomePage] :  Element state
2021-31-08 13:46:31   INFO [pages.HomePage] : Element was clicked
2021-31-08 13:47:01  ERROR [pages.HomePage] : Can not work with element org.openqa.selenium.NoSuchElementException: Timed out after 5 seconds. Unable to locate the element
2021-31-08 13:47:44   INFO [pages.LoginPage] : Login page was opened
2021-31-08 13:47:45   INFO [pages.LoginPage] : Element was clicked
2021-31-08 13:47:46   INFO [pages.LoginPage] : 'valerinskaya9972@gmail.com'was inputted in element
2021-31-08 13:47:46   INFO [pages.LoginPage] : '.Cp9P4QtS5VatBk'was inputted in element
2021-31-08 13:47:48   INFO [pages.LoginPage] : Element was clicked
2021-31-08 13:47:50   INFO [pages.HomePage] : Element was clicked
2021-31-08 13:47:50   INFO [pages.HomePage] :  Element state
2021-31-08 13:47:50   INFO [pages.HomePage] : Element was clicked
2021-31-08 13:48:21  ERROR [pages.HomePage] : Can not work with element org.openqa.selenium.NoSuchElementException: Timed out after 5 seconds. Unable to locate the element
2021-31-08 13:48:57   INFO [pages.LoginPage] : Login page was opened
2021-31-08 13:48:59   INFO [pages.LoginPage] : Element was clicked
2021-31-08 13:48:59   INFO [pages.LoginPage] : 'valerinskaya99719@gmail.com'was inputted in element
2021-31-08 13:49:00   INFO [pages.LoginPage] : Element was clicked
2021-31-08 13:49:01   INFO [pages.LoginPage] : 'valery'was inputted in element
2021-31-08 13:49:02   INFO [pages.LoginPage] : 'morgan'was inputted in element
2021-31-08 13:49:02   INFO [pages.LoginPage] : '123456'was inputted in element
2021-31-08 13:49:02   INFO [pages.LoginPage] : 'test'was inputted in element
2021-31-08 13:49:03   INFO [pages.LoginPage] : 'testovich'was inputted in element
2021-31-08 13:49:03   INFO [pages.LoginPage] : '80 White St,123'was inputted in element
2021-31-08 13:49:04   INFO [pages.LoginPage] : '04201'was inputted in element
2021-31-08 13:49:04   INFO [pages.LoginPage] : 'New-York'was inputted in element
2021-31-08 13:49:04   INFO [pages.LoginPage] : '1234556789'was inputted in element
2021-31-08 13:49:05   INFO [pages.LoginPage] : 'tyk tyk'was inputted in element
2021-31-08 13:49:05   INFO [pages.LoginPage] :  2' was selected in Drop down menu
2021-31-08 13:49:05   INFO [pages.LoginPage] : Element was clicked
2021-31-08 13:49:36   INFO [pages.HomePage] : Element is not present
2021-31-08 13:52:21   INFO [pages.LoginPage] : Login page was opened
2021-31-08 13:52:25   INFO [pages.LoginPage] : Element was clicked
2021-31-08 13:52:26   INFO [pages.LoginPage] : 'valerinskaya99719@gmail.com'was inputted in element
2021-31-08 13:52:26   INFO [pages.LoginPage] : Element was clicked
2021-31-08 13:52:28   INFO [pages.LoginPage] : 'valery'was inputted in element
2021-31-08 13:52:28   INFO [pages.LoginPage] : 'morgan'was inputted in element
2021-31-08 13:52:29   INFO [pages.LoginPage] : '123456'was inputted in element
2021-31-08 13:52:29   INFO [pages.LoginPage] : 'test'was inputted in element
2021-31-08 13:52:29   INFO [pages.LoginPage] : 'testovich'was inputted in element
2021-31-08 13:52:30   INFO [pages.LoginPage] : '80 White St,123'was inputted in element
2021-31-08 13:52:30   INFO [pages.LoginPage] : '04201'was inputted in element
2021-31-08 13:52:30   INFO [pages.LoginPage] : 'New-York'was inputted in element
2021-31-08 13:52:31   INFO [pages.LoginPage] : '1234556789'was inputted in element
2021-31-08 13:52:31   INFO [pages.LoginPage] : 'tyk tyk'was inputted in element
2021-31-08 13:52:32   INFO [pages.LoginPage] :  2' was selected in Drop down menu
2021-31-08 13:52:34   INFO [pages.LoginPage] : Element was clicked
2021-31-08 13:52:34   INFO [pages.HomePage] :  Element state
2021-31-08 13:54:41   INFO [pages.LoginPage] : Login page was opened
2021-31-08 13:54:43   INFO [pages.LoginPage] : Element was clicked
2021-31-08 13:54:43   INFO [pages.LoginPage] : 'valerinskaya9972@gmail.com'was inputted in element
2021-31-08 13:54:44   INFO [pages.LoginPage] : '.Cp9P4QtS5VatBk'was inputted in element
2021-31-08 13:54:46   INFO [pages.LoginPage] : Element was clicked
2021-31-08 13:54:48   INFO [pages.HomePage] : Element was clicked
2021-31-08 13:54:48   INFO [pages.HomePage] :  Element state
2021-31-08 13:54:48   INFO [pages.HomePage] : Element was clicked
2021-31-08 13:55:18  ERROR [pages.HomePage] : Can not work with element org.openqa.selenium.NoSuchElementException: Timed out after 5 seconds. Unable to locate the element
2021-31-08 13:56:55   INFO [pages.LoginPage] : Login page was opened
2021-31-08 13:56:57   INFO [pages.LoginPage] : Element was clicked
2021-31-08 13:56:57   INFO [pages.LoginPage] : 'valerinskaya9972@gmail.com'was inputted in element
2021-31-08 13:56:57   INFO [pages.LoginPage] : '.Cp9P4QtS5VatBk'was inputted in element
2021-31-08 13:56:59   INFO [pages.LoginPage] : Element was clicked
2021-31-08 13:57:01   INFO [pages.HomePage] : Element was clicked
2021-31-08 13:57:01   INFO [pages.HomePage] :  Element state
2021-31-08 13:57:01   INFO [pages.HomePage] : Element was clicked
2021-31-08 13:57:32  ERROR [pages.HomePage] : Can not work with element org.openqa.selenium.NoSuchElementException: Timed out after 5 seconds. Unable to locate the element
2021-31-08 14:01:05   INFO [pages.LoginPage] : Login page was opened
2021-31-08 14:01:08   INFO [pages.LoginPage] :  Element was clicked
2021-31-08 14:01:10   INFO [pages.LoginPage] : 'valerinskaya9972@gmail.com'was inputted in element
2021-31-08 14:01:10   INFO [pages.LoginPage] : '.Cp9P4QtS5VatBk'was inputted in element
2021-31-08 14:01:12   INFO [pages.LoginPage] :  Element was clicked
2021-31-08 14:01:15   INFO [pages.HomePage] :  Element was clicked
2021-31-08 14:01:15   INFO [pages.HomePage] :  Element state
2021-31-08 14:01:15   INFO [pages.HomePage] :  Element was clicked
2021-31-08 14:02:01  ERROR [pages.HomePage] : Can not work with element org.openqa.selenium.TimeoutException: Expected condition failed: waiting for element to be clickable: Add To Card (tried for 10 second(s) with 500 milliseconds interval)
2021-31-08 14:04:33   INFO [pages.LoginPage] : Login page was opened
2021-31-08 14:04:35   INFO [pages.LoginPage] :  Element was clicked
2021-31-08 14:04:35   INFO [pages.LoginPage] : 'valerinskaya9972@gmail.com'was inputted in element
2021-31-08 14:04:35   INFO [pages.LoginPage] : '.Cp9P4QtS5VatBk'was inputted in element
2021-31-08 14:04:38   INFO [pages.LoginPage] :  Element was clicked
2021-31-08 14:04:40   INFO [pages.HomePage] :  Element was clicked
2021-31-08 14:04:40   INFO [pages.HomePage] :  Element state
2021-31-08 14:04:40   INFO [pages.HomePage] :  Element was clicked
2021-31-08 14:05:26  ERROR [pages.HomePage] : Can not work with element org.openqa.selenium.TimeoutException: Expected condition failed: waiting for element to be clickable: Add To Card (tried for 10 second(s) with 500 milliseconds interval)
2021-31-08 14:11:02   INFO [pages.LoginPage] : Login page was opened
2021-31-08 14:11:04   INFO [pages.LoginPage] :  Element was clicked
2021-31-08 14:11:05   INFO [pages.LoginPage] : 'valerinskaya9972@gmail.com'was inputted in element
2021-31-08 14:11:05   INFO [pages.LoginPage] : '.Cp9P4QtS5VatBk'was inputted in element
2021-31-08 14:11:07   INFO [pages.LoginPage] :  Element was clicked
2021-31-08 14:11:10   INFO [pages.HomePage] :  Element was clicked
2021-31-08 14:11:10   INFO [pages.HomePage] :  Element state
2021-31-08 14:11:10   INFO [pages.HomePage] :  Element was clicked
2021-31-08 14:11:55  ERROR [pages.HomePage] : Can not work with element org.openqa.selenium.TimeoutException: Expected condition failed: waiting for element to be clickable: Add To Card (tried for 15 second(s) with 500 milliseconds interval)
2021-31-08 14:13:10   INFO [pages.LoginPage] : Login page was opened
2021-31-08 14:13:13   INFO [pages.LoginPage] :  Element was clicked
2021-31-08 14:13:13   INFO [pages.LoginPage] : 'valerinskaya9972@gmail.com'was inputted in element
2021-31-08 14:13:13   INFO [pages.LoginPage] : '.Cp9P4QtS5VatBk'was inputted in element
2021-31-08 14:13:15   INFO [pages.LoginPage] :  Element was clicked
2021-31-08 14:13:18   INFO [pages.HomePage] :  Element was clicked
2021-31-08 14:13:18   INFO [pages.HomePage] :  Element state
2021-31-08 14:13:18   INFO [pages.HomePage] :  Element was clicked
2021-31-08 14:14:04  ERROR [pages.HomePage] : Can not work with element org.openqa.selenium.TimeoutException: Expected condition failed: waiting for element to be clickable: Add To Card (tried for 15 second(s) with 500 milliseconds interval)
2021-31-08 14:17:54   INFO [pages.LoginPage] : Login page was opened
2021-31-08 14:19:36   INFO [pages.LoginPage] : Login page was opened
2021-31-08 14:19:48   INFO [pages.LoginPage] :  Element was clicked
2021-31-08 14:20:02   INFO [pages.LoginPage] : 'valerinskaya9972@gmail.com'was inputted in element
2021-31-08 14:20:03   INFO [pages.LoginPage] : '.Cp9P4QtS5VatBk'was inputted in element
2021-31-08 14:20:51   INFO [pages.LoginPage] : Login page was opened
2021-31-08 14:23:11   INFO [pages.LoginPage] :  Element was clicked
2021-31-08 14:23:31   INFO [pages.LoginPage] : Login page was opened
2021-31-08 14:23:34   INFO [pages.LoginPage] : 'valerinskaya9972@gmail.com'was inputted in element
2021-31-08 14:23:34   INFO [pages.LoginPage] : '.Cp9P4QtS5VatBk'was inputted in element
2021-31-08 14:23:38   INFO [pages.HomePage] :  Element state
2021-31-08 14:24:45   INFO [pages.LoginPage] : Login page was opened
2021-31-08 14:24:48   INFO [pages.LoginPage] :  Element was clicked
2021-31-08 14:24:48   INFO [pages.LoginPage] : 'valerinskaya9972@gmail.com'was inputted in element
2021-31-08 14:24:48   INFO [pages.LoginPage] : '.Cp9P4QtS5VatBk'was inputted in element
2021-31-08 14:24:50   INFO [pages.LoginPage] :  Element was clicked
2021-31-08 14:24:53   INFO [pages.HomePage] :  Element was clicked
2021-31-08 14:24:53   INFO [pages.HomePage] :  Element state
2021-31-08 14:24:54   INFO [pages.HomePage] :  Element was clicked
2021-31-08 14:33:52   INFO [pages.LoginPage] : Login page was opened
2021-31-08 14:33:54   INFO [pages.LoginPage] :  Element was clicked
2021-31-08 14:33:55   INFO [pages.LoginPage] : 'valerinskaya9972@gmail.com'was inputted in element
2021-31-08 14:33:55   INFO [pages.LoginPage] : '.Cp9P4QtS5VatBk'was inputted in element
2021-31-08 14:33:58   INFO [pages.LoginPage] :  Element was clicked
2021-31-08 14:34:00   INFO [pages.HomePage] :  Element was clicked
2021-31-08 14:34:00   INFO [pages.HomePage] :  Element state
2021-31-08 14:34:00   INFO [pages.HomePage] :  Element was clicked
2021-31-08 14:34:46  ERROR [pages.HomePage] : Can not work with element org.openqa.selenium.TimeoutException: Expected condition failed: waiting for element to be clickable: Add To Card (tried for 15 second(s) with 500 milliseconds interval)
2021-31-08 14:42:28   INFO [pages.LoginPage] : Login page was opened
2021-31-08 14:42:30   INFO [pages.LoginPage] :  Element was clicked
2021-31-08 14:42:31   INFO [pages.LoginPage] : 'valerinskaya9972@gmail.com'was inputted in element
2021-31-08 14:42:31   INFO [pages.LoginPage] : '.Cp9P4QtS5VatBk'was inputted in element
2021-31-08 14:42:33   INFO [pages.LoginPage] :  Element was clicked
2021-31-08 14:42:37   INFO [pages.HomePage] :  Element was clicked
2021-31-08 14:42:37   INFO [pages.HomePage] :  Element state
2021-31-08 14:42:37   INFO [pages.HomePage] :  Element was clicked
2021-31-08 14:43:23  ERROR [pages.HomePage] : Can not work with element org.openqa.selenium.TimeoutException: Expected condition failed: waiting for element to be clickable: Add To Card (tried for 15 second(s) with 500 milliseconds interval)
2021-31-08 14:44:39   INFO [pages.LoginPage] : Login page was opened
2021-31-08 14:44:42   INFO [pages.LoginPage] :  Element was clicked
2021-31-08 14:44:42   INFO [pages.LoginPage] : 'valerinskaya9972@gmail.com'was inputted in element
2021-31-08 14:44:42   INFO [pages.LoginPage] : '.Cp9P4QtS5VatBk'was inputted in element
2021-31-08 14:44:45   INFO [pages.LoginPage] :  Element was clicked
2021-31-08 14:44:48   INFO [pages.HomePage] :  Element was clicked
2021-31-08 14:44:49   INFO [pages.HomePage] :  Element state
2021-31-08 14:44:49   INFO [pages.HomePage] :  Element was clicked
2021-31-08 14:46:36   INFO [pages.LoginPage] : Login page was opened
2021-31-08 14:46:37   INFO [pages.LoginPage] :  Element was clicked
2021-31-08 14:46:38   INFO [pages.LoginPage] : 'valerinskaya9972@gmail.com'was inputted in element
2021-31-08 14:46:39   INFO [pages.LoginPage] : '.Cp9P4QtS5VatBk'was inputted in element
2021-31-08 14:46:41   INFO [pages.LoginPage] :  Element was clicked
2021-31-08 14:46:43   INFO [pages.HomePage] :  Element was clicked
2021-31-08 14:46:43   INFO [pages.HomePage] :  Element state
2021-31-08 14:46:43   INFO [pages.HomePage] :  Element was clicked
2021-31-08 14:49:50   INFO [pages.LoginPage] : Login page was opened
2021-31-08 14:49:54   INFO [pages.LoginPage] :  Element was clicked
2021-31-08 14:49:54   INFO [pages.LoginPage] : 'valerinskaya9972@gmail.com'was inputted in element
2021-31-08 14:49:55   INFO [pages.LoginPage] : '.Cp9P4QtS5VatBk'was inputted in element
2021-31-08 14:49:58   INFO [pages.LoginPage] :  Element was clicked
2021-31-08 14:50:14   INFO [pages.HomePage] :  Element was clicked
2021-31-08 14:53:31   INFO [pages.LoginPage] : Login page was opened
2021-31-08 14:53:34   INFO [pages.LoginPage] :  Element was clicked
2021-31-08 14:53:35   INFO [pages.LoginPage] : 'valerinskaya9972@gmail.com'was inputted in element
2021-31-08 14:53:35   INFO [pages.LoginPage] : '.Cp9P4QtS5VatBk'was inputted in element
2021-31-08 14:53:38   INFO [pages.LoginPage] :  Element was clicked
2021-31-08 14:53:41   INFO [pages.HomePage] :  Element was clicked
2021-31-08 14:53:41   INFO [pages.HomePage] :  Element state
2021-31-08 14:53:41   INFO [pages.HomePage] :  Element was clicked
2021-31-08 14:55:12  ERROR [pages.HomePage] : Can not work with element org.openqa.selenium.TimeoutException: Expected condition failed: waiting for element to be clickable: Add To Card (tried for 15 second(s) with 500 milliseconds interval)
2021-31-08 15:12:03   INFO [pages.LoginPage] : Login page was opened
2021-31-08 15:12:05   INFO [pages.LoginPage] :  Element was clicked
2021-31-08 15:12:06   INFO [pages.LoginPage] : 'valerinskaya9972@gmail.com'was inputted in element
2021-31-08 15:12:06   INFO [pages.LoginPage] : '.Cp9P4QtS5VatBk'was inputted in element
2021-31-08 15:12:08   INFO [pages.LoginPage] :  Element was clicked
2021-31-08 15:12:10   INFO [pages.HomePage] :  Element was clicked
2021-31-08 15:12:10   INFO [pages.HomePage] :  Element state
2021-31-08 15:12:36   INFO [pages.LoginPage] : Login page was opened
2021-31-08 15:12:38   INFO [pages.LoginPage] :  Element was clicked
2021-31-08 15:12:38   INFO [pages.LoginPage] : 'valerinskaya9972@gmail.com'was inputted in element
2021-31-08 15:12:39   INFO [pages.LoginPage] : '.Cp9P4QtS5VatBk'was inputted in element
2021-31-08 15:12:41   INFO [pages.LoginPage] :  Element was clicked
2021-31-08 15:12:43   INFO [pages.HomePage] :  Element was clicked
2021-31-08 15:12:43   INFO [pages.HomePage] :  Element state
2021-31-08 15:15:10  ERROR [pages.HomePage] : Can not work with element org.openqa.selenium.TimeoutException: Expected condition failed: waiting for element to be clickable: Add Clothes (tried for 15 second(s) with 500 milliseconds interval)
2021-31-08 15:15:26   INFO [pages.LoginPage] : Login page was opened
2021-31-08 15:15:28   INFO [pages.LoginPage] :  Element was clicked
2021-31-08 15:15:29   INFO [pages.LoginPage] : 'valerinskaya9972@gmail.com'was inputted in element
2021-31-08 15:15:29   INFO [pages.LoginPage] : '.Cp9P4QtS5VatBk'was inputted in element
2021-31-08 15:15:31   INFO [pages.LoginPage] :  Element was clicked
2021-31-08 15:15:33   INFO [pages.HomePage] :  Element was clicked
2021-31-08 15:15:33   INFO [pages.HomePage] :  Element state
2021-31-08 15:15:33   INFO [pages.HomePage] :  Element was clicked
2021-31-08 15:17:04   INFO [pages.HomePage] : Element is not present
2021-31-08 15:17:19  ERROR [pages.HomePage] : Can not work with element org.openqa.selenium.TimeoutException: Expected condition failed: waiting for element to be clickable: Checkout (tried for 15 second(s) with 500 milliseconds interval)
Build info: version: '3.141.59', revision: 'e82be7d358', time: '2018-11-14T08:17:03'
System info: host: 'LAPTOP-TJ23JI33', ip: '192.168.31.183', os.name: 'Windows 10', os.arch: 'amd64', os.version: '10.0', java.version: '16.0.2'
Driver info: org.openqa.selenium.chrome.ChromeDriver
Capabilities {acceptInsecureCerts: false, browserName: chrome, browserVersion: 92.0.4515.159, chrome: {chromedriverVersion: 92.0.4515.107 (87a818b10553..., userDataDir: C:\Users\7272~1\AppData\Loc...}, goog:chromeOptions: {debuggerAddress: localhost:58655}, javascriptEnabled: true, networkConnectionEnabled: false, pageLoadStrategy: normal, platform: WINDOWS, platformName: WINDOWS, proxy: Proxy(), setWindowRect: true, strictFileInteractability: false, timeouts: {implicit: 0, pageLoad: 300000, script: 30000}, unhandledPromptBehavior: dismiss and notify, webauthn:extension:credBlob: true, webauthn:extension:largeBlob: true, webauthn:virtualAuthenticators: true}
Session ID: 4dc3015506a68c52a0f9ff84f3556a1f
2021-31-08 15:20:39   INFO [pages.LoginPage] : Login page was opened
2021-31-08 15:20:41   INFO [pages.LoginPage] :  Element was clicked
2021-31-08 15:20:41   INFO [pages.LoginPage] : 'valerinskaya9972@gmail.com'was inputted in element
2021-31-08 15:20:41   INFO [pages.LoginPage] : '.Cp9P4QtS5VatBk'was inputted in element
2021-31-08 15:20:43   INFO [pages.LoginPage] :  Element was clicked
2021-31-08 15:20:47   INFO [pages.HomePage] :  Element was clicked
2021-31-08 15:20:47   INFO [pages.HomePage] :  Element state
2021-31-08 15:20:47   INFO [pages.HomePage] :  Element was clicked
2021-31-08 15:21:23   INFO [pages.HomePage] :  Element state
2021-31-08 15:21:38  ERROR [pages.HomePage] : Can not work with element org.openqa.selenium.TimeoutException: Expected condition failed: waiting for element to be clickable: Checkout (tried for 15 second(s) with 500 milliseconds interval)
Build info: version: '3.141.59', revision: 'e82be7d358', time: '2018-11-14T08:17:03'
System info: host: 'LAPTOP-TJ23JI33', ip: '192.168.31.183', os.name: 'Windows 10', os.arch: 'amd64', os.version: '10.0', java.version: '16.0.2'
Driver info: org.openqa.selenium.chrome.ChromeDriver
Capabilities {acceptInsecureCerts: false, browserName: chrome, browserVersion: 92.0.4515.159, chrome: {chromedriverVersion: 92.0.4515.107 (87a818b10553..., userDataDir: C:\Users\7272~1\AppData\Loc...}, goog:chromeOptions: {debuggerAddress: localhost:53363}, javascriptEnabled: true, networkConnectionEnabled: false, pageLoadStrategy: normal, platform: WINDOWS, platformName: WINDOWS, proxy: Proxy(), setWindowRect: true, strictFileInteractability: false, timeouts: {implicit: 0, pageLoad: 300000, script: 30000}, unhandledPromptBehavior: dismiss and notify, webauthn:extension:credBlob: true, webauthn:extension:largeBlob: true, webauthn:virtualAuthenticators: true}
Session ID: 8c57293f2c3f20285704a0d689904928
2021-31-08 15:34:53   INFO [pages.LoginPage] : Login page was opened
2021-31-08 15:34:56   INFO [pages.LoginPage] :  Element was clicked
2021-31-08 15:34:56   INFO [pages.LoginPage] : 'valerinskaya9972@gmail.com'was inputted in element
2021-31-08 15:34:57   INFO [pages.LoginPage] : '.Cp9P4QtS5VatBk'was inputted in element
2021-31-08 15:34:59   INFO [pages.LoginPage] :  Element was clicked
2021-31-08 15:35:01   INFO [pages.HomePage] :  Element was clicked
2021-31-08 15:35:02   INFO [pages.HomePage] :  Element state
2021-31-08 15:35:17  ERROR [pages.HomePage] : Can not work with element org.openqa.selenium.TimeoutException: Expected condition failed: waiting for element to be clickable: Add Clothes (tried for 15 second(s) with 500 milliseconds interval)
Build info: version: '3.141.59', revision: 'e82be7d358', time: '2018-11-14T08:17:03'
System info: host: 'LAPTOP-TJ23JI33', ip: '192.168.31.183', os.name: 'Windows 10', os.arch: 'amd64', os.version: '10.0', java.version: '16.0.2'
Driver info: org.openqa.selenium.chrome.ChromeDriver
Capabilities {acceptInsecureCerts: false, browserName: chrome, browserVersion: 92.0.4515.159, chrome: {chromedriverVersion: 92.0.4515.107 (87a818b10553..., userDataDir: C:\Users\7272~1\AppData\Loc...}, goog:chromeOptions: {debuggerAddress: localhost:56011}, javascriptEnabled: true, networkConnectionEnabled: false, pageLoadStrategy: normal, platform: WINDOWS, platformName: WINDOWS, proxy: Proxy(), setWindowRect: true, strictFileInteractability: false, timeouts: {implicit: 0, pageLoad: 300000, script: 30000}, unhandledPromptBehavior: dismiss and notify, webauthn:extension:credBlob: true, webauthn:extension:largeBlob: true, webauthn:virtualAuthenticators: true}
Session ID: feae281db23dc5f61f8a902b53c0dfaa
2021-31-08 15:36:09   INFO [pages.LoginPage] : Login page was opened
2021-31-08 15:36:12   INFO [pages.LoginPage] :  Element was clicked
2021-31-08 15:36:12   INFO [pages.LoginPage] : 'valerinskaya9972@gmail.com'was inputted in element
2021-31-08 15:36:12   INFO [pages.LoginPage] : '.Cp9P4QtS5VatBk'was inputted in element
2021-31-08 15:36:14   INFO [pages.LoginPage] :  Element was clicked
2021-31-08 15:36:16   INFO [pages.HomePage] :  Element was clicked
2021-31-08 15:36:20   INFO [pages.HomePage] :  Element was clicked
2021-31-08 15:37:33   INFO [pages.HomePage] :  Element state
2021-31-08 15:37:43   INFO [pages.HomePage] :  Element was clicked
2021-31-08 15:37:59  ERROR [pages.HomePage] : Can not work with element org.openqa.selenium.TimeoutException: Expected condition failed: waiting for element to be clickable: Checkout (tried for 15 second(s) with 500 milliseconds interval)
Build info: version: '3.141.59', revision: 'e82be7d358', time: '2018-11-14T08:17:03'
System info: host: 'LAPTOP-TJ23JI33', ip: '192.168.31.183', os.name: 'Windows 10', os.arch: 'amd64', os.version: '10.0', java.version: '16.0.2'
Driver info: org.openqa.selenium.chrome.ChromeDriver
Capabilities {acceptInsecureCerts: false, browserName: chrome, browserVersion: 92.0.4515.159, chrome: {chromedriverVersion: 92.0.4515.107 (87a818b10553..., userDataDir: C:\Users\7272~1\AppData\Loc...}, goog:chromeOptions: {debuggerAddress: localhost:61681}, javascriptEnabled: true, networkConnectionEnabled: false, pageLoadStrategy: normal, platform: WINDOWS, platformName: WINDOWS, proxy: Proxy(), setWindowRect: true, strictFileInteractability: false, timeouts: {implicit: 0, pageLoad: 300000, script: 30000}, unhandledPromptBehavior: dismiss and notify, webauthn:extension:credBlob: true, webauthn:extension:largeBlob: true, webauthn:virtualAuthenticators: true}
Session ID: 635dbdd5cbeb7a517ab6bbd8778af61a
2021-31-08 15:40:05   INFO [pages.LoginPage] : Login page was opened
2021-31-08 15:40:08   INFO [pages.LoginPage] :  Element was clicked
2021-31-08 15:40:08   INFO [pages.LoginPage] : 'valerinskaya9972@gmail.com'was inputted in element
2021-31-08 15:40:08   INFO [pages.LoginPage] : '.Cp9P4QtS5VatBk'was inputted in element
2021-31-08 15:40:10   INFO [pages.LoginPage] :  Element was clicked
2021-31-08 15:40:13   INFO [pages.HomePage] :  Element was clicked
2021-31-08 15:40:28  ERROR [pages.HomePage] : Can not work with element org.openqa.selenium.TimeoutException: Expected condition failed: waiting for element to be clickable: Add Clothes (tried for 15 second(s) with 500 milliseconds interval)
Build info: version: '3.141.59', revision: 'e82be7d358', time: '2018-11-14T08:17:03'
System info: host: 'LAPTOP-TJ23JI33', ip: '192.168.31.183', os.name: 'Windows 10', os.arch: 'amd64', os.version: '10.0', java.version: '16.0.2'
Driver info: org.openqa.selenium.chrome.ChromeDriver
Capabilities {acceptInsecureCerts: false, browserName: chrome, browserVersion: 92.0.4515.159, chrome: {chromedriverVersion: 92.0.4515.107 (87a818b10553..., userDataDir: C:\Users\7272~1\AppData\Loc...}, goog:chromeOptions: {debuggerAddress: localhost:49234}, javascriptEnabled: true, networkConnectionEnabled: false, pageLoadStrategy: normal, platform: WINDOWS, platformName: WINDOWS, proxy: Proxy(), setWindowRect: true, strictFileInteractability: false, timeouts: {implicit: 0, pageLoad: 300000, script: 30000}, unhandledPromptBehavior: dismiss and notify, webauthn:extension:credBlob: true, webauthn:extension:largeBlob: true, webauthn:virtualAuthenticators: true}
Session ID: 8f102ddd5a55cc206ffe55bcdb1e6ca3
2021-31-08 15:40:54   INFO [pages.LoginPage] : Login page was opened
2021-31-08 15:40:55   INFO [pages.LoginPage] :  Element was clicked
2021-31-08 15:40:56   INFO [pages.LoginPage] : 'valerinskaya9972@gmail.com'was inputted in element
2021-31-08 15:40:56   INFO [pages.LoginPage] : '.Cp9P4QtS5VatBk'was inputted in element
2021-31-08 15:40:59   INFO [pages.LoginPage] :  Element was clicked
2021-31-08 15:41:01   INFO [pages.HomePage] :  Element was clicked
2021-31-08 15:41:10   INFO [pages.HomePage] :  Element was clicked
2021-31-08 15:42:25   INFO [pages.LoginPage] : Login page was opened
2021-31-08 15:42:27   INFO [pages.LoginPage] :  Element was clicked
2021-31-08 15:46:20   INFO [pages.LoginPage] : Login page was opened
2021-31-08 15:46:22   INFO [pages.LoginPage] :  Element was clicked
2021-31-08 15:46:23   INFO [pages.LoginPage] : 'valerinskaya9972@gmail.com'was inputted in element
2021-31-08 15:46:24   INFO [pages.LoginPage] : '.Cp9P4QtS5VatBk'was inputted in element
2021-31-08 15:46:29   INFO [pages.LoginPage] :  Element was clicked
2021-31-08 15:46:32   INFO [pages.HomePage] :  Element was clicked
2021-31-08 15:46:41   INFO [pages.HomePage] :  Element was clicked
2021-31-08 15:46:44   INFO [pages.HomePage] :  Element was clicked
2021-31-08 15:46:59  ERROR [pages.HomePage] : Can not work with element org.openqa.selenium.TimeoutException: Expected condition failed: waiting for element to be clickable: Checkout (tried for 15 second(s) with 500 milliseconds interval)
Build info: version: '3.141.59', revision: 'e82be7d358', time: '2018-11-14T08:17:03'
System info: host: 'LAPTOP-TJ23JI33', ip: '192.168.31.183', os.name: 'Windows 10', os.arch: 'amd64', os.version: '10.0', java.version: '16.0.2'
Driver info: org.openqa.selenium.chrome.ChromeDriver
Capabilities {acceptInsecureCerts: false, browserName: chrome, browserVersion: 92.0.4515.159, chrome: {chromedriverVersion: 92.0.4515.107 (87a818b10553..., userDataDir: C:\Users\7272~1\AppData\Loc...}, goog:chromeOptions: {debuggerAddress: localhost:51851}, javascriptEnabled: true, networkConnectionEnabled: false, pageLoadStrategy: normal, platform: WINDOWS, platformName: WINDOWS, proxy: Proxy(), setWindowRect: true, strictFileInteractability: false, timeouts: {implicit: 0, pageLoad: 300000, script: 30000}, unhandledPromptBehavior: dismiss and notify, webauthn:extension:credBlob: true, webauthn:extension:largeBlob: true, webauthn:virtualAuthenticators: true}
Session ID: be07c532ad155d00019318469a1c4fd5
2021-31-08 15:48:41   INFO [pages.LoginPage] : Login page was opened
2021-31-08 15:48:43   INFO [pages.LoginPage] :  Element was clicked
2021-31-08 15:48:44   INFO [pages.LoginPage] : 'valerinskaya9972@gmail.com'was inputted in element
2021-31-08 15:48:44   INFO [pages.LoginPage] : '.Cp9P4QtS5VatBk'was inputted in element
2021-31-08 15:48:47   INFO [pages.LoginPage] :  Element was clicked
2021-31-08 15:48:51   INFO [pages.HomePage] :  Element was clicked
2021-31-08 15:48:56   INFO [pages.HomePage] :  Element was clicked
2021-31-08 15:49:00   INFO [pages.HomePage] :  Element was clicked
2021-31-08 15:49:15  ERROR [pages.HomePage] : Can not work with element org.openqa.selenium.TimeoutException: Expected condition failed: waiting for element to be clickable: Checkout (tried for 15 second(s) with 500 milliseconds interval)
Build info: version: '3.141.59', revision: 'e82be7d358', time: '2018-11-14T08:17:03'
System info: host: 'LAPTOP-TJ23JI33', ip: '192.168.31.183', os.name: 'Windows 10', os.arch: 'amd64', os.version: '10.0', java.version: '16.0.2'
Driver info: org.openqa.selenium.chrome.ChromeDriver
Capabilities {acceptInsecureCerts: false, browserName: chrome, browserVersion: 92.0.4515.159, chrome: {chromedriverVersion: 92.0.4515.107 (87a818b10553..., userDataDir: C:\Users\7272~1\AppData\Loc...}, goog:chromeOptions: {debuggerAddress: localhost:49574}, javascriptEnabled: true, networkConnectionEnabled: false, pageLoadStrategy: normal, platform: WINDOWS, platformName: WINDOWS, proxy: Proxy(), setWindowRect: true, strictFileInteractability: false, timeouts: {implicit: 0, pageLoad: 300000, script: 30000}, unhandledPromptBehavior: dismiss and notify, webauthn:extension:credBlob: true, webauthn:extension:largeBlob: true, webauthn:virtualAuthenticators: true}
Session ID: 07b805d0cc1afe451d44d11ae96376ad
2021-31-08 15:50:04   INFO [pages.LoginPage] : Login page was opened
2021-31-08 15:50:06   INFO [pages.LoginPage] :  Element was clicked
2021-31-08 15:50:07   INFO [pages.LoginPage] : 'valerinskaya9972@gmail.com'was inputted in element
2021-31-08 15:50:07   INFO [pages.LoginPage] : '.Cp9P4QtS5VatBk'was inputted in element
2021-31-08 15:50:09   INFO [pages.LoginPage] :  Element was clicked
2021-31-08 15:50:12   INFO [pages.HomePage] :  Element was clicked
2021-31-08 15:50:17   INFO [pages.HomePage] :  Element was clicked
2021-31-08 15:50:21   INFO [pages.HomePage] :  Element was clicked
2021-31-08 15:50:36  ERROR [pages.HomePage] : Can not work with element org.openqa.selenium.TimeoutException: Expected condition failed: waiting for element to be clickable: Checkout (tried for 15 second(s) with 500 milliseconds interval)
Build info: version: '3.141.59', revision: 'e82be7d358', time: '2018-11-14T08:17:03'
System info: host: 'LAPTOP-TJ23JI33', ip: '192.168.31.183', os.name: 'Windows 10', os.arch: 'amd64', os.version: '10.0', java.version: '11.0.11'
Driver info: org.openqa.selenium.chrome.ChromeDriver
Capabilities {acceptInsecureCerts: false, browserName: chrome, browserVersion: 92.0.4515.159, chrome: {chromedriverVersion: 92.0.4515.107 (87a818b10553..., userDataDir: C:\Users\7272~1\AppData\Loc...}, goog:chromeOptions: {debuggerAddress: localhost:55836}, javascriptEnabled: true, networkConnectionEnabled: false, pageLoadStrategy: normal, platform: WINDOWS, platformName: WINDOWS, proxy: Proxy(), setWindowRect: true, strictFileInteractability: false, timeouts: {implicit: 0, pageLoad: 300000, script: 30000}, unhandledPromptBehavior: dismiss and notify, webauthn:extension:credBlob: true, webauthn:extension:largeBlob: true, webauthn:virtualAuthenticators: true}
Session ID: 47b7f985cadc513454fd5d0831ccc7f9
2021-31-08 15:51:46   INFO [pages.LoginPage] : Login page was opened
2021-31-08 15:51:48   INFO [pages.LoginPage] :  Element was clicked
2021-31-08 15:51:48   INFO [pages.LoginPage] : 'valerinskaya99719@gmail.com'was inputted in element
2021-31-08 15:51:48   INFO [pages.LoginPage] :  Element was clicked
2021-31-08 15:52:27   INFO [pages.LoginPage] : Login page was opened
2021-31-08 15:52:30   INFO [pages.LoginPage] :  Element was clicked
2021-31-08 15:52:32   INFO [pages.LoginPage] : 'valerinskaya997190@gmail.com'was inputted in element
2021-31-08 15:52:32   INFO [pages.LoginPage] :  Element was clicked
2021-31-08 15:52:35   INFO [pages.LoginPage] : 'valery'was inputted in element
2021-31-08 15:52:35   INFO [pages.LoginPage] : 'morgan'was inputted in element
2021-31-08 15:52:35   INFO [pages.LoginPage] : '123456'was inputted in element
2021-31-08 15:52:36   INFO [pages.LoginPage] : 'test'was inputted in element
2021-31-08 15:52:36   INFO [pages.LoginPage] : 'testovich'was inputted in element
2021-31-08 15:52:36   INFO [pages.LoginPage] : '80 White St,123'was inputted in element
2021-31-08 15:52:36   INFO [pages.LoginPage] : '04201'was inputted in element
2021-31-08 15:52:36   INFO [pages.LoginPage] : 'New-York'was inputted in element
2021-31-08 15:52:37   INFO [pages.LoginPage] : '1234556789'was inputted in element
2021-31-08 15:52:37   INFO [pages.LoginPage] : 'tyk tyk'was inputted in element
2021-31-08 15:52:37   INFO [pages.LoginPage] :  2' was selected in Drop down menu
2021-31-08 15:52:40   INFO [pages.LoginPage] :  Element was clicked
2021-31-08 15:52:40   INFO [pages.HomePage] :  Element state
2021-31-08 15:53:11   INFO [pages.LoginPage] : Login page was opened
2021-31-08 15:53:13   INFO [pages.LoginPage] :  Element was clicked
2021-31-08 15:53:13   INFO [pages.LoginPage] : 'valerinskaya9972@gmail.com'was inputted in element
2021-31-08 15:53:14   INFO [pages.LoginPage] : '.Cp9P4QtS5VatBk'was inputted in element
2021-31-08 15:53:15   INFO [pages.LoginPage] :  Element was clicked
2021-31-08 15:53:15   INFO [pages.HomePage] :  Element state
2021-31-08 15:54:17   INFO [pages.LoginPage] : Login page was opened
2021-31-08 15:54:23   INFO [pages.LoginPage] :  Element was clicked
2021-31-08 15:54:23   INFO [pages.LoginPage] : 'valerinskaya9972@gmail.com'was inputted in element
2021-31-08 15:54:23   INFO [pages.LoginPage] : '.Cp9P4QtS5VatBk'was inputted in element
2021-31-08 15:54:25   INFO [pages.LoginPage] :  Element was clicked
2021-31-08 15:54:25   INFO [pages.HomePage] :  Element state
2021-31-08 15:56:35   INFO [pages.LoginPage] : Login page was opened
2021-31-08 15:56:37   INFO [pages.LoginPage] :  Element was clicked
2021-31-08 15:56:38   INFO [pages.LoginPage] : 'valerinskaya9972@gmail.com'was inputted in element
2021-31-08 15:56:38   INFO [pages.LoginPage] : '.Cp9P4QtS5VatBk'was inputted in element
2021-31-08 15:56:40   INFO [pages.LoginPage] :  Element was clicked
2021-31-08 15:56:44   INFO [pages.HomePage] :  Element was clicked
2021-31-08 15:56:48   INFO [pages.HomePage] :  Element was clicked
2021-31-08 15:56:51   INFO [pages.HomePage] :  Element was clicked
2021-31-08 15:57:07  ERROR [pages.HomePage] : Can not work with element org.openqa.selenium.TimeoutException: Expected condition failed: waiting for element to be clickable: Checkout (tried for 15 second(s) with 500 milliseconds interval)
Build info: version: '3.141.59', revision: 'e82be7d358', time: '2018-11-14T08:17:03'
System info: host: 'LAPTOP-TJ23JI33', ip: '192.168.31.183', os.name: 'Windows 10', os.arch: 'amd64', os.version: '10.0', java.version: '16.0.2'
Driver info: org.openqa.selenium.chrome.ChromeDriver
Capabilities {acceptInsecureCerts: false, browserName: chrome, browserVersion: 92.0.4515.159, chrome: {chromedriverVersion: 92.0.4515.107 (87a818b10553..., userDataDir: C:\Users\7272~1\AppData\Loc...}, goog:chromeOptions: {debuggerAddress: localhost:55312}, javascriptEnabled: true, networkConnectionEnabled: false, pageLoadStrategy: normal, platform: WINDOWS, platformName: WINDOWS, proxy: Proxy(), setWindowRect: true, strictFileInteractability: false, timeouts: {implicit: 0, pageLoad: 300000, script: 30000}, unhandledPromptBehavior: dismiss and notify, webauthn:extension:credBlob: true, webauthn:extension:largeBlob: true, webauthn:virtualAuthenticators: true}
Session ID: befc535c44d351f7d512a989c7585a9a
2021-31-08 16:05:12   INFO [pages.LoginPage] : Login page was opened
2021-31-08 16:05:14   INFO [pages.LoginPage] :  Element was clicked
2021-31-08 16:05:14   INFO [pages.LoginPage] : 'valerinskaya9972@gmail.com'was inputted in element
2021-31-08 16:05:15   INFO [pages.LoginPage] : '.Cp9P4QtS5VatBk'was inputted in element
2021-31-08 16:05:17   INFO [pages.LoginPage] :  Element was clicked
2021-31-08 16:05:20   INFO [pages.HomePage] :  Element was clicked
2021-31-08 16:05:35  ERROR [pages.HomePage] : Can not work with element org.openqa.selenium.TimeoutException: Expected condition failed: waiting for element to be clickable: Add Cards (tried for 15 second(s) with 500 milliseconds interval)
Build info: version: '3.141.59', revision: 'e82be7d358', time: '2018-11-14T08:17:03'
System info: host: 'LAPTOP-TJ23JI33', ip: '192.168.31.183', os.name: 'Windows 10', os.arch: 'amd64', os.version: '10.0', java.version: '16.0.2'
Driver info: org.openqa.selenium.chrome.ChromeDriver
Capabilities {acceptInsecureCerts: false, browserName: chrome, browserVersion: 92.0.4515.159, chrome: {chromedriverVersion: 92.0.4515.107 (87a818b10553..., userDataDir: C:\Users\7272~1\AppData\Loc...}, goog:chromeOptions: {debuggerAddress: localhost:59365}, javascriptEnabled: true, networkConnectionEnabled: false, pageLoadStrategy: normal, platform: WINDOWS, platformName: WINDOWS, proxy: Proxy(), setWindowRect: true, strictFileInteractability: false, timeouts: {implicit: 0, pageLoad: 300000, script: 30000}, unhandledPromptBehavior: dismiss and notify, webauthn:extension:credBlob: true, webauthn:extension:largeBlob: true, webauthn:virtualAuthenticators: true}
Session ID: 90a979bbe1372ab005a56c94a40b20ab
2021-31-08 16:16:51   INFO [pages.LoginPage] : Login page was opened
2021-31-08 16:16:53   INFO [pages.LoginPage] :  Element was clicked
2021-31-08 16:16:53   INFO [pages.LoginPage] : 'valerinskaya9972@gmail.com'was inputted in element
2021-31-08 16:16:54   INFO [pages.LoginPage] : '.Cp9P4QtS5VatBk'was inputted in element
2021-31-08 16:16:57   INFO [pages.LoginPage] :  Element was clicked
2021-31-08 16:17:00   INFO [pages.HomePage] :  Element was clicked
2021-31-08 16:17:15  ERROR [pages.HomePage] : Can not work with element org.openqa.selenium.TimeoutException: Expected condition failed: waiting for element to be clickable: Add Cards (tried for 15 second(s) with 500 milliseconds interval)
Build info: version: '3.141.59', revision: 'e82be7d358', time: '2018-11-14T08:17:03'
System info: host: 'LAPTOP-TJ23JI33', ip: '192.168.31.183', os.name: 'Windows 10', os.arch: 'amd64', os.version: '10.0', java.version: '16.0.2'
Driver info: org.openqa.selenium.chrome.ChromeDriver
Capabilities {acceptInsecureCerts: false, browserName: chrome, browserVersion: 92.0.4515.159, chrome: {chromedriverVersion: 92.0.4515.107 (87a818b10553..., userDataDir: C:\Users\7272~1\AppData\Loc...}, goog:chromeOptions: {debuggerAddress: localhost:58307}, javascriptEnabled: true, networkConnectionEnabled: false, pageLoadStrategy: normal, platform: WINDOWS, platformName: WINDOWS, proxy: Proxy(), setWindowRect: true, strictFileInteractability: false, timeouts: {implicit: 0, pageLoad: 300000, script: 30000}, unhandledPromptBehavior: dismiss and notify, webauthn:extension:credBlob: true, webauthn:extension:largeBlob: true, webauthn:virtualAuthenticators: true}
Session ID: abeb88fb0dfe107b6c708ae3ab89c5cb
2021-31-08 16:17:34   INFO [pages.LoginPage] : Login page was opened
2021-31-08 16:17:38   INFO [pages.LoginPage] :  Element was clicked
2021-31-08 16:17:38   INFO [pages.LoginPage] : 'valerinskaya9972@gmail.com'was inputted in element
2021-31-08 16:17:39   INFO [pages.LoginPage] : '.Cp9P4QtS5VatBk'was inputted in element
2021-31-08 16:17:41   INFO [pages.LoginPage] :  Element was clicked
2021-31-08 16:17:45   INFO [pages.HomePage] :  Element was clicked
2021-31-08 16:18:02  ERROR [pages.HomePage] : Can not work with element org.openqa.selenium.WebDriverException: chrome not reachable
  (Session info: chrome=92.0.4515.159)
Build info: version: '3.141.59', revision: 'e82be7d358', time: '2018-11-14T08:17:03'
System info: host: 'LAPTOP-TJ23JI33', ip: '192.168.31.183', os.name: 'Windows 10', os.arch: 'amd64', os.version: '10.0', java.version: '16.0.2'
Driver info: org.openqa.selenium.chrome.ChromeDriver
Capabilities {acceptInsecureCerts: false, browserName: chrome, browserVersion: 92.0.4515.159, chrome: {chromedriverVersion: 92.0.4515.107 (87a818b10553..., userDataDir: C:\Users\7272~1\AppData\Loc...}, goog:chromeOptions: {debuggerAddress: localhost:60105}, javascriptEnabled: true, networkConnectionEnabled: false, pageLoadStrategy: normal, platform: WINDOWS, platformName: WINDOWS, proxy: Proxy(), setWindowRect: true, strictFileInteractability: false, timeouts: {implicit: 0, pageLoad: 300000, script: 30000}, unhandledPromptBehavior: dismiss and notify, webauthn:extension:credBlob: true, webauthn:extension:largeBlob: true, webauthn:virtualAuthenticators: true}
Session ID: 2fc110218e8e7c57282a5f257e99887c
2021-31-08 16:20:27   INFO [pages.LoginPage] : Login page was opened
2021-31-08 16:20:31   INFO [pages.LoginPage] :  Element was clicked
2021-31-08 16:20:31   INFO [pages.LoginPage] : 'valerinskaya9972@gmail.com'was inputted in element
2021-31-08 16:20:31   INFO [pages.LoginPage] : '.Cp9P4QtS5VatBk'was inputted in element
2021-31-08 16:20:34   INFO [pages.LoginPage] :  Element was clicked
2021-31-08 16:20:36   INFO [pages.HomePage] :  Element was clicked
2021-31-08 16:20:53  ERROR [pages.HomePage] : Can not work with element org.openqa.selenium.TimeoutException: Expected condition failed: waiting for element to be clickable: Add Cards (tried for 15 second(s) with 500 milliseconds interval)
2021-31-08 16:21:56   INFO [pages.LoginPage] : Login page was opened
2021-31-08 16:21:59   INFO [pages.LoginPage] :  Element was clicked
2021-31-08 16:21:59   INFO [pages.LoginPage] : 'valerinskaya9972@gmail.com'was inputted in element
2021-31-08 16:21:59   INFO [pages.LoginPage] : '.Cp9P4QtS5VatBk'was inputted in element
2021-31-08 16:22:01   INFO [pages.LoginPage] :  Element was clicked
2021-31-08 16:22:04   INFO [pages.HomePage] :  Element was clicked
2021-31-08 16:22:20  ERROR [pages.HomePage] : Can not work with element org.openqa.selenium.WebDriverException: chrome not reachable
  (Session info: chrome=92.0.4515.159)
Build info: version: '3.141.59', revision: 'e82be7d358', time: '2018-11-14T08:17:03'
System info: host: 'LAPTOP-TJ23JI33', ip: '192.168.31.183', os.name: 'Windows 10', os.arch: 'amd64', os.version: '10.0', java.version: '16.0.2'
Driver info: org.openqa.selenium.chrome.ChromeDriver
Capabilities {acceptInsecureCerts: false, browserName: chrome, browserVersion: 92.0.4515.159, chrome: {chromedriverVersion: 92.0.4515.107 (87a818b10553..., userDataDir: C:\Users\7272~1\AppData\Loc...}, goog:chromeOptions: {debuggerAddress: localhost:52994}, javascriptEnabled: true, networkConnectionEnabled: false, pageLoadStrategy: normal, platform: WINDOWS, platformName: WINDOWS, proxy: Proxy(), setWindowRect: true, strictFileInteractability: false, timeouts: {implicit: 0, pageLoad: 300000, script: 30000}, unhandledPromptBehavior: dismiss and notify, webauthn:extension:credBlob: true, webauthn:extension:largeBlob: true, webauthn:virtualAuthenticators: true}
Session ID: 118a40cc887d3362d2344d01abc76c80
*** Element info: {Using=xpath, value=//a[@data-id-product='1']//span]}
2021-31-08 16:24:26   INFO [pages.LoginPage] : Login page was opened
2021-31-08 16:24:29   INFO [pages.LoginPage] :  Element was clicked
2021-31-08 16:24:29   INFO [pages.LoginPage] : 'valerinskaya9972@gmail.com'was inputted in element
2021-31-08 16:24:30   INFO [pages.LoginPage] : '.Cp9P4QtS5VatBk'was inputted in element
2021-31-08 16:24:32   INFO [pages.LoginPage] :  Element was clicked
2021-31-08 16:24:35   INFO [pages.HomePage] :  Element was clicked
2021-31-08 16:24:51  ERROR [pages.HomePage] : Can not work with element org.openqa.selenium.TimeoutException: Expected condition failed: waiting for element to be clickable: Add Cards (tried for 15 second(s) with 500 milliseconds interval)
2021-31-08 17:06:35   INFO [pages.LoginPage] : Login page was opened
2021-31-08 17:06:37   INFO [pages.LoginPage] :  Element was clicked
2021-31-08 17:06:38   INFO [pages.LoginPage] : 'valerinskaya9972@gmail.com'was inputted in element
2021-31-08 17:06:38   INFO [pages.LoginPage] : '.Cp9P4QtS5VatBk'was inputted in element
2021-31-08 17:06:39   INFO [pages.LoginPage] :  Element was clicked
2021-31-08 17:06:43   INFO [pages.HomePage] :  Element was clicked
2021-31-08 17:06:59  ERROR [pages.HomePage] : Can not work with element org.openqa.selenium.TimeoutException: Expected condition failed: waiting for element to be clickable: Add Cards (tried for 15 second(s) with 500 milliseconds interval)
2021-31-08 17:09:27   INFO [pages.LoginPage] : Login page was opened
2021-31-08 17:09:29   INFO [pages.LoginPage] :  Element was clicked
2021-31-08 17:09:29   INFO [pages.LoginPage] : 'valerinskaya9972@gmail.com'was inputted in element
2021-31-08 17:09:30   INFO [pages.LoginPage] : '.Cp9P4QtS5VatBk'was inputted in element
2021-31-08 17:09:31   INFO [pages.LoginPage] :  Element was clicked
2021-31-08 17:09:34   INFO [pages.HomePage] :  Element was clicked
2021-31-08 17:09:50  ERROR [pages.HomePage] : Can not work with element org.openqa.selenium.TimeoutException: Expected condition failed: waiting for element to be clickable: Add Cards (tried for 15 second(s) with 500 milliseconds interval)
2021-01-09 01:34:54   INFO [pages.LoginPage] : Login page was opened
2021-01-09 01:34:54   INFO [pages.HomePage] : 'Blouse'was inputted in element 'Seacrh Field '
2021-01-09 01:35:05   INFO [pages.HomePage] :  'Click On Seacrch Button ' Element was clicked
2021-01-09 01:35:10   INFO [pages.HomePage] : Element is not present
2021-01-09 01:49:38   INFO [pages.LoginPage] : Login page was opened
2021-01-09 01:49:38   INFO [pages.HomePage] : 'Blouse'was inputted in element 'Seacrh Field '
2021-01-09 01:49:39   INFO [pages.HomePage] :  'Click On Seacrch Button ' Element was clicked
2021-01-09 01:49:44   INFO [pages.HomePage] : Element is not present
2021-01-09 01:51:13   INFO [pages.LoginPage] : Login page was opened
2021-01-09 01:51:14   INFO [pages.HomePage] : 'Blouse'was inputted in element 'Seacrh Field '
2021-01-09 01:51:26   INFO [pages.HomePage] :  'Click On Seacrch Button ' Element was clicked
2021-01-09 01:51:26   INFO [pages.HomePage] :  'Check Clothes Existing ' Element state
2021-01-09 01:56:44   INFO [pages.LoginPage] : Login page was opened
2021-01-09 01:56:45   INFO [pages.HomePage] : 'Blouse'was inputted in element 'Seacrh Field '
2021-01-09 01:57:08   INFO [pages.HomePage] :  'Click On Seacrch Button ' Element was clicked
2021-01-09 01:57:08   INFO [pages.HomePage] :  'Check Clothes Existing 'Element is present
2021-01-09 02:07:00   INFO [pages.LoginPage] : Login page was opened
2021-01-09 02:07:06   INFO [pages.LoginPage] :  Element was clicked
2021-01-09 02:07:06   INFO [pages.LoginPage] : 'valerinskaya9972@gmail.com'was inputted in element
2021-01-09 02:07:06   INFO [pages.LoginPage] : '.Cp9P4QtS5VatBk'was inputted in element
2021-01-09 02:07:12   INFO [pages.LoginPage] :  Element was clicked
2021-01-09 02:07:29   INFO [pages.HomePage] :  Element was clicked
2021-01-09 02:07:43   INFO [pages.HomePage] :  Element was clicked
2021-01-09 02:08:00  ERROR [pages.HomePage] : Can not work with element org.openqa.selenium.TimeoutException: Expected condition failed: waiting for element to be clickable: Checkout (tried for 15 second(s) with 500 milliseconds interval)
2021-01-09 02:13:02   INFO [pages.LoginPage] : Login page was opened
2021-01-09 02:13:11   INFO [pages.LoginPage] :  Element was clicked
2021-01-09 02:13:11   INFO [pages.LoginPage] : 'valerinskaya9972@gmail.com'was inputted in element
2021-01-09 02:13:11   INFO [pages.LoginPage] : '.Cp9P4QtS5VatBk'was inputted in element
2021-01-09 02:13:33   INFO [pages.LoginPage] :  Element was clicked
2021-01-09 02:13:37   INFO [pages.HomePage] :  Element was clicked
2021-01-09 02:13:59   INFO [pages.HomePage] :  Element was clicked
2021-01-09 02:13:59   INFO [pages.HomePage] :  'Click On Add To Cart ' Element was clicked
2021-01-09 02:14:16  ERROR [pages.HomePage] : Can not work with element org.openqa.selenium.TimeoutException: Expected condition failed: waiting for element to be clickable: Checkout (tried for 15 second(s) with 500 milliseconds interval)
2021-01-09 02:16:12   INFO [pages.LoginPage] : Login page was opened
2021-01-09 02:16:20   INFO [pages.LoginPage] :  Element was clicked
2021-01-09 02:16:21   INFO [pages.LoginPage] : 'valerinskaya9972@gmail.com'was inputted in element
2021-01-09 02:16:21   INFO [pages.LoginPage] : '.Cp9P4QtS5VatBk'was inputted in element
2021-01-09 02:16:38   INFO [pages.LoginPage] :  Element was clicked
2021-01-09 02:16:42   INFO [pages.HomePage] :  Element was clicked
2021-01-09 02:16:50   INFO [pages.HomePage] :  Element was clicked
2021-01-09 02:16:50   INFO [pages.HomePage] :  'Click On Add To Cart ' Element was clicked
2021-01-09 02:16:59   INFO [pages.HomePage] :  Element was clicked
2021-01-09 02:17:15  ERROR [pages.HomePage] : Can not work with element org.openqa.selenium.TimeoutException: Expected condition failed: waiting for element to be clickable: Checkout (tried for 15 second(s) with 500 milliseconds interval)
Build info: version: '3.141.59', revision: 'e82be7d358', time: '2018-11-14T08:17:03'
System info: host: 'LAPTOP-TJ23JI33', ip: '192.168.31.183', os.name: 'Windows 10', os.arch: 'amd64', os.version: '10.0', java.version: '16.0.2'
Driver info: org.openqa.selenium.chrome.ChromeDriver
Capabilities {acceptInsecureCerts: false, browserName: chrome, browserVersion: 92.0.4515.159, chrome: {chromedriverVersion: 92.0.4515.107 (87a818b10553..., userDataDir: C:\Users\7272~1\AppData\Loc...}, goog:chromeOptions: {debuggerAddress: localhost:52624}, javascriptEnabled: true, networkConnectionEnabled: false, pageLoadStrategy: normal, platform: WINDOWS, platformName: WINDOWS, proxy: Proxy(), setWindowRect: true, strictFileInteractability: false, timeouts: {implicit: 0, pageLoad: 300000, script: 30000}, unhandledPromptBehavior: dismiss and notify, webauthn:extension:credBlob: true, webauthn:extension:largeBlob: true, webauthn:virtualAuthenticators: true}
Session ID: 4ce487251dc209fb82bdbc22c52eb1fd
2021-01-09 14:52:51   INFO [pages.LoginPage] : Login page was opened
2021-01-09 14:53:00   INFO [pages.LoginPage] :  Element was clicked
2021-01-09 14:53:00   INFO [pages.LoginPage] : 'valerinskaya9972@gmail.com'was inputted in element
2021-01-09 14:53:00   INFO [pages.LoginPage] : '.Cp9P4QtS5VatBk'was inputted in element
2021-01-09 14:53:10   INFO [pages.LoginPage] :  Element was clicked
2021-01-09 14:53:22   INFO [pages.HomePage] :  Element was clicked
2021-01-09 14:53:38  ERROR [pages.HomePage] : Can not work with element org.openqa.selenium.TimeoutException: Expected condition failed: waiting for element to be clickable: Click On Image (tried for 15 second(s) with 500 milliseconds interval)
2021-01-09 14:53:56   INFO [pages.LoginPage] : Login page was opened
2021-01-09 14:54:08   INFO [pages.LoginPage] :  Element was clicked
2021-01-09 14:54:08   INFO [pages.LoginPage] : 'valerinskaya9972@gmail.com'was inputted in element
2021-01-09 14:54:08   INFO [pages.LoginPage] : '.Cp9P4QtS5VatBk'was inputted in element
2021-01-09 14:54:20   INFO [pages.LoginPage] :  Element was clicked
2021-01-09 14:54:31   INFO [pages.HomePage] :  Element was clicked
2021-01-09 14:54:48  ERROR [pages.HomePage] : Can not work with element org.openqa.selenium.WebDriverException: chrome not reachable
  (Session info: chrome=92.0.4515.159)
Build info: version: '3.141.59', revision: 'e82be7d358', time: '2018-11-14T08:17:03'
System info: host: 'LAPTOP-TJ23JI33', ip: '192.168.31.183', os.name: 'Windows 10', os.arch: 'amd64', os.version: '10.0', java.version: '16.0.2'
Driver info: org.openqa.selenium.chrome.ChromeDriver
Capabilities {acceptInsecureCerts: false, browserName: chrome, browserVersion: 92.0.4515.159, chrome: {chromedriverVersion: 92.0.4515.107 (87a818b10553..., userDataDir: C:\Users\7272~1\AppData\Loc...}, goog:chromeOptions: {debuggerAddress: localhost:61994}, javascriptEnabled: true, networkConnectionEnabled: false, pageLoadStrategy: normal, platform: WINDOWS, platformName: WINDOWS, proxy: Proxy(), setWindowRect: true, strictFileInteractability: false, timeouts: {implicit: 0, pageLoad: 300000, script: 30000}, unhandledPromptBehavior: dismiss and notify, webauthn:extension:credBlob: true, webauthn:extension:largeBlob: true, webauthn:virtualAuthenticators: true}
Session ID: e503a36390118293bfc9e349fae1da7a
*** Element info: {Using=xpath, value=//img[@alt= 'Faded Short Sleeve T-shirts']]}
2021-01-09 15:06:26   INFO [pages.LoginPage] : Login page was opened
2021-01-09 15:06:39   INFO [pages.LoginPage] :  Element was clicked
2021-01-09 15:06:39   INFO [pages.LoginPage] : 'valerinskaya9972@gmail.com'was inputted in element
2021-01-09 15:06:39   INFO [pages.LoginPage] : '.Cp9P4QtS5VatBk'was inputted in element
2021-01-09 15:06:52   INFO [pages.LoginPage] :  Element was clicked
2021-01-09 15:07:05   INFO [pages.HomePage] :  Element was clicked
2021-01-09 15:07:05   INFO [pages.HomePage] :  Element was clicked
2021-01-09 15:16:12   INFO [pages.LoginPage] : Login page was opened
2021-01-09 15:16:22   INFO [pages.LoginPage] :  Element was clicked
2021-01-09 15:16:23   INFO [pages.LoginPage] : 'valerinskaya9972@gmail.com'was inputted in element
2021-01-09 15:16:23   INFO [pages.LoginPage] : '.Cp9P4QtS5VatBk'was inputted in element
2021-01-09 15:16:23   INFO [pages.LoginPage] :  Element was clicked
2021-01-09 15:17:53  ERROR [pages.HomePage] : Can not work with element org.openqa.selenium.TimeoutException: Expected condition failed: waiting for element to be clickable: Returnto Home (tried for 15 second(s) with 500 milliseconds interval)
2021-01-09 15:27:42   INFO [pages.LoginPage] : Login page was opened
2021-01-09 15:27:53   INFO [pages.LoginPage] :  Element was clicked
2021-01-09 15:27:54   INFO [pages.LoginPage] : 'valerinskaya9972@gmail.com'was inputted in element
2021-01-09 15:27:54   INFO [pages.LoginPage] : '.Cp9P4QtS5VatBk'was inputted in element
2021-01-09 15:28:05   INFO [pages.LoginPage] :  Element was clicked
2021-01-09 15:28:15   INFO [pages.HomePage] :  Element was clicked
2021-01-09 15:28:15   INFO [pages.HomePage] :  Element was clicked
2021-01-09 15:29:01  ERROR [pages.HomePage] : Can not work with element org.openqa.selenium.TimeoutException: Expected condition failed: waiting for element to be clickable: Click On Add To Cart (tried for 15 second(s) with 500 milliseconds interval)
2021-01-09 16:15:09   INFO [pages.LoginPage] : Login page was opened
2021-01-09 16:15:20   INFO [pages.LoginPage] :  Element was clicked
2021-01-09 16:15:20   INFO [pages.LoginPage] : 'valerinskaya9972@gmail.com'was inputted in element
2021-01-09 16:15:21   INFO [pages.LoginPage] : '.Cp9P4QtS5VatBk'was inputted in element
2021-01-09 16:15:33   INFO [pages.LoginPage] :  Element was clicked
2021-01-09 16:15:41   INFO [pages.HomePage] :  Element was clicked
2021-01-09 16:15:41   INFO [pages.HomePage] :  Element was clicked
2021-01-09 16:16:30  ERROR [pages.HomePage] : Can not work with element org.openqa.selenium.TimeoutException: Expected condition failed: waiting for element to be clickable: Click On Add To Cart (tried for 15 second(s) with 500 milliseconds interval)
2021-01-09 16:17:41   INFO [pages.LoginPage] : Login page was opened
2021-01-09 16:17:53   INFO [pages.LoginPage] :  Element was clicked
2021-01-09 16:17:53   INFO [pages.LoginPage] : 'valerinskaya9972@gmail.com'was inputted in element
2021-01-09 16:17:53   INFO [pages.LoginPage] : '.Cp9P4QtS5VatBk'was inputted in element
2021-01-09 16:18:05   INFO [pages.LoginPage] :  Element was clicked
2021-01-09 16:18:18   INFO [pages.HomePage] :  Element was clicked
2021-01-09 16:18:18   INFO [pages.HomePage] :  Element was clicked
2021-01-09 16:19:10  ERROR [pages.HomePage] : Can not work with element org.openqa.selenium.TimeoutException: Expected condition failed: waiting for element to be clickable: Click On Add To Cart (tried for 15 second(s) with 500 milliseconds interval)
2021-01-09 16:19:59   INFO [pages.LoginPage] : Login page was opened
2021-01-09 16:20:08   INFO [pages.LoginPage] :  Element was clicked
2021-01-09 16:20:08   INFO [pages.LoginPage] : 'valerinskaya9972@gmail.com'was inputted in element
2021-01-09 16:20:08   INFO [pages.LoginPage] : '.Cp9P4QtS5VatBk'was inputted in element
2021-01-09 16:20:19   INFO [pages.LoginPage] :  Element was clicked
2021-01-09 16:20:30   INFO [pages.HomePage] :  Element was clicked
2021-01-09 16:20:30   INFO [pages.HomePage] :  Element was clicked
2021-01-09 16:28:07   INFO [pages.LoginPage] : Login page was opened
2021-01-09 16:28:17   INFO [pages.LoginPage] :  Element was clicked
2021-01-09 16:28:18   INFO [pages.LoginPage] : 'valerinskaya9972@gmail.com'was inputted in element
2021-01-09 16:28:18   INFO [pages.LoginPage] : '.Cp9P4QtS5VatBk'was inputted in element
2021-01-09 16:28:29   INFO [pages.LoginPage] :  Element was clicked
2021-01-09 16:28:40   INFO [pages.HomePage] :  Element was clicked
2021-01-09 16:28:40   INFO [pages.HomePage] :  Element was clicked
2021-01-09 16:29:10  ERROR [pages.HomePage] : Can not work with element org.openqa.selenium.TimeoutException: Expected condition failed: waiting for element to be clickable: Click On Add To Cart (tried for 15 second(s) with 500 milliseconds interval)
2021-01-09 16:29:52   INFO [pages.LoginPage] : Login page was opened
2021-01-09 16:30:01   INFO [pages.LoginPage] :  Element was clicked
2021-01-09 16:30:01   INFO [pages.LoginPage] : 'valerinskaya9972@gmail.com'was inputted in element
2021-01-09 16:30:02   INFO [pages.LoginPage] : '.Cp9P4QtS5VatBk'was inputted in element
2021-01-09 16:30:06   INFO [pages.LoginPage] :  Element was clicked
2021-01-09 16:30:12   INFO [pages.HomePage] :  Element was clicked
2021-01-09 16:30:12   INFO [pages.HomePage] :  Element was clicked
2021-01-09 16:51:50   INFO [pages.LoginPage] : Login page was opened
2021-01-09 16:52:02   INFO [pages.LoginPage] :  Element was clicked
2021-01-09 16:52:03   INFO [pages.LoginPage] : 'valerinskaya9972@gmail.com'was inputted in element
2021-01-09 16:52:03   INFO [pages.LoginPage] : '.Cp9P4QtS5VatBk'was inputted in element
2021-01-09 16:52:03   INFO [pages.LoginPage] :  Element was clicked
2021-01-09 16:52:26  ERROR [pages.HomePage] : Can not work with element org.openqa.selenium.TimeoutException: Expected condition failed: waiting for element to be clickable: Returnto Home (tried for 15 second(s) with 500 milliseconds interval)
2021-01-09 16:52:52   INFO [pages.LoginPage] : Login page was opened
2021-01-09 16:53:03   INFO [pages.LoginPage] :  Element was clicked
2021-01-09 16:53:03   INFO [pages.LoginPage] : 'valerinskaya9972@gmail.com'was inputted in element
2021-01-09 16:53:03   INFO [pages.LoginPage] : '.Cp9P4QtS5VatBk'was inputted in element
2021-01-09 16:53:11   INFO [pages.LoginPage] :  Element was clicked
2021-01-09 16:53:20   INFO [pages.HomePage] :  Element was clicked
2021-01-09 16:53:35   INFO [pages.HomePage] :  'Click On Add To Cart ' Element was clicked
2021-01-09 16:53:48   INFO [pages.HomePage] :  Element was clicked
2021-01-09 16:54:04  ERROR [pages.HomePage] : Can not work with element org.openqa.selenium.TimeoutException: Expected condition failed: waiting for element to be clickable: Checkout (tried for 15 second(s) with 500 milliseconds interval)
Build info: version: '3.141.59', revision: 'e82be7d358', time: '2018-11-14T08:17:03'
System info: host: 'LAPTOP-TJ23JI33', ip: '192.168.31.183', os.name: 'Windows 10', os.arch: 'amd64', os.version: '10.0', java.version: '16.0.2'
Driver info: org.openqa.selenium.chrome.ChromeDriver
Capabilities {acceptInsecureCerts: false, browserName: chrome, browserVersion: 92.0.4515.159, chrome: {chromedriverVersion: 92.0.4515.107 (87a818b10553..., userDataDir: C:\Users\7272~1\AppData\Loc...}, goog:chromeOptions: {debuggerAddress: localhost:58966}, javascriptEnabled: true, networkConnectionEnabled: false, pageLoadStrategy: normal, platform: WINDOWS, platformName: WINDOWS, proxy: Proxy(), setWindowRect: true, strictFileInteractability: false, timeouts: {implicit: 0, pageLoad: 300000, script: 30000}, unhandledPromptBehavior: dismiss and notify, webauthn:extension:credBlob: true, webauthn:extension:largeBlob: true, webauthn:virtualAuthenticators: true}
Session ID: 48156ff345f6f5327913f9a562db8c26
2021-01-09 23:34:38   INFO [pages.LoginPage] : Login page was opened
2021-01-09 23:34:41   INFO [pages.LoginPage] :  Element was clicked
2021-01-09 23:34:41   INFO [pages.LoginPage] : 'valerinskaya9972@gmail.com'was inputted in element
2021-01-09 23:34:41   INFO [pages.LoginPage] : '.Cp9P4QtS5VatBk'was inputted in element
2021-01-09 23:34:43   INFO [pages.LoginPage] :  Element was clicked
2021-01-09 23:34:45   INFO [pages.HomePage] :  Element was clicked
2021-01-09 23:35:01  ERROR [pages.HomePage] : Can not work with element org.openqa.selenium.TimeoutException: Expected condition failed: waiting for element to be clickable: Click On Add To Cart (tried for 15 second(s) with 500 milliseconds interval)
Build info: version: '3.141.59', revision: 'e82be7d358', time: '2018-11-14T08:17:03'
System info: host: 'LAPTOP-TJ23JI33', ip: '192.168.31.183', os.name: 'Windows 10', os.arch: 'amd64', os.version: '10.0', java.version: '16.0.2'
Driver info: org.openqa.selenium.chrome.ChromeDriver
Capabilities {acceptInsecureCerts: false, browserName: chrome, browserVersion: 92.0.4515.159, chrome: {chromedriverVersion: 92.0.4515.107 (87a818b10553..., userDataDir: C:\Users\7272~1\AppData\Loc...}, goog:chromeOptions: {debuggerAddress: localhost:64912}, javascriptEnabled: true, networkConnectionEnabled: false, pageLoadStrategy: normal, platform: WINDOWS, platformName: WINDOWS, proxy: Proxy(), setWindowRect: true, strictFileInteractability: false, timeouts: {implicit: 0, pageLoad: 300000, script: 30000}, unhandledPromptBehavior: dismiss and notify, webauthn:extension:credBlob: true, webauthn:extension:largeBlob: true, webauthn:virtualAuthenticators: true}
Session ID: e533118d9f882a6ba625fde06ab91556
2021-01-09 23:41:54   INFO [pages.LoginPage] : Login page was opened
2021-01-09 23:41:56   INFO [pages.LoginPage] :  Element was clicked
2021-01-09 23:41:57   INFO [pages.LoginPage] : 'valerinskaya9972@gmail.com'was inputted in element
2021-01-09 23:41:57   INFO [pages.LoginPage] : '.Cp9P4QtS5VatBk'was inputted in element
2021-01-09 23:41:59   INFO [pages.LoginPage] :  Element was clicked
2021-01-09 23:42:01   INFO [pages.HomePage] :  Element was clicked
2021-01-09 23:42:07   INFO [pages.HomePage] :  'Click On Add To Cart ' Element was clicked
2021-01-09 23:42:24  ERROR [pages.HomePage] : Can not work with element org.openqa.selenium.TimeoutException: Expected condition failed: waiting for element to be clickable: Checkout (tried for 15 second(s) with 500 milliseconds interval)
2021-01-09 23:43:26   INFO [pages.LoginPage] : Login page was opened
2021-01-09 23:43:30   INFO [pages.LoginPage] :  Element was clicked
2021-01-09 23:43:30   INFO [pages.LoginPage] : 'valerinskaya9972@gmail.com'was inputted in element
2021-01-09 23:43:30   INFO [pages.LoginPage] : '.Cp9P4QtS5VatBk'was inputted in element
2021-01-09 23:43:32   INFO [pages.LoginPage] :  Element was clicked
2021-01-09 23:43:34   INFO [pages.HomePage] :  Element was clicked
2021-01-09 23:43:50  ERROR [pages.HomePage] : Can not work with element org.openqa.selenium.TimeoutException: Expected condition failed: waiting for element to be clickable: Click On Add To Cart (tried for 15 second(s) with 500 milliseconds interval)
Build info: version: '3.141.59', revision: 'e82be7d358', time: '2018-11-14T08:17:03'
System info: host: 'LAPTOP-TJ23JI33', ip: '192.168.31.183', os.name: 'Windows 10', os.arch: 'amd64', os.version: '10.0', java.version: '16.0.2'
Driver info: org.openqa.selenium.chrome.ChromeDriver
Capabilities {acceptInsecureCerts: false, browserName: chrome, browserVersion: 92.0.4515.159, chrome: {chromedriverVersion: 92.0.4515.107 (87a818b10553..., userDataDir: C:\Users\7272~1\AppData\Loc...}, goog:chromeOptions: {debuggerAddress: localhost:52351}, javascriptEnabled: true, networkConnectionEnabled: false, pageLoadStrategy: normal, platform: WINDOWS, platformName: WINDOWS, proxy: Proxy(), setWindowRect: true, strictFileInteractability: false, timeouts: {implicit: 0, pageLoad: 300000, script: 30000}, unhandledPromptBehavior: dismiss and notify, webauthn:extension:credBlob: true, webauthn:extension:largeBlob: true, webauthn:virtualAuthenticators: true}
Session ID: 18766c0a43aaa5efa8399dd3c13faceb
2021-01-09 23:45:21   INFO [pages.LoginPage] : Login page was opened
2021-01-09 23:45:24   INFO [pages.LoginPage] :  Element was clicked
2021-01-09 23:45:24   INFO [pages.LoginPage] : 'valerinskaya9972@gmail.com'was inputted in element
2021-01-09 23:45:24   INFO [pages.LoginPage] : '.Cp9P4QtS5VatBk'was inputted in element
2021-01-09 23:45:26   INFO [pages.LoginPage] :  Element was clicked
2021-01-09 23:45:29   INFO [pages.HomePage] :  Element was clicked
2021-01-09 23:51:49   INFO [pages.LoginPage] : Login page was opened
2021-01-09 23:51:51   INFO [pages.LoginPage] :  Element was clicked
2021-01-09 23:51:51   INFO [pages.LoginPage] : 'valerinskaya9972@gmail.com'was inputted in element
2021-01-09 23:51:51   INFO [pages.LoginPage] : '.Cp9P4QtS5VatBk'was inputted in element
2021-01-09 23:51:53   INFO [pages.LoginPage] :  Element was clicked
2021-01-09 23:51:57   INFO [pages.HomePage] :  Element was clicked
2021-01-09 23:52:00   INFO [pages.HomePage] :  'Click On Add To Cart ' Element was clicked
2021-01-09 23:52:04   INFO [pages.HomePage] :  Element was clicked
2021-01-09 23:52:50  ERROR [pages.HomePage] : Can not work with element org.openqa.selenium.TimeoutException: Expected condition failed: waiting for element to be clickable: Check Out Adress (tried for 15 second(s) with 500 milliseconds interval)
2021-01-09 23:56:07   INFO [pages.LoginPage] : Login page was opened
2021-01-09 23:56:10   INFO [pages.LoginPage] :  Element was clicked
2021-01-09 23:56:10   INFO [pages.LoginPage] : 'valerinskaya9972@gmail.com'was inputted in element
2021-01-09 23:56:10   INFO [pages.LoginPage] : '.Cp9P4QtS5VatBk'was inputted in element
2021-01-09 23:56:12   INFO [pages.LoginPage] :  Element was clicked
2021-01-09 23:56:15   INFO [pages.HomePage] :  Element was clicked
2021-01-09 23:56:18   INFO [pages.HomePage] :  'Click On Add To Cart ' Element was clicked
2021-01-09 23:56:34  ERROR [pages.HomePage] : Can not work with element org.openqa.selenium.TimeoutException: Expected condition failed: waiting for element to be clickable: Checkout (tried for 15 second(s) with 500 milliseconds interval)
2021-01-09 23:56:59   INFO [pages.LoginPage] : Login page was opened
2021-01-09 23:57:11   INFO [pages.LoginPage] :  Element was clicked
2021-01-09 23:57:11   INFO [pages.LoginPage] : 'valerinskaya9972@gmail.com'was inputted in element
2021-01-09 23:57:12   INFO [pages.LoginPage] : '.Cp9P4QtS5VatBk'was inputted in element
2021-01-09 23:57:12   INFO [pages.LoginPage] :  Element was clicked
2021-01-09 23:57:57  ERROR [pages.HomePage] : Can not work with element org.openqa.selenium.TimeoutException: Expected condition failed: waiting for element to be clickable: Returnto Home (tried for 15 second(s) with 500 milliseconds interval)
2021-01-09 23:59:14   INFO [pages.LoginPage] : Login page was opened
2021-01-09 23:59:17   INFO [pages.LoginPage] :  Element was clicked
2021-01-09 23:59:17   INFO [pages.LoginPage] : 'valerinskaya9972@gmail.com'was inputted in element
2021-01-09 23:59:17   INFO [pages.LoginPage] : '.Cp9P4QtS5VatBk'was inputted in element
2021-01-09 23:59:19   INFO [pages.LoginPage] :  Element was clicked
2021-01-09 23:59:21   INFO [pages.HomePage] :  Element was clicked
2021-01-09 23:59:23   INFO [pages.HomePage] :  'Click On Add To Cart ' Element was clicked
2021-01-09 23:59:26   INFO [pages.HomePage] :  Element was clicked
2021-01-09 23:59:43  ERROR [pages.HomePage] : Can not work with element org.openqa.selenium.TimeoutException: Expected condition failed: waiting for element to be clickable: Check Out Adress (tried for 15 second(s) with 500 milliseconds interval)
2021-02-09 00:01:32   INFO [pages.LoginPage] : Login page was opened
2021-02-09 00:01:34   INFO [pages.LoginPage] :  Element was clicked
2021-02-09 00:01:34   INFO [pages.LoginPage] : 'valerinskaya9972@gmail.com'was inputted in element
2021-02-09 00:01:35   INFO [pages.LoginPage] : '.Cp9P4QtS5VatBk'was inputted in element
2021-02-09 00:01:37   INFO [pages.LoginPage] :  Element was clicked
2021-02-09 00:01:39   INFO [pages.HomePage] :  Element was clicked
2021-02-09 00:01:41   INFO [pages.HomePage] :  'Click On Add To Cart ' Element was clicked
2021-02-09 00:01:44   INFO [pages.HomePage] :  Element was clicked
2021-02-09 00:01:59  ERROR [pages.HomePage] : Can not work with element org.openqa.selenium.TimeoutException: Expected condition failed: waiting for element to be clickable: Check Out Adress (tried for 15 second(s) with 500 milliseconds interval)
Build info: version: '3.141.59', revision: 'e82be7d358', time: '2018-11-14T08:17:03'
System info: host: 'LAPTOP-TJ23JI33', ip: '192.168.31.183', os.name: 'Windows 10', os.arch: 'amd64', os.version: '10.0', java.version: '16.0.2'
Driver info: org.openqa.selenium.chrome.ChromeDriver
Capabilities {acceptInsecureCerts: false, browserName: chrome, browserVersion: 92.0.4515.159, chrome: {chromedriverVersion: 92.0.4515.107 (87a818b10553..., userDataDir: C:\Users\7272~1\AppData\Loc...}, goog:chromeOptions: {debuggerAddress: localhost:61321}, javascriptEnabled: true, networkConnectionEnabled: false, pageLoadStrategy: normal, platform: WINDOWS, platformName: WINDOWS, proxy: Proxy(), setWindowRect: true, strictFileInteractability: false, timeouts: {implicit: 0, pageLoad: 300000, script: 30000}, unhandledPromptBehavior: dismiss and notify, webauthn:extension:credBlob: true, webauthn:extension:largeBlob: true, webauthn:virtualAuthenticators: true}
Session ID: 4c986eb6a82ab474408bf852cdcda3b9
2021-02-09 00:02:35   INFO [pages.LoginPage] : Login page was opened
2021-02-09 00:02:38   INFO [pages.LoginPage] :  Element was clicked
2021-02-09 00:02:38   INFO [pages.LoginPage] : 'valerinskaya9972@gmail.com'was inputted in element
2021-02-09 00:02:38   INFO [pages.LoginPage] : '.Cp9P4QtS5VatBk'was inputted in element
2021-02-09 00:02:40   INFO [pages.LoginPage] :  Element was clicked
2021-02-09 00:02:42   INFO [pages.HomePage] :  Element was clicked
2021-02-09 00:06:15   INFO [pages.LoginPage] : Login page was opened
2021-02-09 00:06:18   INFO [pages.LoginPage] :  Element was clicked
2021-02-09 00:06:18   INFO [pages.LoginPage] : 'valerinskaya9972@gmail.com'was inputted in element
2021-02-09 00:06:18   INFO [pages.LoginPage] : '.Cp9P4QtS5VatBk'was inputted in element
2021-02-09 00:06:21   INFO [pages.LoginPage] :  Element was clicked
2021-02-09 00:06:25   INFO [pages.HomePage] :  Element was clicked
2021-02-09 00:06:40  ERROR [pages.HomePage] : Can not work with element org.openqa.selenium.TimeoutException: Expected condition failed: waiting for element to be clickable: Click On Add To Cart (tried for 15 second(s) with 500 milliseconds interval)
Build info: version: '3.141.59', revision: 'e82be7d358', time: '2018-11-14T08:17:03'
System info: host: 'LAPTOP-TJ23JI33', ip: '192.168.31.183', os.name: 'Windows 10', os.arch: 'amd64', os.version: '10.0', java.version: '16.0.2'
Driver info: org.openqa.selenium.chrome.ChromeDriver
Capabilities {acceptInsecureCerts: false, browserName: chrome, browserVersion: 92.0.4515.159, chrome: {chromedriverVersion: 92.0.4515.107 (87a818b10553..., userDataDir: C:\Users\7272~1\AppData\Loc...}, goog:chromeOptions: {debuggerAddress: localhost:65143}, javascriptEnabled: true, networkConnectionEnabled: false, pageLoadStrategy: normal, platform: WINDOWS, platformName: WINDOWS, proxy: Proxy(), setWindowRect: true, strictFileInteractability: false, timeouts: {implicit: 0, pageLoad: 300000, script: 30000}, unhandledPromptBehavior: dismiss and notify, webauthn:extension:credBlob: true, webauthn:extension:largeBlob: true, webauthn:virtualAuthenticators: true}
Session ID: c40fe0a014e0bf749d66447c051c1228
2021-02-09 00:07:06   INFO [pages.LoginPage] : Login page was opened
2021-02-09 00:07:10   INFO [pages.LoginPage] :  Element was clicked
2021-02-09 00:07:10   INFO [pages.LoginPage] : 'valerinskaya9972@gmail.com'was inputted in element
2021-02-09 00:07:11   INFO [pages.LoginPage] : '.Cp9P4QtS5VatBk'was inputted in element
2021-02-09 00:07:13   INFO [pages.LoginPage] :  Element was clicked
2021-02-09 00:07:15   INFO [pages.HomePage] :  Element was clicked
2021-02-09 00:07:17   INFO [pages.HomePage] :  'Click On Add To Cart ' Element was clicked
2021-02-09 00:07:20   INFO [pages.HomePage] :  Element was clicked
2021-02-09 00:07:36  ERROR [pages.HomePage] : Can not work with element org.openqa.selenium.TimeoutException: Expected condition failed: waiting for element to be clickable: Check Out Adress (tried for 15 second(s) with 500 milliseconds interval)
2021-02-09 00:08:17   INFO [pages.LoginPage] : Login page was opened
2021-02-09 00:08:18   INFO [pages.LoginPage] :  Element was clicked
2021-02-09 00:08:18   INFO [pages.LoginPage] : 'valerinskaya9972@gmail.com'was inputted in element
2021-02-09 00:08:18   INFO [pages.LoginPage] : '.Cp9P4QtS5VatBk'was inputted in element
2021-02-09 00:08:20   INFO [pages.LoginPage] :  Element was clicked
2021-02-09 00:08:21   INFO [pages.HomePage] :  Element was clicked
2021-02-09 00:08:26   INFO [pages.HomePage] :  'Click On Add To Cart ' Element was clicked
2021-02-09 00:08:30   INFO [pages.HomePage] :  Element was clicked
2021-02-09 00:08:47  ERROR [pages.HomePage] : Can not work with element org.openqa.selenium.TimeoutException: Expected condition failed: waiting for element to be clickable: Check Out Adress (tried for 15 second(s) with 500 milliseconds interval)
2021-02-09 00:10:28   INFO [pages.LoginPage] : Login page was opened
2021-02-09 00:10:30   INFO [pages.LoginPage] :  Element was clicked
2021-02-09 00:10:30   INFO [pages.LoginPage] : 'valerinskaya9972@gmail.com'was inputted in element
2021-02-09 00:10:30   INFO [pages.LoginPage] : '.Cp9P4QtS5VatBk'was inputted in element
2021-02-09 00:10:32   INFO [pages.LoginPage] :  Element was clicked
2021-02-09 00:10:34   INFO [pages.HomePage] :  Element was clicked
2021-02-09 00:10:38   INFO [pages.HomePage] :  'Click On Add To Cart ' Element was clicked
2021-02-09 00:10:42   INFO [pages.HomePage] :  Element was clicked
2021-02-09 00:10:57  ERROR [pages.HomePage] : Can not work with element org.openqa.selenium.TimeoutException: Expected condition failed: waiting for element to be clickable: Check Out Adress (tried for 15 second(s) with 500 milliseconds interval)
Build info: version: '3.141.59', revision: 'e82be7d358', time: '2018-11-14T08:17:03'
System info: host: 'LAPTOP-TJ23JI33', ip: '192.168.31.183', os.name: 'Windows 10', os.arch: 'amd64', os.version: '10.0', java.version: '16.0.2'
Driver info: org.openqa.selenium.chrome.ChromeDriver
Capabilities {acceptInsecureCerts: false, browserName: chrome, browserVersion: 92.0.4515.159, chrome: {chromedriverVersion: 92.0.4515.107 (87a818b10553..., userDataDir: C:\Users\7272~1\AppData\Loc...}, goog:chromeOptions: {debuggerAddress: localhost:56478}, javascriptEnabled: true, networkConnectionEnabled: false, pageLoadStrategy: normal, platform: WINDOWS, platformName: WINDOWS, proxy: Proxy(), setWindowRect: true, strictFileInteractability: false, timeouts: {implicit: 0, pageLoad: 300000, script: 30000}, unhandledPromptBehavior: dismiss and notify, webauthn:extension:credBlob: true, webauthn:extension:largeBlob: true, webauthn:virtualAuthenticators: true}
Session ID: e947c5d39ed94e64ea39f67bfc9274b6
2021-02-09 00:30:15   INFO [pages.LoginPage] : Login page was opened
2021-02-09 00:30:16   INFO [pages.LoginPage] :  Element was clicked
2021-02-09 00:30:17   INFO [pages.LoginPage] : 'valerinskaya9972@gmail.com'was inputted in element
2021-02-09 00:30:17   INFO [pages.LoginPage] : '.Cp9P4QtS5VatBk'was inputted in element
2021-02-09 00:30:19   INFO [pages.LoginPage] :  Element was clicked
2021-02-09 00:30:21   INFO [pages.HomePage] :  Element was clicked
2021-02-09 00:30:31  ERROR [pages.HomePage] : an not work with elementorg.openqa.selenium.TimeoutException: Expected condition failed: waiting for element to be clickable: Click On Add To Cart (tried for 10 second(s) with 500 milliseconds interval)
Build info: version: '3.141.59', revision: 'e82be7d358', time: '2018-11-14T08:17:03'
System info: host: 'LAPTOP-TJ23JI33', ip: '192.168.31.183', os.name: 'Windows 10', os.arch: 'amd64', os.version: '10.0', java.version: '16.0.2'
Driver info: org.openqa.selenium.chrome.ChromeDriver
Capabilities {acceptInsecureCerts: false, browserName: chrome, browserVersion: 92.0.4515.159, chrome: {chromedriverVersion: 92.0.4515.107 (87a818b10553..., userDataDir: C:\Users\7272~1\AppData\Loc...}, goog:chromeOptions: {debuggerAddress: localhost:57510}, javascriptEnabled: true, networkConnectionEnabled: false, pageLoadStrategy: normal, platform: WINDOWS, platformName: WINDOWS, proxy: Proxy(), setWindowRect: true, strictFileInteractability: false, timeouts: {implicit: 0, pageLoad: 300000, script: 30000}, unhandledPromptBehavior: dismiss and notify, webauthn:extension:credBlob: true, webauthn:extension:largeBlob: true, webauthn:virtualAuthenticators: true}
Session ID: 993ffa835590ca665ae9141df7f75417
2021-02-09 00:32:22   INFO [pages.LoginPage] : Login page was opened
2021-02-09 00:32:24   INFO [pages.LoginPage] :  Element was clicked
2021-02-09 00:32:24   INFO [pages.LoginPage] : 'valerinskaya9972@gmail.com'was inputted in element
2021-02-09 00:32:25   INFO [pages.LoginPage] : '.Cp9P4QtS5VatBk'was inputted in element
2021-02-09 00:32:26   INFO [pages.LoginPage] :  Element was clicked
2021-02-09 00:32:28   INFO [pages.HomePage] :  Element was clicked
2021-02-09 00:32:30   INFO [pages.HomePage] :  'Click On Add To Cart ' Element was clicked
2021-02-09 00:33:16  ERROR [pages.HomePage] : an not work with elementorg.openqa.selenium.TimeoutException: Expected condition failed: waiting for element to be clickable: Checkout (tried for 10 second(s) with 500 milliseconds interval)
2021-02-09 00:36:19   INFO [pages.LoginPage] : Login page was opened
2021-02-09 00:36:21   INFO [pages.LoginPage] :  Element was clicked
2021-02-09 00:36:21   INFO [pages.LoginPage] : 'valerinskaya9972@gmail.com'was inputted in element
2021-02-09 00:36:21   INFO [pages.LoginPage] : '.Cp9P4QtS5VatBk'was inputted in element
2021-02-09 00:36:23   INFO [pages.LoginPage] :  Element was clicked
2021-02-09 00:36:26   INFO [pages.HomePage] :  Element was clicked
2021-02-09 00:36:27   INFO [pages.HomePage] :  'Click On Add To Cart ' Element was clicked
2021-02-09 00:36:31   INFO [pages.HomePage] :  Element was clicked
2021-02-09 00:36:41  ERROR [pages.HomePage] : an not work with elementorg.openqa.selenium.TimeoutException: Expected condition failed: waiting for element to be clickable: Check Out Adress (tried for 10 second(s) with 500 milliseconds interval)
2021-02-09 00:41:40   INFO [pages.LoginPage] : Login page was opened
2021-02-09 00:41:48   INFO [pages.LoginPage] :  Element was clicked
2021-02-09 00:41:48   INFO [pages.LoginPage] : 'valerinskaya9972@gmail.com'was inputted in element
2021-02-09 00:41:48   INFO [pages.LoginPage] : '.Cp9P4QtS5VatBk'was inputted in element
2021-02-09 00:41:50   INFO [pages.LoginPage] :  Element was clicked
2021-02-09 00:41:51   INFO [pages.HomePage] :  Element was clicked
2021-02-09 00:41:54   INFO [pages.HomePage] :  'Click On Add To Cart ' Element was clicked
2021-02-09 00:41:57   INFO [pages.HomePage] :  Element was clicked
2021-02-09 00:41:58   INFO [pages.HomePage] :  Element was clicked
2021-02-09 00:42:43  ERROR [pages.HomePage] : an not work with elementorg.openqa.selenium.TimeoutException: Expected condition failed: waiting for element to be clickable: Agree Check Box (tried for 10 second(s) with 500 milliseconds interval)
2021-02-09 00:44:11   INFO [pages.LoginPage] : Login page was opened
2021-02-09 00:44:13   INFO [pages.LoginPage] :  Element was clicked
2021-02-09 00:44:13   INFO [pages.LoginPage] : 'valerinskaya9972@gmail.com'was inputted in element
2021-02-09 00:44:13   INFO [pages.LoginPage] : '.Cp9P4QtS5VatBk'was inputted in element
2021-02-09 00:44:14   INFO [pages.LoginPage] :  Element was clicked
2021-02-09 00:44:16   INFO [pages.HomePage] :  Element was clicked
2021-02-09 00:44:22   INFO [pages.HomePage] :  'Click On Add To Cart ' Element was clicked
2021-02-09 00:44:25   INFO [pages.HomePage] :  Element was clicked
2021-02-09 00:44:26   INFO [pages.HomePage] :  Element was clicked
2021-02-09 00:44:27   INFO [pages.HomePage] :  Element was clicked
2021-02-09 00:45:13  ERROR [pages.HomePage] : an not work with elementorg.openqa.selenium.TimeoutException: Expected condition failed: waiting for element to be clickable: Check Out Shipping (tried for 10 second(s) with 500 milliseconds interval)
2021-02-09 00:45:32   INFO [pages.LoginPage] : Login page was opened
2021-02-09 00:45:33   INFO [pages.LoginPage] :  Element was clicked
2021-02-09 00:45:33   INFO [pages.LoginPage] : 'valerinskaya9972@gmail.com'was inputted in element
2021-02-09 00:45:34   INFO [pages.LoginPage] : '.Cp9P4QtS5VatBk'was inputted in element
2021-02-09 00:45:35   INFO [pages.LoginPage] :  Element was clicked
2021-02-09 00:45:37   INFO [pages.HomePage] :  Element was clicked
2021-02-09 00:45:40   INFO [pages.HomePage] :  'Click On Add To Cart ' Element was clicked
2021-02-09 00:45:43   INFO [pages.HomePage] :  Element was clicked
2021-02-09 00:45:44   INFO [pages.HomePage] :  Element was clicked
2021-02-09 00:45:46   INFO [pages.HomePage] :  Element was clicked
2021-02-09 00:46:31  ERROR [pages.HomePage] : an not work with elementorg.openqa.selenium.TimeoutException: Expected condition failed: waiting for element to be clickable: Check Out Shipping (tried for 10 second(s) with 500 milliseconds interval)
2021-02-09 00:50:15   INFO [pages.LoginPage] : Login page was opened
2021-02-09 00:50:17   INFO [pages.LoginPage] :  Element was clicked
2021-02-09 00:50:17   INFO [pages.LoginPage] : 'valerinskaya9972@gmail.com'was inputted in element
2021-02-09 00:50:17   INFO [pages.LoginPage] : '.Cp9P4QtS5VatBk'was inputted in element
2021-02-09 00:50:19   INFO [pages.LoginPage] :  Element was clicked
2021-02-09 00:50:22   INFO [pages.HomePage] :  Element was clicked
2021-02-09 00:50:24   INFO [pages.HomePage] :  'Click On Add To Cart ' Element was clicked
2021-02-09 00:50:27   INFO [pages.HomePage] :  Element was clicked
2021-02-09 00:50:28   INFO [pages.HomePage] :  Element was clicked
2021-02-09 00:50:31   INFO [pages.HomePage] :  Element was clicked
2021-02-09 01:36:12   INFO [pages.LoginPage] : Login page was opened
2021-02-09 01:36:46   INFO [pages.LoginPage] : Login page was opened
2021-02-09 01:36:48   INFO [pages.LoginPage] :  Element was clicked
2021-02-09 01:36:49   INFO [pages.LoginPage] :  Element was clicked
2021-02-09 01:36:49   INFO [pages.LoginPage] : 'valerinskaya9972@gmail.com'was inputted in element
2021-02-09 01:36:49   INFO [pages.LoginPage] :  Element was clicked
2021-02-09 01:37:35   INFO [pages.LoginPage] : Element is not present
2021-02-09 01:39:49   INFO [pages.LoginPage] : Login page was opened
2021-02-09 01:39:50   INFO [pages.LoginPage] :  Element was clicked
2021-02-09 01:39:52   INFO [pages.LoginPage] :  Element was clicked
2021-02-09 01:39:52   INFO [pages.LoginPage] : 'valerinskaya9972@gmail.com'was inputted in element
2021-02-09 01:39:53   INFO [pages.LoginPage] :  Element was clicked
2021-02-09 01:39:53   INFO [pages.LoginPage] :  Element state
2021-02-09 09:24:12   INFO [pages.LoginPage] : Login page was opened
2021-02-09 09:24:18   INFO [pages.LoginPage] :  Element was clicked
2021-02-09 09:24:42   INFO [pages.LoginPage] :  Element was clicked
2021-02-09 09:24:43   INFO [pages.LoginPage] : 'valerinskaya9972@gmail.com'was inputted in element
2021-02-09 09:24:51   INFO [pages.LoginPage] :  Element was clicked
2021-02-09 09:24:51   INFO [pages.LoginPage] :  Element state
2021-02-09 09:30:56   INFO [pages.LoginPage] : Login page was opened
2021-02-09 09:31:14   INFO [pages.LoginPage] :  Element was clicked
2021-02-09 09:31:38   INFO [pages.LoginPage] :  Element was clicked
2021-02-09 09:31:38   INFO [pages.LoginPage] : 'valerinskaya9972@gmail.com'was inputted in element
2021-02-09 09:31:38   INFO [pages.LoginPage] :  Element was clicked
2021-02-09 09:32:24   INFO [pages.LoginPage] : Element is not present
2021-02-09 09:32:56   INFO [pages.LoginPage] : Login page was opened
2021-02-09 09:33:07   INFO [pages.LoginPage] :  Element was clicked
2021-02-09 09:33:15   INFO [pages.LoginPage] :  Element was clicked
2021-02-09 09:33:15   INFO [pages.LoginPage] : 'valerinskaya9972@gmail.com'was inputted in element
2021-02-09 09:33:24   INFO [pages.LoginPage] :  Element was clicked
2021-02-09 09:33:24   INFO [pages.LoginPage] :  Element state
2021-02-09 09:40:27   INFO [pages.LoginPage] : Login page was opened
2021-02-09 09:40:39   INFO [pages.LoginPage] :  Element was click
2021-02-09 09:40:39   INFO [pages.LoginPage] : 'valerinskaya9972@gmail.com' was inputted in element 
2021-02-09 09:40:39   INFO [pages.LoginPage] : '.Cp9P4QtS5VatBk' was inputted in element 
2021-02-09 09:40:50   INFO [pages.LoginPage] :  Element was click
2021-02-09 09:41:01   INFO [pages.HomePage] :  Element was click
2021-02-09 09:41:06  ERROR [pages.HomePage] : Can not work with element org.openqa.selenium.TimeoutException: Expected condition failed: waiting for element to be clickable: Click On Add To Cart (tried for 5 second(s) with 500 milliseconds interval)
Build info: version: '3.141.59', revision: 'e82be7d358', time: '2018-11-14T08:17:03'
System info: host: 'LAPTOP-TJ23JI33', ip: '192.168.31.183', os.name: 'Windows 10', os.arch: 'amd64', os.version: '10.0', java.version: '16.0.2'
Driver info: org.openqa.selenium.chrome.ChromeDriver
Capabilities {acceptInsecureCerts: false, browserName: chrome, browserVersion: 92.0.4515.159, chrome: {chromedriverVersion: 92.0.4515.107 (87a818b10553..., userDataDir: C:\Users\7272~1\AppData\Loc...}, goog:chromeOptions: {debuggerAddress: localhost:50583}, javascriptEnabled: true, networkConnectionEnabled: false, pageLoadStrategy: normal, platform: WINDOWS, platformName: WINDOWS, proxy: Proxy(), setWindowRect: true, strictFileInteractability: false, timeouts: {implicit: 0, pageLoad: 300000, script: 30000}, unhandledPromptBehavior: dismiss and notify, webauthn:extension:credBlob: true, webauthn:extension:largeBlob: true, webauthn:virtualAuthenticators: true}
Session ID: fedafb0ac69b0851d2eabd9907aadd81
2021-02-09 09:41:46   INFO [pages.LoginPage] : Login page was opened
2021-02-09 09:41:58   INFO [pages.LoginPage] :  Element was click
2021-02-09 09:42:05   INFO [pages.LoginPage] :  Element was click
2021-02-09 09:42:05   INFO [pages.LoginPage] : 'valerinskaya9972@gmail.com' was inputted in element 
2021-02-09 09:42:13   INFO [pages.LoginPage] :  Element was click
2021-02-09 09:42:13   INFO [pages.LoginPage] :  Element present 
2021-02-09 09:59:59   INFO [pages.LoginPage] : Login page was opened
2021-02-09 10:00:10   INFO [pages.LoginPage] :  Element was clickSign In Button
2021-02-09 10:00:10   INFO [pages.LoginPage] : 'valerinskaya997190@gmail.com' was inputted in element 
2021-02-09 10:00:10   INFO [pages.LoginPage] :  Element was clickCreate Account
2021-02-09 10:00:56  ERROR [pages.LoginPage] : Can not work with element org.openqa.selenium.TimeoutException: Expected condition failed: waiting for visibility of First Name (tried for 15 second(s) with 500 milliseconds interval)
2021-02-09 10:08:31   INFO [pages.LoginPage] : Login page was opened
2021-02-09 10:08:41   INFO [pages.LoginPage] :  Element was clickSign In Button
2021-02-09 10:08:48   INFO [pages.LoginPage] :  Element was clickForgot Password
2021-02-09 10:08:48   INFO [pages.LoginPage] : 'valerinskaya9972@gmail.com' was inputted in element 
2021-02-09 10:08:54   INFO [pages.LoginPage] :  Element was clickRetrive Password
2021-02-09 10:08:54   INFO [pages.LoginPage] :  Element present Popup Check
2021-02-09 10:10:18   INFO [pages.LoginPage] : Login page was opened
2021-02-09 10:10:29   INFO [pages.LoginPage] :  Element was click
2021-02-09 10:10:35   INFO [pages.LoginPage] :  Element was click
2021-02-09 10:10:35   INFO [pages.LoginPage] : 'valerinskaya9972@gmail.com' was inputted in element 
2021-02-09 10:10:42   INFO [pages.LoginPage] :  Element was click
2021-02-09 10:10:42   INFO [pages.LoginPage] :  Element present 
2021-02-09 10:21:42   INFO [SignInPhase.SignIn] : -----SignInWithValidCredentials was started ---------
2021-02-09 10:21:53   INFO [pages.LoginPage] : Login page was opened
2021-02-09 10:22:04   INFO [pages.LoginPage] :  Element was click
2021-02-09 10:22:04   INFO [pages.LoginPage] : 'valerinskaya997190@gmail.com' was inputted in element 
2021-02-09 10:22:04   INFO [pages.LoginPage] :  Element was click
2021-02-09 10:22:35  ERROR [pages.LoginPage] : Can not work with element org.openqa.selenium.TimeoutException: Expected condition failed: waiting for visibility of First Name (tried for 15 second(s) with 500 milliseconds interval)
2021-02-09 10:22:35   INFO [SignInPhase.SignIn] : -----SignInWithValidCredentials was ended ---------
2021-02-09 10:23:38   INFO [SignInPhase.SignIn] : -----SignInWithValidCredentials was started ---------
2021-02-09 10:23:42   INFO [pages.LoginPage] : Login page was opened
2021-02-09 10:29:24   INFO [SignInPhase.SignIn] : -----SignInWithValidCredentials was started ---------
2021-02-09 10:29:35   INFO [pages.LoginPage] : Login page was opened
2021-02-09 10:29:46   INFO [pages.LoginPage] :  Element was click
2021-02-09 10:29:47   INFO [pages.LoginPage] : 'valerinskaya997190990@gmail.com' was inputted in element 
2021-02-09 10:29:47   INFO [pages.LoginPage] :  Element was click
2021-02-09 10:29:54   INFO [pages.LoginPage] : 'valery' was inputted in element 
2021-02-09 10:29:54   INFO [pages.LoginPage] : 'morgan' was inputted in element 
2021-02-09 10:29:55   INFO [pages.LoginPage] : '123456' was inputted in element 
2021-02-09 10:29:55   INFO [pages.LoginPage] : 'test' was inputted in element 
2021-02-09 10:29:55   INFO [pages.LoginPage] : 'testovich' was inputted in element 
2021-02-09 10:29:55   INFO [pages.LoginPage] : '80 White St,123' was inputted in element 
2021-02-09 10:29:56   INFO [pages.LoginPage] : '04201' was inputted in element 
2021-02-09 10:29:56   INFO [pages.LoginPage] : 'New-York' was inputted in element 
2021-02-09 10:29:56   INFO [pages.LoginPage] : '1234556789' was inputted in element 
2021-02-09 10:29:56   INFO [pages.LoginPage] : 'tyk tyk' was inputted in element 
2021-02-09 10:29:56   INFO [pages.LoginPage] : '2' was selected in DropDown 
2021-02-09 10:30:07   INFO [pages.LoginPage] :  Element was click
2021-02-09 10:30:07   INFO [pages.HomePage] :  Element present 
2021-02-09 10:30:08   INFO [SignInPhase.SignIn] : -----SignInWithValidCredentials was ended ---------
2021-02-09 10:36:11   INFO [ForgotPassword] : -----forgotyourpassword was started ---------
2021-02-09 10:36:21   INFO [pages.LoginPage] : Login page was opened
2021-02-09 10:36:33   INFO [pages.LoginPage] :  Element was click
2021-02-09 10:36:41   INFO [pages.LoginPage] :  Element was click
2021-02-09 10:36:41   INFO [pages.LoginPage] : 'valerinskaya9972@gmail.com' was inputted in element 
2021-02-09 10:36:48   INFO [pages.LoginPage] :  Element was click
2021-02-09 10:36:48   INFO [pages.LoginPage] :  Element present 
2021-02-09 10:36:49   INFO [ForgotPassword] : -----forgotyourpassword was ended ---------
2021-02-09 10:48:46   INFO [ForgotPassword] : -----forgotyourpassword was started ---------
2021-02-09 10:48:57   INFO [pages.LoginPage] : Login page was opened
2021-02-09 10:49:07   INFO [pages.LoginPage] :  Element was click
2021-02-09 10:49:13   INFO [pages.LoginPage] :  Element was click
2021-02-09 10:49:13   INFO [pages.LoginPage] : 'valerinskaya9972@gmail.com' was inputted in element 
2021-02-09 10:49:19   INFO [pages.LoginPage] :  Element was click
2021-02-09 10:49:19   INFO [pages.LoginPage] :  Element present 
2021-02-09 10:49:20   INFO [ForgotPassword] : -----forgotyourpassword was ended ---------
2021-02-09 10:53:35   INFO [ForgotPassword] : -----forgotyourpassword was started ---------
2021-02-09 10:53:48   INFO [pages.LoginPage] : Login page was opened
2021-02-09 10:53:58   INFO [pages.LoginPage] :  Element was click
2021-02-09 10:54:05   INFO [pages.LoginPage] :  Element was click
2021-02-09 10:54:05   INFO [pages.LoginPage] : 'valerinskaya9972@gmail.com' was inputted in element 
2021-02-09 10:54:11   INFO [pages.LoginPage] :  Element was click
2021-02-09 10:54:11   INFO [pages.LoginPage] :  Element present 
2021-02-09 10:54:11   INFO [ForgotPassword] : -----forgotyourpassword was ended ---------
2021-02-09 10:57:26   INFO [ForgotPassword] : -----forgotyourpassword was started ---------
2021-02-09 10:57:29   INFO [pages.LoginPage] : Login page was opened
2021-02-09 10:57:52   INFO [pages.LoginPage] :  Element was click
2021-02-09 10:57:57   INFO [pages.LoginPage] :  Element was click
2021-02-09 10:57:57   INFO [pages.LoginPage] : 'valerinskaya9972@gmail.com' was inputted in element 
2021-02-09 10:58:01   INFO [pages.LoginPage] :  Element was click
2021-02-09 10:58:01   INFO [pages.LoginPage] :  Element present 
2021-02-09 10:58:02   INFO [ForgotPassword] : -----forgotyourpassword was ended ---------
2021-02-09 11:28:45   INFO [other.UploadFile] : -----UploadTest was started ---------
2021-02-09 11:28:48   INFO [other.UploadFile] : -----UploadTest was ended ---------
2021-02-09 11:30:03   INFO [other.UploadFile] : -----UploadTest was started ---------
2021-02-09 11:30:06   INFO [other.UploadFile] : -----UploadTest was ended ---------
2021-02-09 11:31:05   INFO [other.UploadFile] : -----UploadTest was started ---------
2021-02-09 11:31:07   INFO [other.UploadFile] : -----UploadTest was ended ---------
2021-02-09 11:34:23   INFO [other.UploadFile] : -----UploadTest was started ---------
2021-02-09 11:34:35   INFO [pages.LoginPage] : Login page was opened
2021-02-09 11:34:42   INFO [pages.LoginPage] :  Element was click
2021-02-09 11:34:43   INFO [other.UploadFile] : -----UploadTest was ended ---------
2021-02-09 11:59:29   INFO [other.UploadFile] : -----UploadTest was started ---------
2021-02-09 11:59:42   INFO [pages.LoginPage] : Login page was opened
2021-02-09 11:59:49   INFO [pages.LoginPage] :  Element was click
2021-02-09 11:59:49   INFO [other.UploadFile] : -----UploadTest was ended ---------
2021-02-09 12:07:04   INFO [other.UploadFile] : -----UploadTest was started ---------
2021-02-09 12:07:17   INFO [pages.LoginPage] : Login page was opened
2021-02-09 12:07:25   INFO [pages.ContatUs] :  Element was click
2021-02-09 12:07:25   INFO [pages.ContatUs] :  Element was click
2021-02-09 12:07:26   INFO [other.UploadFile] : -----UploadTest was ended ---------
2021-02-09 12:22:46   INFO [other.UploadFile] : -----UploadTest was started ---------
2021-02-09 12:22:59   INFO [pages.LoginPage] : Login page was opened
2021-02-09 12:23:07   INFO [pages.ContatUs] :  Element was click
2021-02-09 12:33:44   INFO [other.UploadFile] : -----UploadTest was started ---------
2021-02-09 12:33:58   INFO [pages.LoginPage] : Login page was opened
2021-02-09 12:34:04   INFO [pages.ContatUs] :  Element was click
2021-02-09 12:36:39   INFO [other.UploadFile] : -----UploadTest was started ---------
2021-02-09 12:36:51   INFO [pages.LoginPage] : Login page was opened
2021-02-09 12:36:52   INFO [pages.ContatUs] :  Element was click
2021-02-09 12:37:01   INFO [other.UploadFile] : -----UploadTest was started ---------
2021-02-09 12:37:13   INFO [pages.LoginPage] : Login page was opened
2021-02-09 12:37:21   INFO [pages.ContatUs] :  Element was click
2021-02-09 12:39:09   INFO [other.UploadFile] : -----UploadTest was started ---------
2021-02-09 12:39:21   INFO [pages.LoginPage] : Login page was opened
2021-02-09 12:39:28   INFO [pages.ContatUs] :  Element was click
2021-02-09 12:45:20   INFO [other.UploadFile] : -----UploadTest was started ---------
2021-02-09 12:45:31   INFO [pages.LoginPage] : Login page was opened
2021-02-09 12:45:38   INFO [pages.ContatUs] :  Element was click
2021-02-09 12:50:02   INFO [other.UploadFile] : -----UploadTest was started ---------
2021-02-09 12:50:15   INFO [pages.LoginPage] : Login page was opened
2021-02-09 12:50:23   INFO [pages.ContatUs] :  Element was click
2021-02-09 12:52:23   INFO [other.UploadFile] : -----UploadTest was started ---------
2021-02-09 12:52:35   INFO [pages.LoginPage] : Login page was opened
2021-02-09 12:52:43   INFO [pages.ContatUs] :  Element was click
2021-02-09 22:17:33   INFO [other.UploadFile] : -----UploadTest was started ---------
2021-02-09 22:17:40   INFO [pages.LoginPage] : Login page was opened
2021-02-09 22:17:43   INFO [pages.ContatUs] :  Element was click
2021-02-09 22:17:43   INFO [pages.ContatUs] : '1' was selected in DropDown 
2021-02-09 22:17:43   INFO [pages.ContatUs] : 'lera@gmail.com' was inputted in element 
2021-02-09 22:18:07  ERROR [pages.ContatUs] : Can not work with element org.openqa.selenium.TimeoutException: Expected condition failed: waiting for visibility of Order Reference (tried for 15 second(s) with 500 milliseconds interval)
2021-02-09 22:19:16   INFO [other.UploadFile] : -----UploadTest was started ---------
2021-02-09 22:19:23   INFO [pages.LoginPage] : Login page was opened
2021-02-09 22:19:25   INFO [pages.ContatUs] :  Element was click
2021-02-09 22:19:26   INFO [pages.ContatUs] : '1' was selected in DropDown 
2021-02-09 22:19:26   INFO [pages.ContatUs] : 'lera@gmail.com' was inputted in element 
2021-02-09 22:19:26   INFO [pages.ContatUs] : 'test' was inputted in element 
2021-02-09 22:19:26   INFO [pages.ContatUs] :  Element was click
2021-02-09 22:19:27   INFO [pages.ContatUs] : 'test' was inputted in element 
2021-02-09 22:19:30   INFO [pages.ContatUs] :  Element was click
2021-03-09 00:05:02   INFO [ElementFromDropDown.DropDown] : -----SelectElementFromDropDown was started ---------
2021-03-09 00:05:08   INFO [pages.LoginPage] : Login page was opened
2021-03-09 00:07:24   INFO [ElementFromDropDown.DropDown] : -----SelectElementFromDropDown was started ---------
2021-03-09 00:07:32   INFO [pages.LoginPage] : Login page was opened
2021-03-09 00:17:14   INFO [ElementFromDropDown.DropDown] : -----SelectElementFromDropDown was started ---------
2021-03-09 00:17:21   INFO [pages.LoginPage] : Login page was opened
2021-03-09 00:19:28   INFO [ElementFromDropDown.DropDown] : -----SelectElementFromDropDown was started ---------
2021-03-09 00:19:34   INFO [pages.LoginPage] : Login page was opened
2021-03-09 00:25:53   INFO [ElementFromDropDown.DropDown] : -----SelectElementFromDropDown was started ---------
2021-03-09 00:25:58   INFO [pages.LoginPage] : Login page was opened
2021-03-09 00:28:40   INFO [ElementFromDropDown.DropDown] : -----SelectElementFromDropDown was started ---------
2021-03-09 00:28:46   INFO [pages.LoginPage] : Login page was opened
2021-03-09 00:36:24   INFO [ElementFromDropDown.DropDown] : -----SelectElementFromDropDown was started ---------
2021-03-09 00:36:30   INFO [pages.LoginPage] : Login page was opened
2021-03-09 00:48:58   INFO [ElementFromDropDown.DropDown] : -----SelectElementFromDropDown was started ---------
2021-03-09 00:49:05   INFO [pages.LoginPage] : Login page was opened
2021-03-09 00:51:43   INFO [ElementFromDropDown.DropDown] : -----SelectElementFromDropDown was started ---------
2021-03-09 00:51:49   INFO [pages.LoginPage] : Login page was opened
2021-03-09 00:54:15   INFO [ElementFromDropDown.DropDown] : -----SelectElementFromDropDown was started ---------
2021-03-09 00:54:22   INFO [pages.LoginPage] : Login page was opened
2021-03-09 00:55:44   INFO [ElementFromDropDown.DropDown] : -----SelectElementFromDropDown was started ---------
2021-03-09 00:55:51   INFO [pages.LoginPage] : Login page was opened
2021-03-09 00:57:54   INFO [ElementFromDropDown.DropDown] : -----SelectElementFromDropDown was started ---------
2021-03-09 00:58:02   INFO [pages.LoginPage] : Login page was opened
2021-03-09 01:08:53   INFO [ElementFromDropDown.DropDown] : -----SelectElementFromDropDown was started ---------
2021-03-09 01:09:00   INFO [pages.LoginPage] : Login page was opened
2021-03-09 01:10:48   INFO [ElementFromDropDown.DropDown] : -----SelectElementFromDropDown was started ---------
2021-03-09 01:10:55   INFO [pages.LoginPage] : Login page was opened
2021-03-09 01:28:02   INFO [ElementFromDropDown.DropDown] : -----SelectElementFromDropDown was started ---------
2021-03-09 01:28:09   INFO [pages.LoginPage] : Login page was opened
2021-03-09 01:35:39   INFO [ElementFromDropDown.DropDown] : -----SelectElementFromDropDown was started ---------
2021-03-09 01:35:46   INFO [pages.LoginPage] : Login page was opened
2021-03-09 01:38:41   INFO [ElementFromDropDown.DropDown] : -----SelectElementFromDropDown was started ---------
2021-03-09 01:38:48   INFO [pages.LoginPage] : Login page was opened
2021-03-09 01:40:25   INFO [ElementFromDropDown.DropDown] : -----SelectElementFromDropDown was started ---------
2021-03-09 01:40:31   INFO [pages.LoginPage] : Login page was opened
2021-03-09 01:40:34   INFO [pages.DropDownMenu] :  Element was click
2021-03-09 01:41:06   INFO [ElementFromDropDown.DropDown] : -----SelectElementFromDropDown was started ---------
2021-03-09 01:41:14   INFO [pages.LoginPage] : Login page was opened
2021-03-09 01:41:16   INFO [pages.DropDownMenu] :  Element was click
2021-03-09 01:41:16   INFO [ElementFromDropDown.DropDown] : -----SelectElementFromDropDown was ended ---------
2021-05-09 21:50:55   INFO [MakeAnOrder.MakeAnOrder] : -----purchases was started ---------
2021-05-09 21:51:03   INFO [pages.LoginPage] : Login page was opened
2021-05-09 21:51:05   INFO [pages.LoginPage] :  Element was click
2021-05-09 21:51:06   INFO [pages.LoginPage] : 'valerinskaya9972@gmail.com' was inputted in element 
2021-05-09 21:51:06   INFO [pages.LoginPage] : '.Cp9P4QtS5VatBk' was inputted in element 
2021-05-09 21:51:08   INFO [pages.LoginPage] :  Element was click
2021-05-09 21:51:09   INFO [pages.HomePage] :  Element was click
2021-05-09 21:51:12   INFO [pages.DropDownMenu] :  Element was click
2021-05-09 21:51:42  ERROR [pages.HomePage] : Can not work with element org.openqa.selenium.TimeoutException: Expected condition failed: waiting for element to be clickable: Click On Add To Cart (tried for 5 second(s) with 500 milliseconds interval)
2021-05-09 21:51:43   INFO [MakeAnOrder.MakeAnOrder] : -----purchases was ended ---------
2021-05-09 21:57:34   INFO [MakeAnOrder.MakeAnOrder] : -----purchases was started ---------
2021-05-09 21:57:40   INFO [pages.LoginPage] : Login page was opened
2021-05-09 21:57:42   INFO [pages.LoginPage] :  Element was click
2021-05-09 21:57:42   INFO [pages.LoginPage] : 'valerinskaya9972@gmail.com' was inputted in element 
2021-05-09 21:57:42   INFO [pages.LoginPage] : '.Cp9P4QtS5VatBk' was inputted in element 
2021-05-09 21:57:43   INFO [pages.LoginPage] :  Element was click
2021-05-09 21:57:45   INFO [pages.HomePage] :  Element was click
2021-05-09 21:57:46   INFO [MakeAnOrder.MakeAnOrder] : -----purchases was ended ---------
2021-05-09 21:59:43   INFO [MakeAnOrder.MakeAnOrder] : -----purchases was started ---------
2021-05-09 21:59:48   INFO [pages.LoginPage] : Login page was opened
2021-05-09 21:59:51   INFO [pages.LoginPage] :  Element was click
2021-05-09 21:59:51   INFO [pages.LoginPage] : 'valerinskaya9972@gmail.com' was inputted in element 
2021-05-09 21:59:51   INFO [pages.LoginPage] : '.Cp9P4QtS5VatBk' was inputted in element 
2021-05-09 21:59:53   INFO [pages.LoginPage] :  Element was click
2021-05-09 21:59:54   INFO [pages.HomePage] :  Element was click
2021-05-09 21:59:55   INFO [MakeAnOrder.MakeAnOrder] : -----purchases was ended ---------
2021-05-09 22:01:37   INFO [MakeAnOrder.MakeAnOrder] : -----purchases was started ---------
2021-05-09 22:01:44   INFO [pages.LoginPage] : Login page was opened
2021-05-09 22:01:46   INFO [pages.LoginPage] :  Element was click
2021-05-09 22:01:46   INFO [pages.LoginPage] : 'valerinskaya9972@gmail.com' was inputted in element 
2021-05-09 22:01:46   INFO [pages.LoginPage] : '.Cp9P4QtS5VatBk' was inputted in element 
2021-05-09 22:01:47   INFO [pages.LoginPage] :  Element was click
2021-05-09 22:01:49   INFO [pages.HomePage] :  Element was click
2021-05-09 22:01:50   INFO [MakeAnOrder.MakeAnOrder] : -----purchases was ended ---------
2021-05-09 22:03:41   INFO [MakeAnOrder.MakeAnOrder] : -----purchases was started ---------
2021-05-09 22:03:48   INFO [pages.LoginPage] : Login page was opened
2021-05-09 22:03:50   INFO [pages.LoginPage] :  Element was click
2021-05-09 22:03:50   INFO [pages.LoginPage] : 'valerinskaya9972@gmail.com' was inputted in element 
2021-05-09 22:03:50   INFO [pages.LoginPage] : '.Cp9P4QtS5VatBk' was inputted in element 
2021-05-09 22:03:52   INFO [pages.LoginPage] :  Element was click
2021-05-09 22:03:54   INFO [pages.HomePage] :  Element was click
2021-05-09 22:03:54   INFO [pages.HomePage] :  Element was click
2021-05-09 22:03:54   INFO [pages.HomePage] : 'Click On Add To Cart' Element was click
2021-05-09 22:03:57   INFO [pages.HomePage] :  Element was click
2021-05-09 22:03:58   INFO [pages.HomePage] :  Element was click
2021-05-09 22:04:29  ERROR [pages.HomePage] : Can not work with element org.openqa.selenium.TimeoutException: Expected condition failed: waiting for element to be clickable: Agree Check Box (tried for 5 second(s) with 500 milliseconds interval)
2021-05-09 22:04:29   INFO [MakeAnOrder.MakeAnOrder] : -----purchases was ended ---------
2021-05-09 22:05:09   INFO [MakeAnOrder.MakeAnOrder] : -----purchases was started ---------
2021-05-09 22:05:15   INFO [pages.LoginPage] : Login page was opened
2021-05-09 22:05:18   INFO [pages.LoginPage] :  Element was click
2021-05-09 22:05:18   INFO [pages.LoginPage] : 'valerinskaya9972@gmail.com' was inputted in element 
2021-05-09 22:05:18   INFO [pages.LoginPage] : '.Cp9P4QtS5VatBk' was inputted in element 
2021-05-09 22:05:20   INFO [pages.LoginPage] :  Element was click
2021-05-09 22:05:22   INFO [pages.HomePage] :  Element was click
2021-05-09 22:05:22   INFO [pages.HomePage] :  Element was click
2021-05-09 22:05:22   INFO [pages.HomePage] : 'Click On Add To Cart' Element was click
2021-05-09 22:05:26   INFO [pages.HomePage] :  Element was click
2021-05-09 22:05:28   INFO [pages.HomePage] :  Element was click
2021-05-09 22:05:29   INFO [pages.LoginPage] : Login page was opened
2021-05-09 22:05:32   INFO [pages.LoginPage] :  Element was click
2021-05-09 22:05:33   INFO [pages.LoginPage] : 'valerinskaya9972@gmail.com' was inputted in element 
2021-05-09 22:05:33   INFO [pages.LoginPage] : '.Cp9P4QtS5VatBk' was inputted in element 
2021-05-09 22:05:34   INFO [pages.LoginPage] :  Element was click
2021-05-09 22:07:59   INFO [MakeAnOrder.MakeAnOrder] : -----purchases was started ---------
2021-05-09 22:08:05   INFO [pages.LoginPage] : Login page was opened
2021-05-09 22:08:07   INFO [pages.LoginPage] :  Element was click
2021-05-09 22:08:08   INFO [pages.LoginPage] : 'valerinskaya9972@gmail.com' was inputted in element 
2021-05-09 22:08:08   INFO [pages.LoginPage] : '.Cp9P4QtS5VatBk' was inputted in element 
2021-05-09 22:08:09   INFO [pages.LoginPage] :  Element was click
2021-05-09 22:08:11   INFO [pages.HomePage] :  Element was click
2021-05-09 22:08:11   INFO [pages.HomePage] :  Element was click
2021-05-09 22:08:11   INFO [pages.HomePage] : 'Click On Add To Cart' Element was click
2021-05-09 22:08:15   INFO [pages.HomePage] :  Element was click
2021-05-09 22:08:18   INFO [pages.HomePage] :  Element was click
2021-05-09 22:08:18   INFO [pages.LoginPage] : 'valerinskaya9972@gmail.com' was inputted in element 
2021-05-09 22:08:18   INFO [pages.LoginPage] : '.Cp9P4QtS5VatBk' was inputted in element 
2021-05-09 22:08:20   INFO [pages.LoginPage] :  Element was click
2021-05-09 22:08:50  ERROR [pages.HomePage] : Can not work with element org.openqa.selenium.TimeoutException: Expected condition failed: waiting for element to be clickable: Check Out Shipping (tried for 5 second(s) with 500 milliseconds interval)
2021-05-09 22:08:50   INFO [MakeAnOrder.MakeAnOrder] : -----purchases was ended ---------
2021-05-09 22:09:24   INFO [MakeAnOrder.MakeAnOrder] : -----purchases was started ---------
2021-05-09 22:09:32   INFO [pages.LoginPage] : Login page was opened
2021-05-09 22:09:34   INFO [pages.LoginPage] :  Element was click
2021-05-09 22:09:34   INFO [pages.LoginPage] : 'valerinskaya9972@gmail.com' was inputted in element 
2021-05-09 22:09:34   INFO [pages.LoginPage] : '.Cp9P4QtS5VatBk' was inputted in element 
2021-05-09 22:09:36   INFO [pages.LoginPage] :  Element was click
2021-05-09 22:09:38   INFO [pages.HomePage] :  Element was click
2021-05-09 22:09:38   INFO [pages.HomePage] :  Element was click
2021-05-09 22:09:39   INFO [pages.HomePage] : 'Click On Add To Cart' Element was click
2021-05-09 22:09:41   INFO [pages.HomePage] :  Element was click
2021-05-09 22:09:43   INFO [pages.HomePage] :  Element was click
2021-05-09 22:09:43   INFO [pages.LoginPage] : 'valerinskaya9972@gmail.com' was inputted in element 
2021-05-09 22:09:43   INFO [pages.LoginPage] : '.Cp9P4QtS5VatBk' was inputted in element 
2021-05-09 22:09:45   INFO [pages.LoginPage] :  Element was click
2021-05-09 22:10:13  ERROR [pages.HomePage] : Can not work with element org.openqa.selenium.TimeoutException: Expected condition failed: waiting for element to be clickable: Check Out Shipping (tried for 5 second(s) with 500 milliseconds interval)
2021-05-09 22:10:13   INFO [MakeAnOrder.MakeAnOrder] : -----purchases was ended ---------
2021-05-09 22:10:17   INFO [MakeAnOrder.MakeAnOrder] : -----purchases was started ---------
2021-05-09 22:10:23   INFO [pages.LoginPage] : Login page was opened
2021-05-09 22:10:24   INFO [pages.LoginPage] :  Element was click
2021-05-09 22:10:25   INFO [pages.LoginPage] : 'valerinskaya9972@gmail.com' was inputted in element 
2021-05-09 22:10:25   INFO [pages.LoginPage] : '.Cp9P4QtS5VatBk' was inputted in element 
2021-05-09 22:10:26   INFO [pages.LoginPage] :  Element was click
2021-05-09 22:10:28   INFO [pages.HomePage] :  Element was click
2021-05-09 22:10:31   INFO [pages.HomePage] :  Element was click
2021-05-09 22:10:31   INFO [pages.HomePage] : 'Click On Add To Cart' Element was click
2021-05-09 22:10:34   INFO [pages.HomePage] :  Element was click
2021-05-09 22:10:35   INFO [pages.HomePage] :  Element was click
2021-05-09 22:10:35   INFO [pages.LoginPage] : 'valerinskaya9972@gmail.com' was inputted in element 
2021-05-09 22:10:36   INFO [pages.LoginPage] : '.Cp9P4QtS5VatBk' was inputted in element 
2021-05-09 22:10:37   INFO [pages.LoginPage] :  Element was click
2021-05-09 22:10:52  ERROR [pages.HomePage] : Can not work with element org.openqa.selenium.TimeoutException: Expected condition failed: waiting for element to be clickable: Check Out Shipping (tried for 5 second(s) with 500 milliseconds interval)
2021-05-09 22:10:53   INFO [MakeAnOrder.MakeAnOrder] : -----purchases was ended ---------
2021-05-09 22:12:06   INFO [MakeAnOrder.MakeAnOrder] : -----purchases was started ---------
2021-05-09 22:12:12   INFO [pages.LoginPage] : Login page was opened
2021-05-09 22:12:14   INFO [pages.LoginPage] :  Element was click
2021-05-09 22:12:14   INFO [pages.LoginPage] : 'valerinskaya9972@gmail.com' was inputted in element 
2021-05-09 22:12:14   INFO [pages.LoginPage] : '.Cp9P4QtS5VatBk' was inputted in element 
2021-05-09 22:12:16   INFO [pages.LoginPage] :  Element was click
2021-05-09 22:12:18   INFO [pages.HomePage] :  Element was click
2021-05-09 22:12:18   INFO [pages.HomePage] :  Element was click
2021-05-09 22:12:18   INFO [pages.HomePage] : 'Click On Add To Cart' Element was click
2021-05-09 22:12:21   INFO [pages.HomePage] :  Element was click
2021-05-09 22:12:23   INFO [pages.HomePage] :  Element was click
2021-05-09 22:12:23   INFO [pages.LoginPage] : 'valerinskaya9972@gmail.com' was inputted in element 
2021-05-09 22:12:23   INFO [pages.LoginPage] : '.Cp9P4QtS5VatBk' was inputted in element 
2021-05-09 22:12:25   INFO [pages.LoginPage] :  Element was click
2021-05-09 22:12:55  ERROR [pages.HomePage] : Can not work with element org.openqa.selenium.TimeoutException: Expected condition failed: waiting for element to be clickable: Check Out Shipping (tried for 5 second(s) with 500 milliseconds interval)
2021-05-09 22:12:55   INFO [MakeAnOrder.MakeAnOrder] : -----purchases was ended ---------
2021-05-09 22:15:57   INFO [MakeAnOrder.MakeAnOrder] : -----purchases was started ---------
2021-05-09 22:16:03   INFO [pages.LoginPage] : Login page was opened
2021-05-09 22:16:05   INFO [pages.LoginPage] :  Element was click
2021-05-09 22:16:05   INFO [pages.LoginPage] : 'valerinskaya9972@gmail.com' was inputted in element 
2021-05-09 22:16:05   INFO [pages.LoginPage] : '.Cp9P4QtS5VatBk' was inputted in element 
2021-05-09 22:16:06   INFO [pages.LoginPage] :  Element was click
2021-05-09 22:16:08   INFO [pages.HomePage] :  Element was click
2021-05-09 22:16:09   INFO [pages.HomePage] :  Element was click
2021-05-09 22:16:09   INFO [pages.HomePage] : 'Click On Add To Cart' Element was click
2021-05-09 22:16:11   INFO [pages.HomePage] :  Element was click
2021-05-09 22:16:13   INFO [pages.HomePage] :  Element was click
2021-05-09 22:16:13   INFO [pages.LoginPage] : 'valerinskaya9972@gmail.com' was inputted in element 
2021-05-09 22:16:13   INFO [pages.LoginPage] : '.Cp9P4QtS5VatBk' was inputted in element 
2021-05-09 22:16:14   INFO [pages.LoginPage] :  Element was click
2021-05-09 22:16:45  ERROR [pages.HomePage] : Can not work with element org.openqa.selenium.TimeoutException: Expected condition failed: waiting for element to be clickable: Check Out Shipping (tried for 5 second(s) with 500 milliseconds interval)
2021-05-09 22:16:45   INFO [MakeAnOrder.MakeAnOrder] : -----purchases was ended ---------
2021-05-09 22:20:05   INFO [MakeAnOrder.MakeAnOrder] : -----purchases was started ---------
2021-05-09 22:22:41   INFO [MakeAnOrder.MakeAnOrder] : -----purchases was started ---------
2021-05-09 22:22:47   INFO [pages.LoginPage] : Login page was opened
2021-05-09 22:22:49   INFO [pages.LoginPage] :  Element was click
2021-05-09 22:22:49   INFO [pages.LoginPage] : 'valerinskaya9972@gmail.com' was inputted in element 
2021-05-09 22:22:50   INFO [pages.LoginPage] : '.Cp9P4QtS5VatBk' was inputted in element 
2021-05-09 22:22:53   INFO [pages.LoginPage] :  Element was click
2021-05-09 22:22:55   INFO [pages.HomePage] :  Element was click
2021-05-09 22:22:55   INFO [pages.HomePage] :  Element was click
2021-05-09 22:22:55   INFO [pages.HomePage] : 'Click On Add To Cart' Element was click
2021-05-09 22:22:57   INFO [pages.HomePage] :  Element was click
2021-05-09 22:22:59   INFO [pages.HomePage] :  Element was click
2021-05-09 22:22:59   INFO [pages.LoginPage] : 'valerinskaya9972@gmail.com' was inputted in element 
2021-05-09 22:22:59   INFO [pages.LoginPage] : '.Cp9P4QtS5VatBk' was inputted in element 
2021-05-09 22:23:02   INFO [pages.HomePage] :  Element was click
2021-05-09 22:23:07  ERROR [pages.HomePage] : Can not work with element org.openqa.selenium.TimeoutException: Expected condition failed: waiting for element to be clickable: Pay By Bank Wire (tried for 5 second(s) with 500 milliseconds interval)
Build info: version: '3.141.59', revision: 'e82be7d358', time: '2018-11-14T08:17:03'
System info: host: 'LAPTOP-TJ23JI33', ip: '192.168.31.183', os.name: 'Windows 10', os.arch: 'amd64', os.version: '10.0', java.version: '16.0.2'
Driver info: org.openqa.selenium.chrome.ChromeDriver
Capabilities {acceptInsecureCerts: false, browserName: chrome, browserVersion: 93.0.4577.63, chrome: {chromedriverVersion: 92.0.4515.107 (87a818b10553..., userDataDir: C:\Users\7272~1\AppData\Loc...}, goog:chromeOptions: {debuggerAddress: localhost:55286}, javascriptEnabled: true, networkConnectionEnabled: false, pageLoadStrategy: normal, platform: WINDOWS, platformName: WINDOWS, proxy: Proxy(), setWindowRect: true, strictFileInteractability: false, timeouts: {implicit: 0, pageLoad: 300000, script: 30000}, unhandledPromptBehavior: dismiss and notify, webauthn:extension:credBlob: true, webauthn:extension:largeBlob: true, webauthn:virtualAuthenticators: true}
Session ID: 0f76e781fae3dfd8f110307578371b10
2021-05-09 22:23:08   INFO [MakeAnOrder.MakeAnOrder] : -----purchases was ended ---------
2021-05-09 22:26:26   INFO [MakeAnOrder.MakeAnOrder] : -----purchases was started ---------
2021-05-09 22:26:32   INFO [pages.LoginPage] : Login page was opened
2021-05-09 22:26:35   INFO [pages.LoginPage] :  Element was click
2021-05-09 22:26:35   INFO [pages.LoginPage] : 'valerinskaya9972@gmail.com' was inputted in element 
2021-05-09 22:26:35   INFO [pages.LoginPage] : '.Cp9P4QtS5VatBk' was inputted in element 
2021-05-09 22:26:37   INFO [pages.LoginPage] :  Element was click
2021-05-09 22:26:40   INFO [pages.HomePage] :  Element was click
2021-05-09 22:26:40   INFO [pages.HomePage] :  Element was click
2021-05-09 22:26:40   INFO [pages.HomePage] : 'Click On Add To Cart' Element was click
2021-05-09 22:26:43   INFO [pages.HomePage] :  Element was click
2021-05-09 22:26:45   INFO [pages.HomePage] :  Element was click
2021-05-09 22:26:45   INFO [pages.LoginPage] : 'valerinskaya9972@gmail.com' was inputted in element 
2021-05-09 22:26:45   INFO [pages.LoginPage] : '.Cp9P4QtS5VatBk' was inputted in element 
2021-05-09 22:26:48   INFO [pages.HomePage] :  Element was click
2021-05-09 22:27:18  ERROR [pages.HomePage] : Can not work with element org.openqa.selenium.TimeoutException: Expected condition failed: waiting for element to be clickable: Check Out Shipping (tried for 5 second(s) with 500 milliseconds interval)
2021-05-09 22:27:18   INFO [MakeAnOrder.MakeAnOrder] : -----purchases was ended ---------
2021-05-09 22:27:53   INFO [MakeAnOrder.MakeAnOrder] : -----purchases was started ---------
2021-05-09 22:27:59   INFO [pages.LoginPage] : Login page was opened
2021-05-09 22:28:03   INFO [pages.LoginPage] :  Element was click
2021-05-09 22:28:03   INFO [pages.LoginPage] : 'valerinskaya9972@gmail.com' was inputted in element 
2021-05-09 22:28:03   INFO [pages.LoginPage] : '.Cp9P4QtS5VatBk' was inputted in element 
2021-05-09 22:28:05   INFO [pages.LoginPage] :  Element was click
2021-05-09 22:28:07   INFO [pages.HomePage] :  Element was click
2021-05-09 22:28:07   INFO [pages.HomePage] :  Element was click
2021-05-09 22:28:07   INFO [pages.HomePage] : 'Click On Add To Cart' Element was click
2021-05-09 22:28:10   INFO [pages.HomePage] :  Element was click
2021-05-09 22:28:11   INFO [pages.HomePage] :  Element was click
2021-05-09 22:28:11   INFO [pages.LoginPage] : 'valerinskaya9972@gmail.com' was inputted in element 
2021-05-09 22:28:12   INFO [pages.LoginPage] : '.Cp9P4QtS5VatBk' was inputted in element 
2021-05-09 22:28:33  ERROR [pages.HomePage] : Can not work with element org.openqa.selenium.TimeoutException: Expected condition failed: waiting for element to be clickable: Agree Check Box (tried for 5 second(s) with 500 milliseconds interval)
2021-05-09 22:28:33   INFO [MakeAnOrder.MakeAnOrder] : -----purchases was ended ---------
2021-05-09 22:28:39   INFO [MakeAnOrder.MakeAnOrder] : -----purchases was started ---------
2021-05-09 22:28:45   INFO [pages.LoginPage] : Login page was opened
2021-05-09 22:28:47   INFO [pages.LoginPage] :  Element was click
2021-05-09 22:28:48   INFO [pages.LoginPage] : 'valerinskaya9972@gmail.com' was inputted in element 
2021-05-09 22:28:48   INFO [pages.LoginPage] : '.Cp9P4QtS5VatBk' was inputted in element 
2021-05-09 22:28:49   INFO [pages.LoginPage] :  Element was click
2021-05-09 22:28:52   INFO [pages.HomePage] :  Element was click
2021-05-09 22:28:53   INFO [pages.HomePage] :  Element was click
2021-05-09 22:28:53   INFO [pages.HomePage] : 'Click On Add To Cart' Element was click
2021-05-09 22:28:56   INFO [pages.HomePage] :  Element was click
2021-05-09 22:28:57   INFO [pages.HomePage] :  Element was click
2021-05-09 22:28:58   INFO [pages.LoginPage] : 'valerinskaya9972@gmail.com' was inputted in element 
2021-05-09 22:28:58   INFO [pages.LoginPage] : '.Cp9P4QtS5VatBk' was inputted in element 
2021-05-09 22:29:29  ERROR [pages.HomePage] : Can not work with element org.openqa.selenium.TimeoutException: Expected condition failed: waiting for element to be clickable: Agree Check Box (tried for 5 second(s) with 500 milliseconds interval)
2021-05-09 22:29:30   INFO [MakeAnOrder.MakeAnOrder] : -----purchases was ended ---------
2021-05-09 22:32:18   INFO [MakeAnOrder.MakeAnOrder] : -----purchases was started ---------
2021-05-09 22:32:23   INFO [pages.LoginPage] : Login page was opened
2021-05-09 22:32:25   INFO [pages.LoginPage] :  Element was click
2021-05-09 22:32:25   INFO [pages.LoginPage] : 'valerinskaya9972@gmail.com' was inputted in element 
2021-05-09 22:32:25   INFO [pages.LoginPage] : '.Cp9P4QtS5VatBk' was inputted in element 
2021-05-09 22:32:27   INFO [pages.LoginPage] :  Element was click
2021-05-09 22:32:29   INFO [pages.HomePage] :  Element was click
2021-05-09 22:32:29   INFO [pages.HomePage] :  Element was click
2021-05-09 22:32:29   INFO [pages.HomePage] : 'Click On Add To Cart' Element was click
2021-05-09 22:32:32   INFO [pages.HomePage] :  Element was click
2021-05-09 22:32:34   INFO [pages.HomePage] :  Element was click
2021-05-09 22:32:34   INFO [pages.LoginPage] : 'valerinskaya9972@gmail.com' was inputted in element 
2021-05-09 22:32:34   INFO [pages.LoginPage] : '.Cp9P4QtS5VatBk' was inputted in element 
2021-05-09 22:33:06  ERROR [pages.HomePage] : Can not work with element org.openqa.selenium.TimeoutException: Expected condition failed: waiting for element to be clickable: Agree Check Box (tried for 5 second(s) with 500 milliseconds interval)
2021-05-09 22:33:06   INFO [MakeAnOrder.MakeAnOrder] : -----purchases was ended ---------
2021-05-09 22:36:43   INFO [MakeAnOrder.MakeAnOrder] : -----purchases was started ---------
2021-05-09 22:36:49   INFO [pages.LoginPage] : Login page was opened
2021-05-09 22:36:52   INFO [pages.LoginPage] :  Element was click
2021-05-09 22:36:52   INFO [pages.LoginPage] : 'valerinskaya9972@gmail.com' was inputted in element 
2021-05-09 22:36:52   INFO [pages.LoginPage] : '.Cp9P4QtS5VatBk' was inputted in element 
2021-05-09 22:36:54   INFO [pages.LoginPage] :  Element was click
2021-05-09 22:36:57   INFO [pages.HomePage] :  Element was click
2021-05-09 22:36:57   INFO [pages.HomePage] :  Element was click
2021-05-09 22:36:57   INFO [pages.HomePage] : 'Click On Add To Cart' Element was click
2021-05-09 22:37:00   INFO [pages.HomePage] :  Element was click
2021-05-09 22:37:02   INFO [pages.HomePage] :  Element was click
2021-05-09 22:37:12  ERROR [pages.HomePage] : Can not work with element org.openqa.selenium.TimeoutException: Expected condition failed: waiting for element to be clickable: Check Out Shipping (tried for 5 second(s) with 500 milliseconds interval)
2021-05-09 22:37:12   INFO [MakeAnOrder.MakeAnOrder] : -----purchases was ended ---------
2021-05-09 22:41:18   INFO [MakeAnOrder.MakeAnOrder] : -----purchases was started ---------
2021-05-09 22:41:24   INFO [pages.LoginPage] : Login page was opened
2021-05-09 22:41:27   INFO [pages.LoginPage] :  Element was click
2021-05-09 22:41:27   INFO [pages.LoginPage] : 'valerinskaya9972@gmail.com' was inputted in element 
2021-05-09 22:41:27   INFO [pages.LoginPage] : '.Cp9P4QtS5VatBk' was inputted in element 
2021-05-09 22:41:28   INFO [pages.LoginPage] :  Element was click
2021-05-09 22:41:31   INFO [pages.HomePage] :  Element was click
2021-05-09 22:41:31   INFO [pages.HomePage] :  Element was click
2021-05-09 22:41:31   INFO [pages.HomePage] : 'Click On Add To Cart' Element was click
2021-05-09 22:41:34   INFO [pages.HomePage] :  Element was click
2021-05-09 22:41:35   INFO [pages.HomePage] :  Element was click
2021-05-09 22:41:37   INFO [pages.LoginPage] : Login page was opened
2021-05-09 22:41:39   INFO [pages.LoginPage] :  Element was click
2021-05-09 22:41:39   INFO [pages.LoginPage] : 'valerinskaya9972@gmail.com' was inputted in element 
2021-05-09 22:41:39   INFO [pages.LoginPage] : '.Cp9P4QtS5VatBk' was inputted in element 
2021-05-09 22:41:41   INFO [pages.LoginPage] :  Element was click
2021-05-09 22:42:11  ERROR [pages.HomePage] : Can not work with element org.openqa.selenium.TimeoutException: Expected condition failed: waiting for element to be clickable: Check Out Shipping (tried for 5 second(s) with 500 milliseconds interval)
2021-05-09 22:42:11   INFO [MakeAnOrder.MakeAnOrder] : -----purchases was ended ---------
2021-05-09 22:48:33   INFO [MakeAnOrder.MakeAnOrder] : -----purchases was started ---------
2021-05-09 22:48:39   INFO [pages.LoginPage] : Login page was opened
2021-05-09 22:48:41   INFO [pages.LoginPage] :  Element was click
2021-05-09 22:48:41   INFO [pages.LoginPage] : 'valerinskaya9972@gmail.com' was inputted in element 
2021-05-09 22:48:41   INFO [pages.LoginPage] : '.Cp9P4QtS5VatBk' was inputted in element 
2021-05-09 22:48:44   INFO [pages.LoginPage] :  Element was click
2021-05-09 22:48:47   INFO [pages.HomePage] :  Element was click
2021-05-09 22:48:47   INFO [pages.HomePage] :  Element was click
2021-05-09 22:48:47   INFO [pages.HomePage] : 'Click On Add To Cart' Element was click
2021-05-09 22:48:53   INFO [pages.HomePage] :  Element was click
2021-05-09 22:48:58   INFO [pages.HomePage] :  Element was click
2021-05-09 22:48:59   INFO [pages.LoginPage] : Login page was opened
2021-05-09 22:49:01   INFO [pages.LoginPage] :  Element was click
2021-05-09 22:49:02   INFO [pages.LoginPage] : 'valerinskaya9972@gmail.com' was inputted in element 
2021-05-09 22:49:02   INFO [pages.LoginPage] : '.Cp9P4QtS5VatBk' was inputted in element 
2021-05-09 22:49:03   INFO [pages.LoginPage] :  Element was click
2021-05-09 22:49:34  ERROR [pages.HomePage] : Can not work with element org.openqa.selenium.TimeoutException: Expected condition failed: waiting for element to be clickable: Check Out Shipping (tried for 5 second(s) with 500 milliseconds interval)
2021-05-09 22:49:34   INFO [MakeAnOrder.MakeAnOrder] : -----purchases was ended ---------
2021-05-09 22:54:16   INFO [MakeAnOrder.MakeAnOrder] : -----purchases was started ---------
2021-05-09 22:54:22   INFO [pages.LoginPage] : Login page was opened
2021-05-09 22:54:23   INFO [pages.LoginPage] :  Element was click
2021-05-09 22:54:23   INFO [pages.LoginPage] : 'valerinskaya9972@gmail.com' was inputted in element 
2021-05-09 22:54:24   INFO [pages.LoginPage] : '.Cp9P4QtS5VatBk' was inputted in element 
2021-05-09 22:54:25   INFO [pages.LoginPage] :  Element was click
2021-05-09 22:54:28   INFO [pages.HomePage] :  Element was click
2021-05-09 22:54:28   INFO [pages.HomePage] :  Element was click
2021-05-09 22:54:28   INFO [pages.HomePage] : 'Click On Add To Cart' Element was click
2021-05-09 22:54:31   INFO [pages.HomePage] :  Element was click
2021-05-09 22:54:32   INFO [pages.HomePage] :  Element was click
2021-05-09 22:54:32   INFO [pages.LoginPage] : 'valerinskaya9972@gmail.com' was inputted in element 
2021-05-09 22:54:33   INFO [pages.LoginPage] : '.Cp9P4QtS5VatBk' was inputted in element 
2021-05-09 22:54:34   INFO [pages.LoginPage] :  Element was click
2021-05-09 22:55:04  ERROR [pages.HomePage] : Can not work with element org.openqa.selenium.TimeoutException: Expected condition failed: waiting for element to be clickable: Check Out Adress (tried for 5 second(s) with 500 milliseconds interval)
2021-05-09 22:55:04   INFO [MakeAnOrder.MakeAnOrder] : -----purchases was ended ---------
2021-05-09 22:55:10   INFO [MakeAnOrder.MakeAnOrder] : -----purchases was started ---------
2021-05-09 22:55:16   INFO [pages.LoginPage] : Login page was opened
2021-05-09 22:55:18   INFO [pages.LoginPage] :  Element was click
2021-05-09 22:55:19   INFO [pages.LoginPage] : 'valerinskaya9972@gmail.com' was inputted in element 
2021-05-09 22:55:19   INFO [pages.LoginPage] : '.Cp9P4QtS5VatBk' was inputted in element 
2021-05-09 22:55:20   INFO [pages.LoginPage] :  Element was click
2021-05-09 22:55:22   INFO [pages.HomePage] :  Element was click
2021-05-09 22:55:23   INFO [pages.HomePage] :  Element was click
2021-05-09 22:55:23   INFO [pages.HomePage] : 'Click On Add To Cart' Element was click
2021-05-09 22:55:26   INFO [pages.HomePage] :  Element was click
2021-05-09 22:55:27   INFO [pages.HomePage] :  Element was click
2021-05-09 22:55:27   INFO [pages.LoginPage] : 'valerinskaya9972@gmail.com' was inputted in element 
2021-05-09 22:55:28   INFO [pages.LoginPage] : '.Cp9P4QtS5VatBk' was inputted in element 
2021-05-09 22:55:30   INFO [pages.LoginPage] :  Element was click
2021-05-09 22:56:01  ERROR [pages.HomePage] : Can not work with element org.openqa.selenium.TimeoutException: Expected condition failed: waiting for element to be clickable: Check Out Adress (tried for 5 second(s) with 500 milliseconds interval)
2021-05-09 22:56:01   INFO [MakeAnOrder.MakeAnOrder] : -----purchases was ended ---------
2021-05-09 22:56:22   INFO [MakeAnOrder.MakeAnOrder] : -----purchases was started ---------
2021-05-09 22:56:28   INFO [pages.LoginPage] : Login page was opened
2021-05-09 22:56:30   INFO [pages.LoginPage] :  Element was click
2021-05-09 22:56:30   INFO [pages.LoginPage] : 'valerinskaya9972@gmail.com' was inputted in element 
2021-05-09 22:56:30   INFO [pages.LoginPage] : '.Cp9P4QtS5VatBk' was inputted in element 
2021-05-09 22:56:31   INFO [pages.LoginPage] :  Element was click
2021-05-09 22:56:34   INFO [pages.HomePage] :  Element was click
2021-05-09 22:56:34   INFO [pages.HomePage] :  Element was click
2021-05-09 22:56:34   INFO [pages.HomePage] : 'Click On Add To Cart' Element was click
2021-05-09 22:56:37   INFO [pages.HomePage] :  Element was click
2021-05-09 22:56:40   INFO [pages.HomePage] :  Element was click
2021-05-09 22:56:40   INFO [pages.LoginPage] : 'valerinskaya9972@gmail.com' was inputted in element 
2021-05-09 22:56:40   INFO [pages.LoginPage] : '.Cp9P4QtS5VatBk' was inputted in element 
2021-05-09 22:56:42   INFO [pages.LoginPage] :  Element was click
2021-05-09 22:57:13  ERROR [pages.HomePage] : Can not work with element org.openqa.selenium.TimeoutException: Expected condition failed: waiting for element to be clickable: Check Out Adress (tried for 5 second(s) with 500 milliseconds interval)
2021-05-09 22:57:13   INFO [MakeAnOrder.MakeAnOrder] : -----purchases was ended ---------
2021-05-09 22:57:35   INFO [MakeAnOrder.MakeAnOrder] : -----purchases was started ---------
2021-05-09 22:57:41   INFO [pages.LoginPage] : Login page was opened
2021-05-09 22:57:42   INFO [pages.LoginPage] :  Element was click
2021-05-09 22:57:43   INFO [pages.LoginPage] : 'valerinskaya9972@gmail.com' was inputted in element 
2021-05-09 22:57:43   INFO [pages.LoginPage] : '.Cp9P4QtS5VatBk' was inputted in element 
2021-05-09 22:57:45   INFO [pages.LoginPage] :  Element was click
2021-05-09 22:57:47   INFO [pages.HomePage] :  Element was click
2021-05-09 22:57:47   INFO [pages.HomePage] :  Element was click
2021-05-09 22:57:47   INFO [pages.HomePage] : 'Click On Add To Cart' Element was click
2021-05-09 22:57:50   INFO [pages.HomePage] :  Element was click
2021-05-09 22:57:53   INFO [pages.HomePage] :  Element was click
2021-05-09 22:57:53   INFO [pages.LoginPage] : 'valerinskaya9972@gmail.com' was inputted in element 
2021-05-09 22:57:53   INFO [pages.LoginPage] : '.Cp9P4QtS5VatBk' was inputted in element 
2021-05-09 22:58:25  ERROR [pages.HomePage] : Can not work with element org.openqa.selenium.TimeoutException: Expected condition failed: waiting for element to be clickable: Check Out Adress (tried for 5 second(s) with 500 milliseconds interval)
2021-05-09 22:58:25   INFO [MakeAnOrder.MakeAnOrder] : -----purchases was ended ---------
2021-05-09 22:59:55   INFO [MakeAnOrder.MakeAnOrder] : -----purchases was started ---------
2021-05-09 23:00:01   INFO [pages.LoginPage] : Login page was opened
2021-05-09 23:00:03   INFO [pages.LoginPage] :  Element was click
2021-05-09 23:00:03   INFO [pages.LoginPage] : 'valerinskaya9972@gmail.com' was inputted in element 
2021-05-09 23:00:03   INFO [pages.LoginPage] : '.Cp9P4QtS5VatBk' was inputted in element 
2021-05-09 23:00:05   INFO [pages.LoginPage] :  Element was click
2021-05-09 23:00:07   INFO [pages.HomePage] :  Element was click
2021-05-09 23:00:07   INFO [pages.HomePage] :  Element was click
2021-05-09 23:00:07   INFO [pages.HomePage] : 'Click On Add To Cart' Element was click
2021-05-09 23:00:10   INFO [pages.HomePage] :  Element was click
2021-05-09 23:00:11   INFO [pages.HomePage] :  Element was click
2021-05-09 23:00:11   INFO [pages.LoginPage] : 'valerinskaya9972@gmail.com' was inputted in element 
2021-05-09 23:00:11   INFO [pages.LoginPage] : '.Cp9P4QtS5VatBk' was inputted in element 
2021-05-09 23:00:43  ERROR [pages.HomePage] : Can not work with element org.openqa.selenium.TimeoutException: Expected condition failed: waiting for element to be clickable: Check Out Adress (tried for 5 second(s) with 500 milliseconds interval)
2021-05-09 23:00:44   INFO [MakeAnOrder.MakeAnOrder] : -----purchases was ended ---------
2021-05-09 23:02:22   INFO [MakeAnOrder.MakeAnOrder] : -----purchases was started ---------
2021-05-09 23:02:28   INFO [pages.LoginPage] : Login page was opened
2021-05-09 23:02:30   INFO [pages.LoginPage] :  Element was click
2021-05-09 23:02:30   INFO [pages.LoginPage] : 'valerinskaya9972@gmail.com' was inputted in element 
2021-05-09 23:02:30   INFO [pages.LoginPage] : '.Cp9P4QtS5VatBk' was inputted in element 
2021-05-09 23:02:32   INFO [pages.LoginPage] :  Element was click
2021-05-09 23:02:33   INFO [pages.HomePage] :  Element was click
2021-05-09 23:02:34   INFO [pages.HomePage] :  Element was click
2021-05-09 23:02:34   INFO [pages.HomePage] : 'Click On Add To Cart' Element was click
2021-05-09 23:02:36   INFO [pages.HomePage] :  Element was click
2021-05-09 23:02:38   INFO [pages.HomePage] :  Element was click
2021-05-09 23:02:38   INFO [pages.LoginPage] : 'valerinskaya9972@gmail.com' was inputted in element 
2021-05-09 23:02:38   INFO [pages.LoginPage] : '.Cp9P4QtS5VatBk' was inputted in element 
2021-05-09 23:02:49   INFO [MakeAnOrder.MakeAnOrder] : -----purchases was ended ---------
2021-05-09 23:03:38   INFO [MakeAnOrder.MakeAnOrder] : -----purchases was started ---------
2021-05-09 23:03:44   INFO [pages.LoginPage] : Login page was opened
2021-05-09 23:03:45   INFO [pages.LoginPage] :  Element was click
2021-05-09 23:03:46   INFO [pages.LoginPage] : 'valerinskaya9972@gmail.com' was inputted in element 
2021-05-09 23:03:46   INFO [pages.LoginPage] : '.Cp9P4QtS5VatBk' was inputted in element 
2021-05-09 23:03:47   INFO [pages.LoginPage] :  Element was click
2021-05-09 23:03:49   INFO [pages.HomePage] :  Element was click
2021-05-09 23:03:49   INFO [pages.HomePage] :  Element was click
2021-05-09 23:03:49   INFO [pages.HomePage] : 'Click On Add To Cart' Element was click
2021-05-09 23:03:54   INFO [pages.HomePage] :  Element was click
2021-05-09 23:03:55   INFO [pages.HomePage] :  Element was click
2021-05-09 23:03:56   INFO [pages.LoginPage] : 'valerinskaya9972@gmail.com' was inputted in element 
2021-05-09 23:03:56   INFO [pages.LoginPage] : '.Cp9P4QtS5VatBk' was inputted in element 
2021-05-09 23:03:57   INFO [pages.LoginPage] :  Element was click
2021-05-09 23:04:28  ERROR [pages.HomePage] : Can not work with element org.openqa.selenium.TimeoutException: Expected condition failed: waiting for element to be clickable: Check Out Shipping (tried for 5 second(s) with 500 milliseconds interval)
2021-05-09 23:04:29   INFO [MakeAnOrder.MakeAnOrder] : -----purchases was ended ---------
2021-05-09 23:05:07   INFO [MakeAnOrder.MakeAnOrder] : -----purchases was started ---------
2021-05-09 23:05:13   INFO [pages.LoginPage] : Login page was opened
2021-05-09 23:05:14   INFO [pages.LoginPage] :  Element was click
2021-05-09 23:05:14   INFO [pages.LoginPage] : 'valerinskaya9972@gmail.com' was inputted in element 
2021-05-09 23:05:15   INFO [pages.LoginPage] : '.Cp9P4QtS5VatBk' was inputted in element 
2021-05-09 23:05:17   INFO [pages.LoginPage] :  Element was click
2021-05-09 23:05:19   INFO [pages.HomePage] :  Element was click
2021-05-09 23:05:19   INFO [pages.HomePage] :  Element was click
2021-05-09 23:05:19   INFO [pages.HomePage] : 'Click On Add To Cart' Element was click
2021-05-09 23:05:22   INFO [pages.HomePage] :  Element was click
2021-05-09 23:05:24   INFO [pages.HomePage] :  Element was click
2021-05-09 23:05:24   INFO [pages.LoginPage] : 'valerinskaya9972@gmail.com' was inputted in element 
2021-05-09 23:05:24   INFO [pages.LoginPage] : '.Cp9P4QtS5VatBk' was inputted in element 
2021-05-09 23:05:26   INFO [pages.LoginPage] :  Element was click
2021-05-09 23:05:32  ERROR [pages.HomePage] : Can not work with element org.openqa.selenium.TimeoutException: Expected condition failed: waiting for element to be clickable: Agree Check Box (tried for 5 second(s) with 500 milliseconds interval)
Build info: version: '3.141.59', revision: 'e82be7d358', time: '2018-11-14T08:17:03'
System info: host: 'LAPTOP-TJ23JI33', ip: '192.168.31.183', os.name: 'Windows 10', os.arch: 'amd64', os.version: '10.0', java.version: '16.0.2'
Driver info: org.openqa.selenium.chrome.ChromeDriver
Capabilities {acceptInsecureCerts: false, browserName: chrome, browserVersion: 93.0.4577.63, chrome: {chromedriverVersion: 92.0.4515.107 (87a818b10553..., userDataDir: C:\Users\7272~1\AppData\Loc...}, goog:chromeOptions: {debuggerAddress: localhost:54247}, javascriptEnabled: true, networkConnectionEnabled: false, pageLoadStrategy: normal, platform: WINDOWS, platformName: WINDOWS, proxy: Proxy(), setWindowRect: true, strictFileInteractability: false, timeouts: {implicit: 0, pageLoad: 300000, script: 30000}, unhandledPromptBehavior: dismiss and notify, webauthn:extension:credBlob: true, webauthn:extension:largeBlob: true, webauthn:virtualAuthenticators: true}
Session ID: f719c51425937009ee388cafc0a6357f
2021-05-09 23:05:32   INFO [MakeAnOrder.MakeAnOrder] : -----purchases was ended ---------
2021-05-09 23:06:51   INFO [MakeAnOrder.MakeAnOrder] : -----purchases was started ---------
2021-05-09 23:06:58   INFO [pages.LoginPage] : Login page was opened
2021-05-09 23:06:59   INFO [pages.LoginPage] :  Element was click
2021-05-09 23:06:59   INFO [pages.LoginPage] : 'valerinskaya9972@gmail.com' was inputted in element 
2021-05-09 23:07:00   INFO [pages.LoginPage] : '.Cp9P4QtS5VatBk' was inputted in element 
2021-05-09 23:07:01   INFO [pages.LoginPage] :  Element was click
2021-05-09 23:07:03   INFO [pages.HomePage] :  Element was click
2021-05-09 23:07:03   INFO [pages.HomePage] :  Element was click
2021-05-09 23:07:03   INFO [pages.HomePage] : 'Click On Add To Cart' Element was click
2021-05-09 23:07:06   INFO [pages.HomePage] :  Element was click
2021-05-09 23:07:07   INFO [pages.HomePage] :  Element was click
2021-05-09 23:07:08   INFO [pages.LoginPage] : 'valerinskaya9972@gmail.com' was inputted in element 
2021-05-09 23:07:08   INFO [pages.LoginPage] : '.Cp9P4QtS5VatBk' was inputted in element 
2021-05-09 23:07:09   INFO [pages.LoginPage] :  Element was click
2021-05-09 23:07:16  ERROR [pages.HomePage] : Can not work with element org.openqa.selenium.TimeoutException: Expected condition failed: waiting for element to be clickable: Agree Check Box (tried for 5 second(s) with 500 milliseconds interval)
Build info: version: '3.141.59', revision: 'e82be7d358', time: '2018-11-14T08:17:03'
System info: host: 'LAPTOP-TJ23JI33', ip: '192.168.31.183', os.name: 'Windows 10', os.arch: 'amd64', os.version: '10.0', java.version: '16.0.2'
Driver info: org.openqa.selenium.chrome.ChromeDriver
Capabilities {acceptInsecureCerts: false, browserName: chrome, browserVersion: 93.0.4577.63, chrome: {chromedriverVersion: 92.0.4515.107 (87a818b10553..., userDataDir: C:\Users\7272~1\AppData\Loc...}, goog:chromeOptions: {debuggerAddress: localhost:53286}, javascriptEnabled: true, networkConnectionEnabled: false, pageLoadStrategy: normal, platform: WINDOWS, platformName: WINDOWS, proxy: Proxy(), setWindowRect: true, strictFileInteractability: false, timeouts: {implicit: 0, pageLoad: 300000, script: 30000}, unhandledPromptBehavior: dismiss and notify, webauthn:extension:credBlob: true, webauthn:extension:largeBlob: true, webauthn:virtualAuthenticators: true}
Session ID: 1bac8ede189814c0b0e9f77b3006bf90
2021-05-09 23:07:16   INFO [MakeAnOrder.MakeAnOrder] : -----purchases was ended ---------
2021-05-09 23:11:11   INFO [MakeAnOrder.MakeAnOrder] : -----purchases was started ---------
2021-05-09 23:11:18   INFO [pages.LoginPage] : Login page was opened
2021-05-09 23:11:19   INFO [pages.LoginPage] :  Element was click
2021-05-09 23:11:20   INFO [pages.LoginPage] : 'valerinskaya9972@gmail.com' was inputted in element 
2021-05-09 23:11:20   INFO [pages.LoginPage] : '.Cp9P4QtS5VatBk' was inputted in element 
2021-05-09 23:11:21   INFO [pages.LoginPage] :  Element was click
2021-05-09 23:11:23   INFO [pages.HomePage] :  Element was click
2021-05-09 23:11:24   INFO [pages.HomePage] :  Element was click
2021-05-09 23:11:24   INFO [pages.HomePage] : 'Click On Add To Cart' Element was click
2021-05-09 23:11:27   INFO [pages.HomePage] :  Element was click
2021-05-09 23:11:29   INFO [pages.HomePage] :  Element was click
2021-05-09 23:11:29   INFO [pages.LoginPage] : 'valerinskaya9972@gmail.com' was inputted in element 
2021-05-09 23:11:29   INFO [pages.LoginPage] : '.Cp9P4QtS5VatBk' was inputted in element 
2021-05-09 23:11:31   INFO [pages.LoginPage] :  Element was click
2021-05-09 23:12:02  ERROR [pages.HomePage] : Can not work with element org.openqa.selenium.TimeoutException: Expected condition failed: waiting for element to be clickable: Check Out Shipping (tried for 5 second(s) with 500 milliseconds interval)
2021-05-09 23:12:03   INFO [MakeAnOrder.MakeAnOrder] : -----purchases was ended ---------
2021-05-09 23:12:44   INFO [MakeAnOrder.MakeAnOrder] : -----purchases was started ---------
2021-05-09 23:14:10   INFO [MakeAnOrder.MakeAnOrder] : -----purchases was started ---------
2021-05-09 23:14:16   INFO [pages.LoginPage] : Login page was opened
2021-05-09 23:14:17   INFO [pages.LoginPage] :  Element was click
2021-05-09 23:14:18   INFO [pages.LoginPage] : 'valerinskaya9972@gmail.com' was inputted in element 
2021-05-09 23:14:18   INFO [pages.LoginPage] : '.Cp9P4QtS5VatBk' was inputted in element 
2021-05-09 23:14:20   INFO [pages.LoginPage] :  Element was click
2021-05-09 23:14:23   INFO [pages.HomePage] :  Element was click
2021-05-09 23:14:23   INFO [pages.HomePage] :  Element was click
2021-05-09 23:14:23   INFO [pages.HomePage] : 'Click On Add To Cart' Element was click
2021-05-09 23:14:25   INFO [pages.HomePage] :  Element was click
2021-05-09 23:14:27   INFO [pages.HomePage] :  Element was click
2021-05-09 23:14:27   INFO [pages.LoginPage] : 'valerinskaya9972@gmail.com' was inputted in element 
2021-05-09 23:14:27   INFO [pages.LoginPage] : '.Cp9P4QtS5VatBk' was inputted in element 
2021-05-09 23:14:29   INFO [pages.LoginPage] :  Element was click
2021-05-09 23:14:31   INFO [pages.HomePage] :  Element was click
2021-05-09 23:15:01  ERROR [pages.HomePage] : Can not work with element org.openqa.selenium.TimeoutException: Expected condition failed: waiting for element to be clickable: Check Out Shipping (tried for 5 second(s) with 500 milliseconds interval)
2021-05-09 23:15:01   INFO [MakeAnOrder.MakeAnOrder] : -----purchases was ended ---------
2021-05-09 23:16:15   INFO [MakeAnOrder.MakeAnOrder] : -----purchases was started ---------
2021-05-09 23:16:20   INFO [pages.LoginPage] : Login page was opened
2021-05-09 23:16:22   INFO [pages.LoginPage] :  Element was click
2021-05-09 23:16:23   INFO [pages.LoginPage] : 'valerinskaya9972@gmail.com' was inputted in element 
2021-05-09 23:16:23   INFO [pages.LoginPage] : '.Cp9P4QtS5VatBk' was inputted in element 
2021-05-09 23:16:24   INFO [pages.LoginPage] :  Element was click
2021-05-09 23:16:26   INFO [pages.HomePage] :  Element was click
2021-05-09 23:16:26   INFO [pages.HomePage] :  Element was click
2021-05-09 23:16:26   INFO [pages.HomePage] : 'Click On Add To Cart' Element was click
2021-05-09 23:16:29   INFO [pages.HomePage] :  Element was click
2021-05-09 23:16:30   INFO [pages.HomePage] :  Element was click
2021-05-09 23:16:30   INFO [pages.LoginPage] : 'valerinskaya9972@gmail.com' was inputted in element 
2021-05-09 23:16:30   INFO [pages.LoginPage] : '.Cp9P4QtS5VatBk' was inputted in element 
2021-05-09 23:16:32   INFO [pages.LoginPage] :  Element was click
2021-05-09 23:16:34   INFO [pages.HomePage] :  Element was click
2021-05-09 23:17:05  ERROR [pages.HomePage] : Can not work with element org.openqa.selenium.TimeoutException: Expected condition failed: waiting for element to be clickable: Check Out Shipping (tried for 5 second(s) with 500 milliseconds interval)
2021-05-09 23:17:05   INFO [MakeAnOrder.MakeAnOrder] : -----purchases was ended ---------
2021-05-09 23:19:58   INFO [MakeAnOrder.MakeAnOrder] : -----purchases was started ---------
2021-05-09 23:20:04   INFO [pages.LoginPage] : Login page was opened
2021-05-09 23:20:05   INFO [pages.LoginPage] :  Element was click
2021-05-09 23:20:06   INFO [pages.LoginPage] : 'valerinskaya9972@gmail.com' was inputted in element 
2021-05-09 23:20:06   INFO [pages.LoginPage] : '.Cp9P4QtS5VatBk' was inputted in element 
2021-05-09 23:20:07   INFO [pages.LoginPage] :  Element was click
2021-05-09 23:20:09   INFO [pages.HomePage] :  Element was click
2021-05-09 23:20:09   INFO [pages.HomePage] :  Element was click
2021-05-09 23:20:09   INFO [pages.HomePage] : 'Click On Add To Cart' Element was click
2021-05-09 23:20:11   INFO [pages.HomePage] :  Element was click
2021-05-09 23:20:13   INFO [pages.HomePage] :  Element was click
2021-05-09 23:20:13   INFO [pages.LoginPage] : 'valerinskaya9972@gmail.com' was inputted in element 
2021-05-09 23:20:13   INFO [pages.LoginPage] : '.Cp9P4QtS5VatBk' was inputted in element 
2021-05-09 23:20:15   INFO [pages.LoginPage] :  Element was click
2021-05-09 23:20:17   INFO [pages.HomePage] :  Element was click
2021-05-09 23:20:48  ERROR [pages.HomePage] : Can not work with element org.openqa.selenium.TimeoutException: Expected condition failed: waiting for element to be clickable: Check Out Shipping (tried for 5 second(s) with 500 milliseconds interval)
2021-05-09 23:20:48   INFO [MakeAnOrder.MakeAnOrder] : -----purchases was ended ---------
2021-05-09 23:23:00   INFO [MakeAnOrder.MakeAnOrder] : -----purchases was started ---------
2021-05-09 23:23:05   INFO [pages.LoginPage] : Login page was opened
2021-05-09 23:23:08   INFO [pages.LoginPage] :  Element was click
2021-05-09 23:23:08   INFO [pages.LoginPage] : 'valerinskaya9972@gmail.com' was inputted in element 
2021-05-09 23:23:08   INFO [pages.LoginPage] : '.Cp9P4QtS5VatBk' was inputted in element 
2021-05-09 23:23:09   INFO [pages.LoginPage] :  Element was click
2021-05-09 23:23:12   INFO [pages.HomePage] :  Element was click
2021-05-09 23:23:12   INFO [pages.HomePage] :  Element was click
2021-05-09 23:23:12   INFO [pages.HomePage] : 'Click On Add To Cart' Element was click
2021-05-09 23:23:15   INFO [pages.HomePage] :  Element was click
2021-05-09 23:23:16   INFO [pages.HomePage] :  Element was click
2021-05-09 23:23:17   INFO [pages.LoginPage] : 'valerinskaya9972@gmail.com' was inputted in element 
2021-05-09 23:23:17   INFO [pages.LoginPage] : '.Cp9P4QtS5VatBk' was inputted in element 
2021-05-09 23:23:18   INFO [pages.LoginPage] :  Element was click
2021-05-09 23:23:20   INFO [pages.HomePage] :  Element was click
2021-05-09 23:23:21   INFO [pages.HomePage] :  Element was click
2021-05-09 23:23:52  ERROR [pages.HomePage] : Can not work with element org.openqa.selenium.TimeoutException: Expected condition failed: waiting for element to be clickable: Confirm Order (tried for 5 second(s) with 500 milliseconds interval)
2021-05-09 23:23:52   INFO [MakeAnOrder.MakeAnOrder] : -----purchases was ended ---------
2021-05-09 23:24:26   INFO [MakeAnOrder.MakeAnOrder] : -----purchases was started ---------
2021-05-09 23:24:32   INFO [pages.LoginPage] : Login page was opened
2021-05-09 23:24:33   INFO [pages.LoginPage] :  Element was click
2021-05-09 23:24:34   INFO [pages.LoginPage] : 'valerinskaya9972@gmail.com' was inputted in element 
2021-05-09 23:24:34   INFO [pages.LoginPage] : '.Cp9P4QtS5VatBk' was inputted in element 
2021-05-09 23:24:36   INFO [pages.LoginPage] :  Element was click
2021-05-09 23:24:38   INFO [pages.HomePage] :  Element was click
2021-05-09 23:24:38   INFO [pages.HomePage] :  Element was click
2021-05-09 23:24:38   INFO [pages.HomePage] : 'Click On Add To Cart' Element was click
2021-05-09 23:24:40   INFO [pages.HomePage] :  Element was click
2021-05-09 23:24:42   INFO [pages.HomePage] :  Element was click
2021-05-09 23:24:43   INFO [pages.LoginPage] : 'valerinskaya9972@gmail.com' was inputted in element 
2021-05-09 23:24:43   INFO [pages.LoginPage] : '.Cp9P4QtS5VatBk' was inputted in element 
2021-05-09 23:24:44   INFO [pages.LoginPage] :  Element was click
2021-05-09 23:24:46   INFO [pages.HomePage] :  Element was click
2021-05-09 23:24:47   INFO [pages.HomePage] :  Element was click
2021-05-09 23:24:49   INFO [pages.HomePage] :  Element was click
2021-05-09 23:25:19   INFO [pages.HomePage] : Element is not present
2021-05-09 23:25:19   INFO [MakeAnOrder.MakeAnOrder] : -----purchases was ended ---------
2021-05-09 23:27:15   INFO [MakeAnOrder.MakeAnOrder] : -----purchases was started ---------
2021-05-09 23:27:21   INFO [pages.LoginPage] : Login page was opened
2021-05-09 23:27:23   INFO [pages.LoginPage] :  Element was click
2021-05-09 23:27:23   INFO [pages.LoginPage] : 'valerinskaya9972@gmail.com' was inputted in element 
2021-05-09 23:27:23   INFO [pages.LoginPage] : '.Cp9P4QtS5VatBk' was inputted in element 
2021-05-09 23:27:25   INFO [pages.LoginPage] :  Element was click
2021-05-09 23:27:27   INFO [pages.HomePage] :  Element was click
2021-05-09 23:27:27   INFO [pages.HomePage] :  Element was click
2021-05-09 23:27:27   INFO [pages.HomePage] : 'Click On Add To Cart' Element was click
2021-05-09 23:27:30   INFO [pages.HomePage] :  Element was click
2021-05-09 23:27:31   INFO [pages.HomePage] :  Element was click
2021-05-09 23:27:31   INFO [pages.LoginPage] : 'valerinskaya9972@gmail.com' was inputted in element 
2021-05-09 23:27:32   INFO [pages.LoginPage] : '.Cp9P4QtS5VatBk' was inputted in element 
2021-05-09 23:27:33   INFO [pages.LoginPage] :  Element was click
2021-05-09 23:27:36   INFO [pages.HomePage] :  Element was click
2021-05-09 23:27:37   INFO [pages.HomePage] :  Element was click
2021-05-09 23:27:38   INFO [pages.HomePage] :  Element was click
2021-05-09 23:27:39   INFO [pages.HomePage] :  Element present 
2021-05-09 23:28:09  ERROR [pages.HomePage] : Can not work with element org.openqa.selenium.TimeoutException: Expected condition failed: waiting for element to be clickable: Check Out Shipping (tried for 5 second(s) with 500 milliseconds interval)
2021-05-09 23:28:09   INFO [MakeAnOrder.MakeAnOrder] : -----purchases was ended ---------
2021-05-09 23:28:56   INFO [MakeAnOrder.MakeAnOrder] : -----purchases was started ---------
2021-05-09 23:29:01   INFO [pages.LoginPage] : Login page was opened
2021-05-09 23:29:03   INFO [pages.LoginPage] :  Element was click
2021-05-09 23:29:03   INFO [pages.LoginPage] : 'valerinskaya9972@gmail.com' was inputted in element 
2021-05-09 23:29:03   INFO [pages.LoginPage] : '.Cp9P4QtS5VatBk' was inputted in element 
2021-05-09 23:29:05   INFO [pages.LoginPage] :  Element was click
2021-05-09 23:29:07   INFO [pages.HomePage] :  Element was click
2021-05-09 23:29:07   INFO [pages.HomePage] :  Element was click
2021-05-09 23:29:07   INFO [pages.HomePage] : 'Click On Add To Cart' Element was click
2021-05-09 23:29:09   INFO [pages.HomePage] :  Element was click
2021-05-09 23:29:11   INFO [pages.HomePage] :  Element was click
2021-05-09 23:29:11   INFO [pages.LoginPage] : 'valerinskaya9972@gmail.com' was inputted in element 
2021-05-09 23:29:11   INFO [pages.LoginPage] : '.Cp9P4QtS5VatBk' was inputted in element 
2021-05-09 23:29:13   INFO [pages.LoginPage] :  Element was click
2021-05-09 23:29:16   INFO [pages.HomePage] :  Element was click
2021-05-09 23:29:17   INFO [pages.HomePage] :  Element was click
2021-05-09 23:29:18   INFO [pages.HomePage] :  Element was click
2021-05-09 23:29:18   INFO [pages.HomePage] :  Element present 
2021-05-09 23:29:49  ERROR [pages.HomePage] : Can not work with element org.openqa.selenium.TimeoutException: Expected condition failed: waiting for element to be clickable: Check Out Shipping (tried for 5 second(s) with 500 milliseconds interval)
2021-05-09 23:29:49   INFO [MakeAnOrder.MakeAnOrder] : -----purchases was ended ---------
2021-05-09 23:37:06   INFO [MakeAnOrder.MakeAnOrder] : -----purchases was started ---------
2021-05-09 23:37:13   INFO [pages.LoginPage] : Login page was opened
2021-05-09 23:37:14   INFO [pages.LoginPage] :  Element was click
2021-05-09 23:37:14   INFO [pages.LoginPage] : 'valerinskaya9972@gmail.com' was inputted in element 
2021-05-09 23:37:15   INFO [pages.LoginPage] : '.Cp9P4QtS5VatBk' was inputted in element 
2021-05-09 23:37:20   INFO [pages.LoginPage] :  Element was click
2021-05-09 23:37:22   INFO [pages.HomePage] :  Element was click
2021-05-09 23:37:22   INFO [pages.HomePage] :  Element was click
2021-05-09 23:37:22   INFO [pages.HomePage] : 'Click On Add To Cart' Element was click
2021-05-09 23:37:26   INFO [pages.HomePage] :  Element was click
2021-05-09 23:37:27   INFO [pages.HomePage] :  Element was click
2021-05-09 23:37:27   INFO [pages.LoginPage] : 'valerinskaya9972@gmail.com' was inputted in element 
2021-05-09 23:37:27   INFO [pages.LoginPage] : '.Cp9P4QtS5VatBk' was inputted in element 
2021-05-09 23:37:29   INFO [pages.LoginPage] :  Element was click
2021-05-09 23:37:31   INFO [MakeAnOrder.MakeAnOrder] : -----purchases was ended ---------
2021-05-09 23:37:52   INFO [MakeAnOrder.MakeAnOrder] : -----purchases was started ---------
2021-05-09 23:37:58   INFO [pages.LoginPage] : Login page was opened
2021-05-09 23:38:00   INFO [pages.LoginPage] :  Element was click
2021-05-09 23:38:00   INFO [pages.LoginPage] : 'valerinskaya9972@gmail.com' was inputted in element 
2021-05-09 23:38:00   INFO [pages.LoginPage] : '.Cp9P4QtS5VatBk' was inputted in element 
2021-05-09 23:38:01   INFO [pages.LoginPage] :  Element was click
2021-05-09 23:38:05   INFO [pages.HomePage] :  Element was click
2021-05-09 23:38:05   INFO [pages.HomePage] :  Element was click
2021-05-09 23:38:05   INFO [pages.HomePage] : 'Click On Add To Cart' Element was click
2021-05-09 23:38:07   INFO [pages.HomePage] :  Element was click
2021-05-09 23:38:09   INFO [pages.HomePage] :  Element was click
2021-05-09 23:38:09   INFO [pages.LoginPage] : 'valerinskaya9972@gmail.com' was inputted in element 
2021-05-09 23:38:09   INFO [pages.LoginPage] : '.Cp9P4QtS5VatBk' was inputted in element 
2021-05-09 23:38:11   INFO [pages.LoginPage] :  Element was click
2021-05-09 23:38:15   INFO [pages.HomePage] :  Element was click
2021-05-09 23:38:16   INFO [pages.HomePage] :  Element was click
2021-05-09 23:38:18   INFO [pages.HomePage] :  Element was click
2021-05-09 23:38:18   INFO [pages.HomePage] :  Element present 
2021-05-09 23:38:42   INFO [MakeAnOrder.MakeAnOrder] : -----purchases was started ---------
2021-05-09 23:38:48   INFO [pages.LoginPage] : Login page was opened
2021-05-09 23:38:51   INFO [pages.LoginPage] :  Element was click
2021-05-09 23:38:51   INFO [pages.LoginPage] : 'valerinskaya9972@gmail.com' was inputted in element 
2021-05-09 23:38:51   INFO [pages.LoginPage] : '.Cp9P4QtS5VatBk' was inputted in element 
2021-05-09 23:38:53   INFO [pages.LoginPage] :  Element was click
2021-05-09 23:38:55   INFO [pages.HomePage] :  Element was click
2021-05-09 23:38:55   INFO [pages.HomePage] :  Element was click
2021-05-09 23:38:55   INFO [pages.HomePage] : 'Click On Add To Cart' Element was click
2021-05-09 23:38:58   INFO [pages.HomePage] :  Element was click
2021-05-09 23:39:01   INFO [pages.HomePage] :  Element was click
2021-05-09 23:39:01   INFO [pages.LoginPage] : 'valerinskaya9972@gmail.com' was inputted in element 
2021-05-09 23:39:01   INFO [pages.LoginPage] : '.Cp9P4QtS5VatBk' was inputted in element 
2021-05-09 23:39:03   INFO [pages.LoginPage] :  Element was click
2021-05-09 23:39:06   INFO [pages.HomePage] :  Element was click
2021-05-09 23:39:07   INFO [pages.HomePage] :  Element was click
2021-05-09 23:39:08   INFO [pages.HomePage] :  Element was click
2021-05-09 23:39:09   INFO [pages.HomePage] :  Element present 
2021-05-09 23:39:39  ERROR [pages.HomePage] : Can not work with element org.openqa.selenium.TimeoutException: Expected condition failed: waiting for element to be clickable: Pay By Bank Wire (tried for 5 second(s) with 500 milliseconds interval)
2021-05-09 23:39:39   INFO [MakeAnOrder.MakeAnOrder] : -----purchases was ended ---------
2021-05-09 23:40:11   INFO [MakeAnOrder.MakeAnOrder] : -----purchases was started ---------
2021-05-09 23:40:17   INFO [pages.LoginPage] : Login page was opened
2021-05-09 23:40:19   INFO [pages.LoginPage] :  Element was click
2021-05-09 23:40:19   INFO [pages.LoginPage] : 'valerinskaya9972@gmail.com' was inputted in element 
2021-05-09 23:40:20   INFO [pages.LoginPage] : '.Cp9P4QtS5VatBk' was inputted in element 
2021-05-09 23:40:22   INFO [pages.LoginPage] :  Element was click
2021-05-09 23:40:24   INFO [pages.HomePage] :  Element was click
2021-05-09 23:40:25   INFO [pages.HomePage] :  Element was click
2021-05-09 23:40:25   INFO [pages.HomePage] : 'Click On Add To Cart' Element was click
2021-05-09 23:40:28   INFO [pages.HomePage] :  Element was click
2021-05-09 23:40:30   INFO [pages.HomePage] :  Element was click
2021-05-09 23:40:31   INFO [pages.LoginPage] : 'valerinskaya9972@gmail.com' was inputted in element 
2021-05-09 23:40:31   INFO [pages.LoginPage] : '.Cp9P4QtS5VatBk' was inputted in element 
2021-05-09 23:40:33   INFO [pages.LoginPage] :  Element was click
2021-05-09 23:40:34   INFO [MakeAnOrder.MakeAnOrder] : -----purchases was ended ---------
2021-05-09 23:40:48   INFO [MakeAnOrder.MakeAnOrder] : -----purchases was started ---------
2021-05-09 23:40:51  ERROR [pages.LoginPage] : annot work with LoginPageorg.openqa.selenium.WebDriverException: unknown error: cannot determine loading status
from disconnected: received Inspector.detached event
  (Session info: chrome=93.0.4577.63)
Build info: version: '3.141.59', revision: 'e82be7d358', time: '2018-11-14T08:17:03'
System info: host: 'LAPTOP-TJ23JI33', ip: '192.168.31.183', os.name: 'Windows 10', os.arch: 'amd64', os.version: '10.0', java.version: '16.0.2'
Driver info: org.openqa.selenium.chrome.ChromeDriver
Capabilities {acceptInsecureCerts: false, browserName: chrome, browserVersion: 93.0.4577.63, chrome: {chromedriverVersion: 92.0.4515.107 (87a818b10553..., userDataDir: C:\Users\7272~1\AppData\Loc...}, goog:chromeOptions: {debuggerAddress: localhost:64212}, javascriptEnabled: true, networkConnectionEnabled: false, pageLoadStrategy: normal, platform: WINDOWS, platformName: WINDOWS, proxy: Proxy(), setWindowRect: true, strictFileInteractability: false, timeouts: {implicit: 0, pageLoad: 300000, script: 30000}, unhandledPromptBehavior: dismiss and notify, webauthn:extension:credBlob: true, webauthn:extension:largeBlob: true, webauthn:virtualAuthenticators: true}
Session ID: 0706e56319865a6de5645f486c04cc34
2021-05-09 23:40:52   INFO [MakeAnOrder.MakeAnOrder] : -----purchases was ended ---------
2021-05-09 23:41:54   INFO [MakeAnOrder.MakeAnOrder] : -----purchases was started ---------
2021-05-09 23:41:59   INFO [pages.LoginPage] : Login page was opened
2021-05-09 23:42:01   INFO [pages.LoginPage] :  Element was click
2021-05-09 23:42:01   INFO [pages.LoginPage] : 'valerinskaya9972@gmail.com' was inputted in element 
2021-05-09 23:42:01   INFO [pages.LoginPage] : '.Cp9P4QtS5VatBk' was inputted in element 
2021-05-09 23:42:03   INFO [pages.LoginPage] :  Element was click
2021-05-09 23:42:04   INFO [pages.HomePage] :  Element was click
2021-05-09 23:42:05   INFO [pages.HomePage] :  Element was click
2021-05-09 23:42:05   INFO [pages.HomePage] : 'Click On Add To Cart' Element was click
2021-05-09 23:42:07   INFO [pages.HomePage] :  Element was click
2021-05-09 23:42:09   INFO [pages.HomePage] :  Element was click
2021-05-09 23:42:09   INFO [pages.LoginPage] : 'valerinskaya9972@gmail.com' was inputted in element 
2021-05-09 23:42:09   INFO [pages.LoginPage] : '.Cp9P4QtS5VatBk' was inputted in element 
2021-05-09 23:42:11   INFO [pages.LoginPage] :  Element was click
2021-05-09 23:42:13   INFO [pages.HomePage] :  Element was click
2021-05-09 23:42:14   INFO [pages.HomePage] :  Element was click
2021-05-09 23:42:15   INFO [pages.HomePage] :  Element was click
2021-05-09 23:42:15   INFO [pages.HomePage] :  Element present 
2021-05-09 23:42:46  ERROR [pages.HomePage] : Can not work with element org.openqa.selenium.TimeoutException: Expected condition failed: waiting for element to be clickable: Check Out Shipping (tried for 5 second(s) with 500 milliseconds interval)
2021-05-09 23:42:46   INFO [MakeAnOrder.MakeAnOrder] : -----purchases was ended ---------
2021-05-09 23:43:17   INFO [MakeAnOrder.MakeAnOrder] : -----purchases was started ---------
2021-05-09 23:43:23   INFO [pages.LoginPage] : Login page was opened
2021-05-09 23:43:25   INFO [pages.LoginPage] :  Element was click
2021-05-09 23:43:25   INFO [pages.LoginPage] : 'valerinskaya9972@gmail.com' was inputted in element 
2021-05-09 23:43:26   INFO [pages.LoginPage] : '.Cp9P4QtS5VatBk' was inputted in element 
2021-05-09 23:43:27   INFO [pages.LoginPage] :  Element was click
2021-05-09 23:43:28   INFO [pages.HomePage] :  Element was click
2021-05-09 23:43:29   INFO [pages.HomePage] :  Element was click
2021-05-09 23:43:29   INFO [pages.HomePage] : 'Click On Add To Cart' Element was click
2021-05-09 23:43:32   INFO [pages.HomePage] :  Element was click
2021-05-09 23:43:34   INFO [pages.HomePage] :  Element was click
2021-05-09 23:43:34   INFO [pages.LoginPage] : 'valerinskaya9972@gmail.com' was inputted in element 
2021-05-09 23:43:34   INFO [pages.LoginPage] : '.Cp9P4QtS5VatBk' was inputted in element 
2021-05-09 23:43:36   INFO [pages.LoginPage] :  Element was click
2021-05-09 23:43:38   INFO [pages.HomePage] :  Element was click
2021-05-09 23:43:39   INFO [pages.HomePage] :  Element was click
2021-05-09 23:43:41   INFO [pages.HomePage] :  Element was click
2021-05-09 23:43:41   INFO [pages.HomePage] :  Element present 
2021-05-09 23:44:11  ERROR [pages.HomePage] : Can not work with element org.openqa.selenium.TimeoutException: Expected condition failed: waiting for element to be clickable: Check Out Shipping (tried for 5 second(s) with 500 milliseconds interval)
2021-05-09 23:44:12   INFO [MakeAnOrder.MakeAnOrder] : -----purchases was ended ---------
2021-05-09 23:46:17   INFO [MakeAnOrder.MakeAnOrder] : -----purchases was started ---------
2021-05-09 23:46:23   INFO [pages.LoginPage] : Login page was opened
2021-05-09 23:46:25   INFO [pages.LoginPage] :  Element was click
2021-05-09 23:46:25   INFO [pages.LoginPage] : 'valerinskaya9972@gmail.com' was inputted in element 
2021-05-09 23:46:25   INFO [pages.LoginPage] : '.Cp9P4QtS5VatBk' was inputted in element 
2021-05-09 23:46:27   INFO [pages.LoginPage] :  Element was click
2021-05-09 23:46:29   INFO [pages.HomePage] :  Element was click
2021-05-09 23:46:29   INFO [pages.HomePage] :  Element was click
2021-05-09 23:46:29   INFO [pages.HomePage] : 'Click On Add To Cart' Element was click
2021-05-09 23:46:31   INFO [pages.HomePage] :  Element was click
2021-05-09 23:46:33   INFO [pages.HomePage] :  Element was click
2021-05-09 23:46:33   INFO [pages.LoginPage] : 'valerinskaya9972@gmail.com' was inputted in element 
2021-05-09 23:46:33   INFO [pages.LoginPage] : '.Cp9P4QtS5VatBk' was inputted in element 
2021-05-09 23:46:35   INFO [pages.LoginPage] :  Element was click
2021-05-09 23:46:38   INFO [pages.HomePage] :  Element was click
2021-05-09 23:46:39   INFO [pages.HomePage] :  Element was click
2021-05-09 23:46:41   INFO [pages.HomePage] :  Element was click
2021-05-09 23:46:41   INFO [pages.HomePage] :  Element present 
2021-05-09 23:47:12  ERROR [pages.HomePage] : Can not work with element org.openqa.selenium.TimeoutException: Expected condition failed: waiting for element to be clickable: Check Out Shipping (tried for 5 second(s) with 500 milliseconds interval)
2021-05-09 23:47:13   INFO [MakeAnOrder.MakeAnOrder] : -----purchases was ended ---------
2021-05-09 23:47:21   INFO [other.UploadFile] : -----UploadTest was started ---------
2021-05-09 23:47:28   INFO [pages.LoginPage] : Login page was opened
2021-05-09 23:47:30   INFO [pages.ContatUs] :  Element was click
2021-05-09 23:47:30   INFO [pages.ContatUs] : '1' was selected in DropDown 
2021-05-09 23:47:30   INFO [pages.ContatUs] : 'lera@gmail.com' was inputted in element 
2021-05-09 23:47:30   INFO [pages.ContatUs] : 'test' was inputted in element 
2021-05-09 23:47:31   INFO [pages.ContatUs] :  Element was click
2021-05-09 23:47:31   INFO [pages.ContatUs] : 'test' was inputted in element 
2021-05-09 23:47:32   INFO [pages.ContatUs] :  Element was click
2021-05-09 23:47:33   INFO [other.UploadFile] : -----UploadTest was ended ---------
2021-05-09 23:49:44   INFO [other.UploadFile] : -----UploadTest was started ---------
2021-05-09 23:49:50   INFO [MakeAnOrder.MakeAnOrder] : -----purchases was started ---------
2021-05-09 23:49:57   INFO [pages.LoginPage] : Login page was opened
2021-05-09 23:49:59   INFO [pages.LoginPage] :  Element was click
2021-05-09 23:49:59   INFO [pages.LoginPage] : 'valerinskaya9972@gmail.com' was inputted in element 
2021-05-09 23:49:59   INFO [pages.LoginPage] : '.Cp9P4QtS5VatBk' was inputted in element 
2021-05-09 23:50:01   INFO [pages.LoginPage] :  Element was click
2021-05-09 23:50:02   INFO [pages.HomePage] :  Element was click
2021-05-09 23:50:03   INFO [pages.HomePage] :  Element was click
2021-05-09 23:50:03   INFO [pages.HomePage] : 'Click On Add To Cart' Element was click
2021-05-09 23:50:05   INFO [pages.HomePage] :  Element was click
2021-05-09 23:50:07   INFO [pages.HomePage] :  Element was click
2021-05-09 23:50:07   INFO [pages.LoginPage] : 'valerinskaya9972@gmail.com' was inputted in element 
2021-05-09 23:50:07   INFO [pages.LoginPage] : '.Cp9P4QtS5VatBk' was inputted in element 
2021-05-09 23:50:09   INFO [pages.LoginPage] :  Element was click
2021-05-09 23:50:11   INFO [pages.HomePage] :  Element was click
2021-05-09 23:50:12   INFO [pages.HomePage] :  Element was click
2021-05-09 23:50:14   INFO [pages.HomePage] :  Element was click
2021-05-09 23:50:14   INFO [pages.HomePage] :  Element present 
2021-05-09 23:50:45  ERROR [pages.HomePage] : Can not work with element org.openqa.selenium.TimeoutException: Expected condition failed: waiting for element to be clickable: Check Out Shipping (tried for 5 second(s) with 500 milliseconds interval)
2021-05-09 23:50:45   INFO [MakeAnOrder.MakeAnOrder] : -----purchases was ended ---------
2021-05-09 23:55:26   INFO [MakeAnOrder.MakeAnOrder] : -----purchases was started ---------
2021-05-09 23:55:32   INFO [pages.LoginPage] : Login page was opened
2021-05-09 23:55:33   INFO [pages.LoginPage] :  Element was click
2021-05-09 23:55:34   INFO [pages.LoginPage] : 'valerinskaya9972@gmail.com' was inputted in element 
2021-05-09 23:55:34   INFO [pages.LoginPage] : '.Cp9P4QtS5VatBk' was inputted in element 
2021-05-09 23:55:35   INFO [pages.LoginPage] :  Element was click
2021-05-09 23:55:37   INFO [pages.HomePage] :  Element was click
2021-05-09 23:55:37   INFO [pages.HomePage] :  Element was click
2021-05-09 23:55:37   INFO [pages.HomePage] : 'Click On Add To Cart' Element was click
2021-05-09 23:55:40   INFO [pages.HomePage] :  Element was click
2021-05-09 23:55:41   INFO [pages.HomePage] :  Element was click
2021-05-09 23:55:41   INFO [pages.LoginPage] : 'valerinskaya9972@gmail.com' was inputted in element 
2021-05-09 23:55:41   INFO [pages.LoginPage] : '.Cp9P4QtS5VatBk' was inputted in element 
2021-05-09 23:55:43   INFO [pages.LoginPage] :  Element was click
2021-05-09 23:55:45   INFO [pages.HomePage] :  Element was click
2021-05-09 23:55:46   INFO [pages.HomePage] :  Element was click
2021-05-09 23:55:48   INFO [pages.HomePage] :  Element was click
2021-05-09 23:55:48   INFO [pages.HomePage] :  Element present 
2021-05-09 23:56:18  ERROR [pages.HomePage] : Can not work with element org.openqa.selenium.TimeoutException: Expected condition failed: waiting for element to be clickable: Pay By Bank Wire (tried for 5 second(s) with 500 milliseconds interval)
2021-05-09 23:56:18   INFO [MakeAnOrder.MakeAnOrder] : -----purchases was ended ---------
2021-05-09 23:56:54   INFO [MakeAnOrder.MakeAnOrder] : -----purchases was started ---------
2021-05-09 23:56:59   INFO [pages.LoginPage] : Login page was opened
2021-05-09 23:57:01   INFO [pages.LoginPage] :  Element was click
2021-05-09 23:57:01   INFO [pages.LoginPage] : 'valerinskaya9972@gmail.com' was inputted in element 
2021-05-09 23:57:01   INFO [pages.LoginPage] : '.Cp9P4QtS5VatBk' was inputted in element 
2021-05-09 23:57:03   INFO [pages.LoginPage] :  Element was click
2021-05-09 23:57:04   INFO [pages.HomePage] :  Element was click
2021-05-09 23:57:05   INFO [pages.HomePage] :  Element was click
2021-05-09 23:57:05   INFO [pages.HomePage] : 'Click On Add To Cart' Element was click
2021-05-09 23:57:07   INFO [pages.HomePage] :  Element was click
2021-05-09 23:57:08   INFO [pages.HomePage] :  Element was click
2021-05-09 23:57:09   INFO [pages.LoginPage] : 'valerinskaya9972@gmail.com' was inputted in element 
2021-05-09 23:57:09   INFO [pages.LoginPage] : '.Cp9P4QtS5VatBk' was inputted in element 
2021-05-09 23:57:10   INFO [pages.LoginPage] :  Element was click
2021-05-09 23:57:13   INFO [pages.HomePage] :  Element was click
2021-05-09 23:57:14   INFO [pages.HomePage] :  Element was click
2021-05-09 23:57:17   INFO [pages.HomePage] :  Element was click
2021-05-09 23:57:17   INFO [pages.HomePage] :  Element present 
2021-05-09 23:57:47  ERROR [pages.HomePage] : Can not work with element org.openqa.selenium.TimeoutException: Expected condition failed: waiting for element to be clickable: Confirm Order (tried for 5 second(s) with 500 milliseconds interval)
2021-05-09 23:57:47   INFO [MakeAnOrder.MakeAnOrder] : -----purchases was ended ---------
2021-05-09 23:58:13   INFO [MakeAnOrder.MakeAnOrder] : -----purchases was started ---------
2021-05-09 23:58:19   INFO [pages.LoginPage] : Login page was opened
2021-05-09 23:58:21   INFO [pages.LoginPage] :  Element was click
2021-05-09 23:58:21   INFO [pages.LoginPage] : 'valerinskaya9972@gmail.com' was inputted in element 
2021-05-09 23:58:21   INFO [pages.LoginPage] : '.Cp9P4QtS5VatBk' was inputted in element 
2021-05-09 23:58:22   INFO [pages.LoginPage] :  Element was click
2021-05-09 23:58:24   INFO [pages.HomePage] :  Element was click
2021-05-09 23:58:25   INFO [pages.HomePage] :  Element was click
2021-05-09 23:58:25   INFO [pages.HomePage] : 'Click On Add To Cart' Element was click
2021-05-09 23:58:28   INFO [pages.HomePage] :  Element was click
2021-05-09 23:58:29   INFO [pages.HomePage] :  Element was click
2021-05-09 23:58:29   INFO [pages.LoginPage] : 'valerinskaya9972@gmail.com' was inputted in element 
2021-05-09 23:58:30   INFO [pages.LoginPage] : '.Cp9P4QtS5VatBk' was inputted in element 
2021-05-09 23:58:31   INFO [pages.LoginPage] :  Element was click
2021-05-09 23:59:03   INFO [MakeAnOrder.MakeAnOrder] : -----purchases was started ---------
2021-05-09 23:59:12   INFO [pages.LoginPage] : Login page was opened
2021-05-09 23:59:14   INFO [pages.LoginPage] :  Element was click
2021-05-09 23:59:14   INFO [pages.LoginPage] : 'valerinskaya9972@gmail.com' was inputted in element 
2021-05-09 23:59:14   INFO [pages.LoginPage] : '.Cp9P4QtS5VatBk' was inputted in element 
2021-05-09 23:59:17   INFO [pages.LoginPage] :  Element was click
2021-05-09 23:59:18   INFO [pages.HomePage] :  Element was click
2021-05-09 23:59:19   INFO [pages.HomePage] :  Element was click
2021-05-09 23:59:19   INFO [pages.HomePage] : 'Click On Add To Cart' Element was click
2021-05-09 23:59:22   INFO [pages.HomePage] :  Element was click
2021-05-09 23:59:24   INFO [pages.HomePage] :  Element was click
2021-05-09 23:59:24   INFO [pages.LoginPage] : 'valerinskaya9972@gmail.com' was inputted in element 
2021-05-09 23:59:24   INFO [pages.LoginPage] : '.Cp9P4QtS5VatBk' was inputted in element 
2021-05-09 23:59:25   INFO [pages.LoginPage] :  Element was click
2021-05-09 23:59:28   INFO [pages.HomePage] :  Element was click
2021-05-09 23:59:28   INFO [pages.HomePage] :  Element was click
2021-05-09 23:59:30   INFO [pages.HomePage] :  Element was click
2021-05-09 23:59:30   INFO [pages.HomePage] :  Element present 
2021-06-09 00:00:00  ERROR [pages.HomePage] : Can not work with element org.openqa.selenium.TimeoutException: Expected condition failed: waiting for element to be clickable: Confirm Order (tried for 5 second(s) with 500 milliseconds interval)
2021-06-09 00:00:01   INFO [MakeAnOrder.MakeAnOrder] : -----purchases was ended ---------
2021-06-09 00:04:14   INFO [MakeAnOrder.MakeAnOrder] : -----purchases was started ---------
2021-06-09 00:04:20   INFO [pages.LoginPage] : Login page was opened
2021-06-09 00:04:21   INFO [pages.LoginPage] :  Element was click
2021-06-09 00:04:22   INFO [pages.LoginPage] : 'valerinskaya9972@gmail.com' was inputted in element 
2021-06-09 00:04:22   INFO [pages.LoginPage] : '.Cp9P4QtS5VatBk' was inputted in element 
2021-06-09 00:04:23   INFO [pages.LoginPage] :  Element was click
2021-06-09 00:04:26   INFO [pages.HomePage] :  Element was click
2021-06-09 00:04:26   INFO [pages.HomePage] :  Element was click
2021-06-09 00:04:26   INFO [pages.HomePage] : 'Click On Add To Cart' Element was click
2021-06-09 00:04:28   INFO [pages.HomePage] :  Element was click
2021-06-09 00:04:30   INFO [pages.HomePage] :  Element was click
2021-06-09 00:04:30   INFO [pages.LoginPage] : 'valerinskaya9972@gmail.com' was inputted in element 
2021-06-09 00:04:30   INFO [pages.LoginPage] : '.Cp9P4QtS5VatBk' was inputted in element 
2021-06-09 00:04:32   INFO [pages.LoginPage] :  Element was click
2021-06-09 00:05:03  ERROR [pages.HomePage] : Can not work with element org.openqa.selenium.TimeoutException: Expected condition failed: waiting for element to be clickable: Check Out Addresss (tried for 5 second(s) with 500 milliseconds interval)
2021-06-09 00:05:03   INFO [MakeAnOrder.MakeAnOrder] : -----purchases was ended ---------
2021-06-09 00:05:29   INFO [MakeAnOrder.MakeAnOrder] : -----purchases was started ---------
2021-06-09 00:05:35   INFO [pages.LoginPage] : Login page was opened
2021-06-09 00:05:36   INFO [pages.LoginPage] :  Element was click
2021-06-09 00:05:36   INFO [pages.LoginPage] : 'valerinskaya9972@gmail.com' was inputted in element 
2021-06-09 00:05:37   INFO [pages.LoginPage] : '.Cp9P4QtS5VatBk' was inputted in element 
2021-06-09 00:05:38   INFO [pages.LoginPage] :  Element was click
2021-06-09 00:05:40   INFO [pages.HomePage] :  Element was click
2021-06-09 00:05:40   INFO [pages.HomePage] :  Element was click
2021-06-09 00:05:40   INFO [pages.HomePage] : 'Click On Add To Cart' Element was click
2021-06-09 00:05:43   INFO [pages.HomePage] :  Element was click
2021-06-09 00:05:45   INFO [pages.HomePage] :  Element was click
2021-06-09 00:05:45   INFO [pages.LoginPage] : 'valerinskaya9972@gmail.com' was inputted in element 
2021-06-09 00:05:45   INFO [pages.LoginPage] : '.Cp9P4QtS5VatBk' was inputted in element 
2021-06-09 00:05:46   INFO [pages.LoginPage] :  Element was click
2021-06-09 00:06:18  ERROR [pages.HomePage] : Can not work with element org.openqa.selenium.TimeoutException: Expected condition failed: waiting for element to be clickable: Check Out Addresss (tried for 5 second(s) with 500 milliseconds interval)
2021-06-09 00:06:18   INFO [MakeAnOrder.MakeAnOrder] : -----purchases was ended ---------
2021-06-09 00:08:05   INFO [MakeAnOrder.MakeAnOrder] : -----purchases was started ---------
2021-06-09 00:08:10   INFO [pages.LoginPage] : Login page was opened
2021-06-09 00:08:13   INFO [pages.LoginPage] :  Element was click
2021-06-09 00:08:13   INFO [pages.LoginPage] : 'valerinskaya9972@gmail.com' was inputted in element 
2021-06-09 00:08:13   INFO [pages.LoginPage] : '.Cp9P4QtS5VatBk' was inputted in element 
2021-06-09 00:08:14   INFO [pages.LoginPage] :  Element was click
2021-06-09 00:08:16   INFO [pages.HomePage] :  Element was click
2021-06-09 00:08:17   INFO [pages.HomePage] :  Element was click
2021-06-09 00:08:17   INFO [pages.HomePage] : 'Click On Add To Cart' Element was click
2021-06-09 00:08:19   INFO [pages.HomePage] :  Element was click
2021-06-09 00:08:21   INFO [pages.HomePage] :  Element was click
2021-06-09 00:08:21   INFO [pages.LoginPage] : 'valerinskaya9972@gmail.com' was inputted in element 
2021-06-09 00:08:21   INFO [pages.LoginPage] : '.Cp9P4QtS5VatBk' was inputted in element 
2021-06-09 00:08:23   INFO [pages.LoginPage] :  Element was click
2021-06-09 00:08:54  ERROR [pages.HomePage] : Can not work with element org.openqa.selenium.TimeoutException: Expected condition failed: waiting for element to be clickable: Check Out Addresss (tried for 5 second(s) with 500 milliseconds interval)
2021-06-09 00:08:54   INFO [MakeAnOrder.MakeAnOrder] : -----purchases was ended ---------
2021-06-09 00:09:08   INFO [MakeAnOrder.MakeAnOrder] : -----purchases was started ---------
2021-06-09 00:09:14   INFO [pages.LoginPage] : Login page was opened
2021-06-09 00:09:15   INFO [pages.LoginPage] :  Element was click
2021-06-09 00:09:16   INFO [pages.LoginPage] : 'valerinskaya9972@gmail.com' was inputted in element 
2021-06-09 00:09:16   INFO [pages.LoginPage] : '.Cp9P4QtS5VatBk' was inputted in element 
2021-06-09 00:09:17   INFO [pages.LoginPage] :  Element was click
2021-06-09 00:09:19   INFO [pages.HomePage] :  Element was click
2021-06-09 00:09:19   INFO [pages.HomePage] :  Element was click
2021-06-09 00:09:19   INFO [pages.HomePage] : 'Click On Add To Cart' Element was click
2021-06-09 00:09:22   INFO [pages.HomePage] :  Element was click
2021-06-09 00:09:25   INFO [pages.HomePage] :  Element was click
2021-06-09 00:09:25   INFO [pages.LoginPage] : 'valerinskaya9972@gmail.com' was inputted in element 
2021-06-09 00:09:25   INFO [pages.LoginPage] : '.Cp9P4QtS5VatBk' was inputted in element 
2021-06-09 00:09:27   INFO [pages.LoginPage] :  Element was click
2021-06-09 00:09:59  ERROR [pages.HomePage] : Can not work with element org.openqa.selenium.TimeoutException: Expected condition failed: waiting for element to be clickable: Check Out Addresss (tried for 5 second(s) with 500 milliseconds interval)
2021-06-09 00:09:59   INFO [MakeAnOrder.MakeAnOrder] : -----purchases was ended ---------
2021-06-09 00:10:26   INFO [MakeAnOrder.MakeAnOrder] : -----purchases was started ---------
2021-06-09 00:10:32   INFO [pages.LoginPage] : Login page was opened
2021-06-09 00:10:34   INFO [pages.LoginPage] :  Element was click
2021-06-09 00:10:34   INFO [pages.LoginPage] : 'valerinskaya9972@gmail.com' was inputted in element 
2021-06-09 00:10:34   INFO [pages.LoginPage] : '.Cp9P4QtS5VatBk' was inputted in element 
2021-06-09 00:10:36   INFO [pages.LoginPage] :  Element was click
2021-06-09 00:10:38   INFO [pages.HomePage] :  Element was click
2021-06-09 00:10:38   INFO [pages.HomePage] :  Element was click
2021-06-09 00:10:38   INFO [pages.HomePage] : 'Click On Add To Cart' Element was click
2021-06-09 00:10:40   INFO [pages.HomePage] :  Element was click
2021-06-09 00:10:43   INFO [pages.HomePage] :  Element was click
2021-06-09 00:10:43   INFO [pages.LoginPage] : 'valerinskaya9972@gmail.com' was inputted in element 
2021-06-09 00:10:43   INFO [pages.LoginPage] : '.Cp9P4QtS5VatBk' was inputted in element 
2021-06-09 00:10:45   INFO [pages.LoginPage] :  Element was click
2021-06-09 00:11:16  ERROR [pages.HomePage] : Can not work with element org.openqa.selenium.TimeoutException: Expected condition failed: waiting for element to be clickable: Check Out Addresss (tried for 5 second(s) with 500 milliseconds interval)
2021-06-09 00:11:17   INFO [MakeAnOrder.MakeAnOrder] : -----purchases was ended ---------
2021-06-09 00:13:15   INFO [MakeAnOrder.MakeAnOrder] : -----purchases was started ---------
2021-06-09 00:13:21   INFO [pages.LoginPage] : Login page was opened
2021-06-09 00:13:23   INFO [pages.LoginPage] :  Element was click
2021-06-09 00:13:23   INFO [pages.LoginPage] : 'valerinskaya9972@gmail.com' was inputted in element 
2021-06-09 00:13:24   INFO [pages.LoginPage] : '.Cp9P4QtS5VatBk' was inputted in element 
2021-06-09 00:13:25   INFO [pages.LoginPage] :  Element was click
2021-06-09 00:13:28   INFO [pages.HomePage] :  Element was click
2021-06-09 00:13:29   INFO [pages.HomePage] :  Element was click
2021-06-09 00:13:29   INFO [pages.HomePage] : 'Click On Add To Cart' Element was click
2021-06-09 00:13:32   INFO [pages.HomePage] :  Element was click
2021-06-09 00:13:34   INFO [pages.HomePage] :  Element was click
2021-06-09 00:13:59   INFO [MakeAnOrder.MakeAnOrder] : -----purchases was started ---------
2021-06-09 00:14:06   INFO [pages.LoginPage] : Login page was opened
2021-06-09 00:14:10   INFO [pages.LoginPage] :  Element was click
2021-06-09 00:14:10   INFO [pages.LoginPage] : 'valerinskaya9972@gmail.com' was inputted in element 
2021-06-09 00:14:10   INFO [pages.LoginPage] : '.Cp9P4QtS5VatBk' was inputted in element 
2021-06-09 00:14:12   INFO [pages.LoginPage] :  Element was click
2021-06-09 00:14:14   INFO [pages.HomePage] :  Element was click
2021-06-09 00:14:14   INFO [pages.HomePage] :  Element was click
2021-06-09 00:14:14   INFO [pages.HomePage] : 'Click On Add To Cart' Element was click
2021-06-09 00:14:17   INFO [pages.HomePage] :  Element was click
2021-06-09 00:14:19   INFO [pages.HomePage] :  Element was click
2021-06-09 00:14:19   INFO [pages.LoginPage] : 'valerinskaya9972@gmail.com' was inputted in element 
2021-06-09 00:14:19   INFO [pages.LoginPage] : '.Cp9P4QtS5VatBk' was inputted in element 
2021-06-09 00:14:21   INFO [pages.LoginPage] :  Element was click
2021-06-09 00:14:52  ERROR [pages.HomePage] : Can not work with element org.openqa.selenium.TimeoutException: Expected condition failed: waiting for element to be clickable: Check Out Addresss (tried for 5 second(s) with 500 milliseconds interval)
2021-06-09 00:14:52   INFO [MakeAnOrder.MakeAnOrder] : -----purchases was ended ---------
2021-06-09 00:16:27   INFO [MakeAnOrder.MakeAnOrder] : -----purchases was started ---------
2021-06-09 00:16:32   INFO [pages.LoginPage] : Login page was opened
2021-06-09 00:16:34   INFO [pages.LoginPage] :  Element was click
2021-06-09 00:16:34   INFO [pages.LoginPage] : 'valerinskaya9972@gmail.com' was inputted in element 
2021-06-09 00:16:35   INFO [pages.LoginPage] : '.Cp9P4QtS5VatBk' was inputted in element 
2021-06-09 00:16:36   INFO [pages.LoginPage] :  Element was click
2021-06-09 00:16:39   INFO [pages.HomePage] :  Element was click
2021-06-09 00:16:39   INFO [pages.HomePage] :  Element was click
2021-06-09 00:16:39   INFO [pages.HomePage] : 'Click On Add To Cart' Element was click
2021-06-09 00:16:42   INFO [pages.HomePage] :  Element was click
2021-06-09 00:16:43   INFO [pages.HomePage] :  Element was click
2021-06-09 00:16:43   INFO [pages.LoginPage] : 'valerinskaya9972@gmail.com' was inputted in element 
2021-06-09 00:16:43   INFO [pages.LoginPage] : '.Cp9P4QtS5VatBk' was inputted in element 
2021-06-09 00:16:45   INFO [pages.LoginPage] :  Element was click
2021-06-09 00:16:47   INFO [pages.HomePage] :  Element was click
2021-06-09 00:16:48   INFO [pages.HomePage] :  Element was click
2021-06-09 00:16:50   INFO [pages.HomePage] :  Element was click
2021-06-09 00:17:21  ERROR [pages.HomePage] : Can not work with element org.openqa.selenium.TimeoutException: Expected condition failed: waiting for element to be clickable: Check Out Shipping (tried for 5 second(s) with 500 milliseconds interval)
2021-06-09 00:17:21   INFO [MakeAnOrder.MakeAnOrder] : -----purchases was ended ---------
2021-06-09 00:30:15   INFO [ForgotPassword] : -----forgotyourpassword was started ---------
2021-06-09 00:33:29   INFO [ForgotPassword] : -----forgotyourpassword was started ---------
2021-06-09 00:35:25   INFO [LogIn.LogInWithExistingUser] : -----ExistingUser was started ---------
2021-06-09 00:35:31   INFO [pages.LoginPage] : Login page was opened
2021-06-09 00:35:32   INFO [pages.LoginPage] :  Element was click
2021-06-09 00:35:32   INFO [pages.LoginPage] : 'valerinskaya9972@gmail.com' was inputted in element 
2021-06-09 00:35:33   INFO [pages.LoginPage] : '.Cp9P4QtS5VatBk' was inputted in element 
2021-06-09 00:35:34   INFO [pages.LoginPage] :  Element was click
2021-06-09 00:35:41   INFO [pages.HomePage] : Element is not present
2021-06-09 00:35:41   INFO [LogIn.LogInWithExistingUser] : -----ExistingUser was ended ---------
2021-06-09 00:36:51   INFO [LogIn.LogInWithExistingUser] : -----ExistingUser was started ---------
2021-06-09 00:36:57   INFO [pages.LoginPage] : Login page was opened
2021-06-09 00:36:59   INFO [pages.LoginPage] :  Element was click
2021-06-09 00:36:59   INFO [pages.LoginPage] : 'valerinskaya9972@gmail.com' was inputted in element 
2021-06-09 00:36:59   INFO [pages.LoginPage] : '.Cp9P4QtS5VatBk' was inputted in element 
2021-06-09 00:37:00   INFO [pages.LoginPage] :  Element was click
2021-06-09 00:37:31   INFO [pages.HomePage] : Element is not present
2021-06-09 00:37:31   INFO [LogIn.LogInWithExistingUser] : -----ExistingUser was ended ---------
2021-06-09 00:38:02   INFO [SignInPhase.SignIn] : -----SignInWithValidCredentials was started ---------
2021-06-09 00:38:07   INFO [pages.LoginPage] : Login page was opened
2021-06-09 00:38:09   INFO [pages.LoginPage] :  Element was click
2021-06-09 00:38:09   INFO [pages.LoginPage] : 'valerinskaya997190990@gmail.com' was inputted in element 
2021-06-09 00:38:09   INFO [pages.LoginPage] :  Element was click
2021-06-09 00:38:27   INFO [SignInPhase.SignIn] : -----SignInWithValidCredentials was started ---------
2021-06-09 00:38:32   INFO [pages.LoginPage] : Login page was opened
2021-06-09 00:38:34   INFO [pages.LoginPage] :  Element was click
2021-06-09 00:38:34   INFO [pages.LoginPage] : 'valerinskaya997190900@gmail.com' was inputted in element 
2021-06-09 00:38:34   INFO [pages.LoginPage] :  Element was click
2021-06-09 00:38:35   INFO [pages.LoginPage] : 'valery' was inputted in element 
2021-06-09 00:38:35   INFO [pages.LoginPage] : 'morgan' was inputted in element 
2021-06-09 00:38:36   INFO [pages.LoginPage] : '123456' was inputted in element 
2021-06-09 00:38:36   INFO [pages.LoginPage] : 'test' was inputted in element 
2021-06-09 00:38:36   INFO [pages.LoginPage] : 'testovich' was inputted in element 
2021-06-09 00:38:36   INFO [pages.LoginPage] : '80 White St,123' was inputted in element 
2021-06-09 00:38:36   INFO [pages.LoginPage] : '04201' was inputted in element 
2021-06-09 00:38:37   INFO [pages.LoginPage] : 'New-York' was inputted in element 
2021-06-09 00:38:37   INFO [pages.LoginPage] : '1234556789' was inputted in element 
2021-06-09 00:38:37   INFO [pages.LoginPage] : 'tyk tyk' was inputted in element 
2021-06-09 00:38:37   INFO [pages.LoginPage] : '2' was selected in DropDown 
2021-06-09 00:38:38   INFO [pages.LoginPage] :  Element was click
2021-06-09 00:38:38   INFO [pages.HomePage] :  Element present 
2021-06-09 00:38:39   INFO [SignInPhase.SignIn] : -----SignInWithValidCredentials was ended ---------
2021-06-09 00:38:47   INFO [SearchClothes.Search] : -----EnterandSeacrhClothes was started ---------
2021-06-09 00:38:53   INFO [pages.LoginPage] : Login page was opened
2021-06-09 00:39:23  ERROR [pages.HomePage] : Can not work with element org.openqa.selenium.TimeoutException: Expected condition failed: waiting for visibility of Seacrh Field (tried for 15 second(s) with 500 milliseconds interval)
2021-06-09 00:39:24   INFO [SearchClothes.Search] : -----EnterandSeacrhClothes was ended ---------
2021-06-09 00:39:35   INFO [SearchClothes.Search] : -----EnterandSeacrhClothes was started ---------
2021-06-09 00:39:41   INFO [pages.LoginPage] : Login page was opened
2021-06-09 00:40:11  ERROR [pages.HomePage] : Can not work with element org.openqa.selenium.TimeoutException: Expected condition failed: waiting for visibility of Seacrh Field (tried for 15 second(s) with 500 milliseconds interval)
2021-06-09 00:40:11   INFO [SearchClothes.Search] : -----EnterandSeacrhClothes was ended ---------
2021-06-09 00:40:25   INFO [SearchClothes.Search] : -----EnterandSeacrhClothes was started ---------
2021-06-09 00:40:32   INFO [pages.LoginPage] : Login page was opened
2021-06-09 00:41:03  ERROR [pages.HomePage] : Can not work with element org.openqa.selenium.TimeoutException: Expected condition failed: waiting for visibility of Seacrh Field (tried for 15 second(s) with 500 milliseconds interval)
2021-06-09 00:41:03   INFO [SearchClothes.Search] : -----EnterandSeacrhClothes was ended ---------
2021-06-09 00:41:33   INFO [ElementFromDropDown.DropDown] : -----SelectElementFromDropDown was started ---------
2021-06-09 00:41:39   INFO [pages.LoginPage] : Login page was opened
2021-06-09 00:41:40   INFO [pages.DropDownMenu] :  Element was click
2021-06-09 00:41:40   INFO [ElementFromDropDown.DropDown] : -----SelectElementFromDropDown was ended ---------
2021-06-09 00:42:08   INFO [SearchClothes.Search] : -----EnterandSeacrhClothes was started ---------
2021-06-09 00:42:14   INFO [pages.LoginPage] : Login page was opened
2021-06-09 00:42:44  ERROR [pages.HomePage] : Can not work with element org.openqa.selenium.TimeoutException: Expected condition failed: waiting for visibility of Seacrh Field (tried for 15 second(s) with 500 milliseconds interval)
2021-06-09 00:42:44   INFO [SearchClothes.Search] : -----EnterandSeacrhClothes was ended ---------
2021-06-09 00:43:15   INFO [SearchClothes.Search] : -----EnterandSeacrhClothes was started ---------
2021-06-09 00:43:24   INFO [pages.LoginPage] : Login page was opened
2021-06-09 00:43:24   INFO [pages.HomePage] : 'Blouse' was inputted in element 'Seacrh Field'
2021-06-09 00:43:26   INFO [pages.HomePage] : 'Click On Seacrch Button' Element was click
2021-06-09 00:43:26   INFO [pages.HomePage] :  Element present 'Check Clothes Existing'
2021-06-09 00:43:26   INFO [SearchClothes.Search] : -----EnterandSeacrhClothes was ended ---------
2021-06-09 00:43:56   INFO [LogIn.LogInWithExistingUser] : -----ExistingUser was started ---------
2021-06-09 00:44:02   INFO [pages.LoginPage] : Login page was opened
2021-06-09 00:44:03   INFO [pages.LoginPage] :  Element was click
2021-06-09 00:44:04   INFO [pages.LoginPage] : 'valerinskaya9972@gmail.com' was inputted in element 
2021-06-09 00:44:04   INFO [pages.LoginPage] : '.Cp9P4QtS5VatBk' was inputted in element 
2021-06-09 00:44:05   INFO [pages.LoginPage] :  Element was click
2021-06-09 00:44:36   INFO [pages.HomePage] : Element is not present
2021-06-09 00:44:36   INFO [LogIn.LogInWithExistingUser] : -----ExistingUser was ended ---------
2021-06-09 00:45:49   INFO [LogIn.LogInWithExistingUser] : -----ExistingUser was started ---------
2021-06-09 00:45:55   INFO [pages.LoginPage] : Login page was opened
2021-06-09 00:45:57   INFO [pages.LoginPage] :  Element was click
2021-06-09 00:45:57   INFO [pages.LoginPage] : 'valerinskaya9972@gmail.com' was inputted in element 
2021-06-09 00:45:57   INFO [pages.LoginPage] : '.Cp9P4QtS5VatBk' was inputted in element 
2021-06-09 00:45:59   INFO [pages.LoginPage] :  Element was click
2021-06-09 00:46:29   INFO [pages.HomePage] : Element is not present
2021-06-09 00:46:29   INFO [LogIn.LogInWithExistingUser] : -----ExistingUser was ended ---------
2021-06-09 00:47:22   INFO [LogIn.LogInWithExistingUser] : -----ExistingUser was started ---------
2021-06-09 00:47:28   INFO [pages.LoginPage] : Login page was opened
2021-06-09 00:47:30   INFO [pages.LoginPage] :  Element was click
2021-06-09 00:47:30   INFO [pages.LoginPage] : 'valerinskaya9972@gmail.com' was inputted in element 
2021-06-09 00:47:30   INFO [pages.LoginPage] : '.Cp9P4QtS5VatBk' was inputted in element 
2021-06-09 00:47:32   INFO [pages.LoginPage] :  Element was click
2021-06-09 00:47:32   INFO [pages.HomePage] :  Element present 
2021-06-09 00:47:32   INFO [LogIn.LogInWithExistingUser] : -----ExistingUser was ended ---------
2021-06-09 00:47:57   INFO [LogIn.LogInWithExistingUser] : -----ExistingUser was started ---------
2021-06-09 00:48:02   INFO [pages.LoginPage] : Login page was opened
2021-06-09 00:48:05   INFO [pages.LoginPage] :  Element was click
2021-06-09 00:48:05   INFO [pages.LoginPage] : 'valerinskaya9972@gmail.com' was inputted in element 
2021-06-09 00:48:05   INFO [pages.LoginPage] : '.Cp9P4QtS5VatBk' was inputted in element 
2021-06-09 00:48:07   INFO [pages.LoginPage] :  Element was click
2021-06-09 00:48:07   INFO [pages.HomePage] :  Element present 
2021-06-09 00:48:07   INFO [LogIn.LogInWithExistingUser] : -----ExistingUser was ended ---------
